running develop
running egg_info
creating ai_slam_bringup.egg-info
writing ai_slam_bringup.egg-info/PKG-INFO
writing dependency_links to ai_slam_bringup.egg-info/dependency_links.txt
writing entry points to ai_slam_bringup.egg-info/entry_points.txt
writing requirements to ai_slam_bringup.egg-info/requires.txt
writing top-level names to ai_slam_bringup.egg-info/top_level.txt
writing manifest file 'ai_slam_bringup.egg-info/SOURCES.txt'
reading manifest file 'ai_slam_bringup.egg-info/SOURCES.txt'
writing manifest file 'ai_slam_bringup.egg-info/SOURCES.txt'
running build_ext
Creating /home/matejko/SLAM_AI/install/ai_slam_bringup/lib/python3.12/site-packages/ai-slam-bringup.egg-link (link to .)
Installing auto_driver script to /home/matejko/SLAM_AI/install/ai_slam_bringup/lib/ai_slam_bringup
Installing gt_pose_publisher script to /home/matejko/SLAM_AI/install/ai_slam_bringup/lib/ai_slam_bringup
Installing lifecycle_manager script to /home/matejko/SLAM_AI/install/ai_slam_bringup/lib/ai_slam_bringup
Installing odom_corruptor script to /home/matejko/SLAM_AI/install/ai_slam_bringup/lib/ai_slam_bringup
Installing scan_fix script to /home/matejko/SLAM_AI/install/ai_slam_bringup/lib/ai_slam_bringup

Installed /home/matejko/SLAM_AI/build/ai_slam_bringup
running symlink_data
creating /home/matejko/SLAM_AI/install/ai_slam_bringup/share/ament_index
creating /home/matejko/SLAM_AI/install/ai_slam_bringup/share/ament_index/resource_index
creating /home/matejko/SLAM_AI/install/ai_slam_bringup/share/ament_index/resource_index/packages
symbolically linking /home/matejko/SLAM_AI/build/ai_slam_bringup/resource/ai_slam_bringup -> /home/matejko/SLAM_AI/install/ai_slam_bringup/share/ament_index/resource_index/packages
symbolically linking /home/matejko/SLAM_AI/build/ai_slam_bringup/package.xml -> /home/matejko/SLAM_AI/install/ai_slam_bringup/share/ai_slam_bringup
creating /home/matejko/SLAM_AI/install/ai_slam_bringup/share/ai_slam_bringup/launch
symbolically linking /home/matejko/SLAM_AI/build/ai_slam_bringup/launch/demo.launch.py -> /home/matejko/SLAM_AI/install/ai_slam_bringup/share/ai_slam_bringup/launch
creating /home/matejko/SLAM_AI/install/ai_slam_bringup/share/ai_slam_bringup/config
symbolically linking /home/matejko/SLAM_AI/build/ai_slam_bringup/config/slam_toolbox_ai.yaml -> /home/matejko/SLAM_AI/install/ai_slam_bringup/share/ai_slam_bringup/config
symbolically linking /home/matejko/SLAM_AI/build/ai_slam_bringup/config/slam_toolbox_baseline.yaml -> /home/matejko/SLAM_AI/install/ai_slam_bringup/share/ai_slam_bringup/config
