[2.374s] Invoking command in '/home/matejko/SLAM_AI/build/ai_slam_bringup': AMENT_PREFIX_PATH=/home/matejko/SLAM_AI/install/ai_slam_gazebo:/home/matejko/SLAM_AI/install/ai_slam_eval:/home/matejko/SLAM_AI/install/ai_slam_description:/home/matejko/SLAM_AI/install/ai_slam_ai:/home/matejko/SLAM_AI/install/ai_slam_bringup:/opt/ros/jazzy PS1=(.venv) \[\e]0;\u@\h: \w\a\]${debian_chroot:+($debian_chroot)}\[\033[01;32m\]\u@\h\[\033[00m\]:\[\033[01;34m\]\w\[\033[00m\]\$ PYTHONPATH=/home/matejko/SLAM_AI/build/ai_slam_bringup/prefix_override:/usr/lib/python3/dist-packages/colcon_core/task/python/colcon_distutils_commands:/home/matejko/SLAM_AI/install/ai_slam_bringup/lib/python3.12/site-packages:/home/matejko/SLAM_AI/build/ai_slam_gazebo:/home/matejko/SLAM_AI/install/ai_slam_gazebo/lib/python3.12/site-packages:/home/matejko/SLAM_AI/build/ai_slam_eval:/home/matejko/SLAM_AI/install/ai_slam_eval/lib/python3.12/site-packages:/home/matejko/SLAM_AI/build/ai_slam_description:/home/matejko/SLAM_AI/install/ai_slam_description/lib/python3.12/site-packages:/home/matejko/SLAM_AI/build/ai_slam_ai:/home/matejko/SLAM_AI/install/ai_slam_ai/lib/python3.12/site-packages:/home/matejko/SLAM_AI/build/ai_slam_bringup:/home/matejko/SLAM_AI/install/ai_slam_bringup/lib/python3.12/site-packages:/opt/ros/jazzy/lib/python3.12/site-packages VIRTUAL_ENV_PROMPT=(.venv) /usr/bin/python3 -W ignore:setup.py install is deprecated -W ignore:easy_install command is deprecated setup.py develop --editable --build-directory /home/matejko/SLAM_AI/build/ai_slam_bringup/build --no-deps symlink_data
[2.579s] running develop
[2.710s] running egg_info
[2.724s] writing ai_slam_bringup.egg-info/PKG-INFO
[2.724s] writing dependency_links to ai_slam_bringup.egg-info/dependency_links.txt
[2.724s] writing entry points to ai_slam_bringup.egg-info/entry_points.txt
[2.724s] writing requirements to ai_slam_bringup.egg-info/requires.txt
[2.724s] writing top-level names to ai_slam_bringup.egg-info/top_level.txt
[2.751s] reading manifest file 'ai_slam_bringup.egg-info/SOURCES.txt'
[2.752s] writing manifest file 'ai_slam_bringup.egg-info/SOURCES.txt'
[2.765s] running build_ext
[2.765s] Creating /home/matejko/SLAM_AI/install/ai_slam_bringup/lib/python3.12/site-packages/ai-slam-bringup.egg-link (link to .)
[2.766s] Installing auto_driver script to /home/matejko/SLAM_AI/install/ai_slam_bringup/lib/ai_slam_bringup
[2.766s] Installing gt_pose_publisher script to /home/matejko/SLAM_AI/install/ai_slam_bringup/lib/ai_slam_bringup
[2.766s] Installing lifecycle_manager script to /home/matejko/SLAM_AI/install/ai_slam_bringup/lib/ai_slam_bringup
[2.766s] Installing odom_corruptor script to /home/matejko/SLAM_AI/install/ai_slam_bringup/lib/ai_slam_bringup
[2.767s] Installing scan_fix script to /home/matejko/SLAM_AI/install/ai_slam_bringup/lib/ai_slam_bringup
[2.767s] 
[2.767s] Installed /home/matejko/SLAM_AI/build/ai_slam_bringup
[2.767s] running symlink_data
[2.786s] Invoked command in '/home/matejko/SLAM_AI/build/ai_slam_bringup' returned '0': AMENT_PREFIX_PATH=/home/matejko/SLAM_AI/install/ai_slam_gazebo:/home/matejko/SLAM_AI/install/ai_slam_eval:/home/matejko/SLAM_AI/install/ai_slam_description:/home/matejko/SLAM_AI/install/ai_slam_ai:/home/matejko/SLAM_AI/install/ai_slam_bringup:/opt/ros/jazzy PS1=(.venv) \[\e]0;\u@\h: \w\a\]${debian_chroot:+($debian_chroot)}\[\033[01;32m\]\u@\h\[\033[00m\]:\[\033[01;34m\]\w\[\033[00m\]\$ PYTHONPATH=/home/matejko/SLAM_AI/build/ai_slam_bringup/prefix_override:/usr/lib/python3/dist-packages/colcon_core/task/python/colcon_distutils_commands:/home/matejko/SLAM_AI/install/ai_slam_bringup/lib/python3.12/site-packages:/home/matejko/SLAM_AI/build/ai_slam_gazebo:/home/matejko/SLAM_AI/install/ai_slam_gazebo/lib/python3.12/site-packages:/home/matejko/SLAM_AI/build/ai_slam_eval:/home/matejko/SLAM_AI/install/ai_slam_eval/lib/python3.12/site-packages:/home/matejko/SLAM_AI/build/ai_slam_description:/home/matejko/SLAM_AI/install/ai_slam_description/lib/python3.12/site-packages:/home/matejko/SLAM_AI/build/ai_slam_ai:/home/matejko/SLAM_AI/install/ai_slam_ai/lib/python3.12/site-packages:/home/matejko/SLAM_AI/build/ai_slam_bringup:/home/matejko/SLAM_AI/install/ai_slam_bringup/lib/python3.12/site-packages:/opt/ros/jazzy/lib/python3.12/site-packages VIRTUAL_ENV_PROMPT=(.venv) /usr/bin/python3 -W ignore:setup.py install is deprecated -W ignore:easy_install command is deprecated setup.py develop --editable --build-directory /home/matejko/SLAM_AI/build/ai_slam_bringup/build --no-deps symlink_data
