[0.543s] [34mcolcon[0m [1;30mDEBUG[0m [32mCommand line arguments: ['C:\\Users\\rjane\\AppData\\Local\\Programs\\Python\\Python310\\Scripts\\colcon', 'build', '--packages-select', 'ai_slam_eval', '--symlink-install'][0m
[0.545s] [34mcolcon[0m [1;30mDEBUG[0m [32mParsed command line arguments: Namespace(log_base=None, log_level=None, verb_name='build', build_base='build', install_base='install', merge_install=False, symlink_install=True, test_result_base=None, continue_on_error=False, executor='parallel', parallel_workers=20, event_handlers=None, ignore_user_meta=False, metas=['./colcon.meta'], base_paths=['.'], packages_ignore=None, packages_ignore_regex=None, paths=None, packages_up_to=None, packages_up_to_regex=None, packages_above=None, packages_above_and_dependencies=None, packages_above_depth=None, packages_select_by_dep=None, packages_skip_by_dep=None, packages_skip_up_to=None, packages_select_build_failed=False, packages_skip_build_finished=False, packages_select_test_failures=False, packages_skip_test_passed=False, packages_select=['ai_slam_eval'], packages_skip=None, packages_select_regex=None, packages_skip_regex=None, packages_start=None, packages_end=None, cmake_args=None, cmake_target=None, cmake_target_skip_unavailable=False, cmake_clean_cache=False, cmake_clean_first=False, cmake_force_configure=False, ament_cmake_args=None, catkin_cmake_args=None, catkin_skip_building_tests=False, verb_parser=<colcon_defaults.argument_parser.defaults.DefaultArgumentsDecorator object at 0x000001F6088E3DC0>, verb_extension=<colcon_core.verb.build.BuildVerb object at 0x000001F60877BD00>, main=<bound method BuildVerb.main of <colcon_core.verb.build.BuildVerb object at 0x000001F60877BD00>>)[0m
[0.977s] [34mcolcon.colcon_core.package_discovery[0m [1;30mLevel 1[0m discover_packages(colcon_meta) check parameters
[0.977s] [34mcolcon.colcon_core.package_discovery[0m [1;30mLevel 1[0m discover_packages(recursive) check parameters
[0.978s] [34mcolcon.colcon_core.package_discovery[0m [1;30mLevel 1[0m discover_packages(ignore) check parameters
[0.978s] [34mcolcon.colcon_core.package_discovery[0m [1;30mLevel 1[0m discover_packages(path) check parameters
[0.979s] [34mcolcon.colcon_core.package_discovery[0m [1;30mLevel 1[0m discover_packages(colcon_meta) discover
[0.979s] [34mcolcon.colcon_core.package_discovery[0m [1;30mLevel 1[0m discover_packages(recursive) discover
[0.979s] [34mcolcon.colcon_core.package_discovery[0m [1;30mINFO[0m Crawling recursively for packages in '\\wsl.localhost\Ubuntu\home\matejko\SLAM_AI'
[0.985s] [34mcolcon.colcon_core.package_identification[0m [1;30mLevel 1[0m _identify(.) by extensions ['ignore', 'ignore_ament_install']
[0.985s] [34mcolcon.colcon_core.package_identification[0m [1;30mLevel 1[0m _identify(.) by extension 'ignore'
[0.985s] [34mcolcon.colcon_core.package_identification[0m [1;30mLevel 1[0m _identify(.) by extension 'ignore_ament_install'
[0.986s] [34mcolcon.colcon_core.package_identification[0m [1;30mLevel 1[0m _identify(.) by extensions ['colcon_pkg']
[0.986s] [34mcolcon.colcon_core.package_identification[0m [1;30mLevel 1[0m _identify(.) by extension 'colcon_pkg'
[0.987s] [34mcolcon.colcon_core.package_identification[0m [1;30mLevel 1[0m _identify(.) by extensions ['colcon_meta']
[0.987s] [34mcolcon.colcon_core.package_identification[0m [1;30mLevel 1[0m _identify(.) by extension 'colcon_meta'
[0.993s] [34mcolcon.colcon_core.package_identification[0m [1;30mLevel 1[0m _identify(.) by extensions ['ros']
[0.994s] [34mcolcon.colcon_core.package_identification[0m [1;30mLevel 1[0m _identify(.) by extension 'ros'
[1.018s] [34mcolcon.colcon_core.package_identification[0m [1;30mLevel 1[0m _identify(.) by extensions ['cmake', 'python']
[1.018s] [34mcolcon.colcon_core.package_identification[0m [1;30mLevel 1[0m _identify(.) by extension 'cmake'
[1.019s] [34mcolcon.colcon_core.package_identification[0m [1;30mLevel 1[0m _identify(.) by extension 'python'
[1.020s] [34mcolcon.colcon_core.package_identification[0m [1;30mLevel 1[0m _identify(.) by extensions ['python_setup_py']
[1.020s] [34mcolcon.colcon_core.package_identification[0m [1;30mLevel 1[0m _identify(.) by extension 'python_setup_py'
[1.026s] [34mcolcon.colcon_core.package_identification[0m [1;30mLevel 1[0m _identify(ai_slam_ws) by extensions ['ignore', 'ignore_ament_install']
[1.027s] [34mcolcon.colcon_core.package_identification[0m [1;30mLevel 1[0m _identify(ai_slam_ws) by extension 'ignore'
[1.028s] [34mcolcon.colcon_core.package_identification[0m [1;30mLevel 1[0m _identify(ai_slam_ws) by extension 'ignore_ament_install'
[1.029s] [34mcolcon.colcon_core.package_identification[0m [1;30mLevel 1[0m _identify(ai_slam_ws) by extensions ['colcon_pkg']
[1.029s] [34mcolcon.colcon_core.package_identification[0m [1;30mLevel 1[0m _identify(ai_slam_ws) by extension 'colcon_pkg'
[1.029s] [34mcolcon.colcon_core.package_identification[0m [1;30mLevel 1[0m _identify(ai_slam_ws) by extensions ['colcon_meta']
[1.030s] [34mcolcon.colcon_core.package_identification[0m [1;30mLevel 1[0m _identify(ai_slam_ws) by extension 'colcon_meta'
[1.035s] [34mcolcon.colcon_core.package_identification[0m [1;30mLevel 1[0m _identify(ai_slam_ws) by extensions ['ros']
[1.036s] [34mcolcon.colcon_core.package_identification[0m [1;30mLevel 1[0m _identify(ai_slam_ws) by extension 'ros'
[1.037s] [34mcolcon.colcon_core.package_identification[0m [1;30mLevel 1[0m _identify(ai_slam_ws) by extensions ['cmake', 'python']
[1.037s] [34mcolcon.colcon_core.package_identification[0m [1;30mLevel 1[0m _identify(ai_slam_ws) by extension 'cmake'
[1.037s] [34mcolcon.colcon_core.package_identification[0m [1;30mLevel 1[0m _identify(ai_slam_ws) by extension 'python'
[1.037s] [34mcolcon.colcon_core.package_identification[0m [1;30mLevel 1[0m _identify(ai_slam_ws) by extensions ['python_setup_py']
[1.037s] [34mcolcon.colcon_core.package_identification[0m [1;30mLevel 1[0m _identify(ai_slam_ws) by extension 'python_setup_py'
[1.046s] [34mcolcon.colcon_core.package_identification[0m [1;30mLevel 1[0m _identify(ai_slam_ws\build) by extensions ['ignore', 'ignore_ament_install']
[1.047s] [34mcolcon.colcon_core.package_identification[0m [1;30mLevel 1[0m _identify(ai_slam_ws\build) by extension 'ignore'
[1.048s] [34mcolcon.colcon_core.package_identification[0m [1;30mLevel 1[0m _identify(ai_slam_ws\build) ignored
[1.055s] [34mcolcon.colcon_core.package_identification[0m [1;30mLevel 1[0m _identify(ai_slam_ws\install) by extensions ['ignore', 'ignore_ament_install']
[1.055s] [34mcolcon.colcon_core.package_identification[0m [1;30mLevel 1[0m _identify(ai_slam_ws\install) by extension 'ignore'
[1.056s] [34mcolcon.colcon_core.package_identification[0m [1;30mLevel 1[0m _identify(ai_slam_ws\install) ignored
[1.064s] [34mcolcon.colcon_core.package_identification[0m [1;30mLevel 1[0m _identify(ai_slam_ws\log) by extensions ['ignore', 'ignore_ament_install']
[1.064s] [34mcolcon.colcon_core.package_identification[0m [1;30mLevel 1[0m _identify(ai_slam_ws\log) by extension 'ignore'
[1.065s] [34mcolcon.colcon_core.package_identification[0m [1;30mLevel 1[0m _identify(ai_slam_ws\log) ignored
[1.072s] [34mcolcon.colcon_core.package_identification[0m [1;30mLevel 1[0m _identify(ai_slam_ws\out) by extensions ['ignore', 'ignore_ament_install']
[1.072s] [34mcolcon.colcon_core.package_identification[0m [1;30mLevel 1[0m _identify(ai_slam_ws\out) by extension 'ignore'
[1.073s] [34mcolcon.colcon_core.package_identification[0m [1;30mLevel 1[0m _identify(ai_slam_ws\out) by extension 'ignore_ament_install'
[1.073s] [34mcolcon.colcon_core.package_identification[0m [1;30mLevel 1[0m _identify(ai_slam_ws\out) by extensions ['colcon_pkg']
[1.073s] [34mcolcon.colcon_core.package_identification[0m [1;30mLevel 1[0m _identify(ai_slam_ws\out) by extension 'colcon_pkg'
[1.075s] [34mcolcon.colcon_core.package_identification[0m [1;30mLevel 1[0m _identify(ai_slam_ws\out) by extensions ['colcon_meta']
[1.075s] [34mcolcon.colcon_core.package_identification[0m [1;30mLevel 1[0m _identify(ai_slam_ws\out) by extension 'colcon_meta'
[1.082s] [34mcolcon.colcon_core.package_identification[0m [1;30mLevel 1[0m _identify(ai_slam_ws\out) by extensions ['ros']
[1.082s] [34mcolcon.colcon_core.package_identification[0m [1;30mLevel 1[0m _identify(ai_slam_ws\out) by extension 'ros'
[1.083s] [34mcolcon.colcon_core.package_identification[0m [1;30mLevel 1[0m _identify(ai_slam_ws\out) by extensions ['cmake', 'python']
[1.083s] [34mcolcon.colcon_core.package_identification[0m [1;30mLevel 1[0m _identify(ai_slam_ws\out) by extension 'cmake'
[1.083s] [34mcolcon.colcon_core.package_identification[0m [1;30mLevel 1[0m _identify(ai_slam_ws\out) by extension 'python'
[1.085s] [34mcolcon.colcon_core.package_identification[0m [1;30mLevel 1[0m _identify(ai_slam_ws\out) by extensions ['python_setup_py']
[1.085s] [34mcolcon.colcon_core.package_identification[0m [1;30mLevel 1[0m _identify(ai_slam_ws\out) by extension 'python_setup_py'
[1.094s] [34mcolcon.colcon_core.package_identification[0m [1;30mLevel 1[0m _identify(ai_slam_ws\out\exp_20260103_103836) by extensions ['ignore', 'ignore_ament_install']
[1.094s] [34mcolcon.colcon_core.package_identification[0m [1;30mLevel 1[0m _identify(ai_slam_ws\out\exp_20260103_103836) by extension 'ignore'
[1.095s] [34mcolcon.colcon_core.package_identification[0m [1;30mLevel 1[0m _identify(ai_slam_ws\out\exp_20260103_103836) by extension 'ignore_ament_install'
[1.095s] [34mcolcon.colcon_core.package_identification[0m [1;30mLevel 1[0m _identify(ai_slam_ws\out\exp_20260103_103836) by extensions ['colcon_pkg']
[1.097s] [34mcolcon.colcon_core.package_identification[0m [1;30mLevel 1[0m _identify(ai_slam_ws\out\exp_20260103_103836) by extension 'colcon_pkg'
[1.098s] [34mcolcon.colcon_core.package_identification[0m [1;30mLevel 1[0m _identify(ai_slam_ws\out\exp_20260103_103836) by extensions ['colcon_meta']
[1.098s] [34mcolcon.colcon_core.package_identification[0m [1;30mLevel 1[0m _identify(ai_slam_ws\out\exp_20260103_103836) by extension 'colcon_meta'
[1.104s] [34mcolcon.colcon_core.package_identification[0m [1;30mLevel 1[0m _identify(ai_slam_ws\out\exp_20260103_103836) by extensions ['ros']
[1.104s] [34mcolcon.colcon_core.package_identification[0m [1;30mLevel 1[0m _identify(ai_slam_ws\out\exp_20260103_103836) by extension 'ros'
[1.106s] [34mcolcon.colcon_core.package_identification[0m [1;30mLevel 1[0m _identify(ai_slam_ws\out\exp_20260103_103836) by extensions ['cmake', 'python']
[1.106s] [34mcolcon.colcon_core.package_identification[0m [1;30mLevel 1[0m _identify(ai_slam_ws\out\exp_20260103_103836) by extension 'cmake'
[1.106s] [34mcolcon.colcon_core.package_identification[0m [1;30mLevel 1[0m _identify(ai_slam_ws\out\exp_20260103_103836) by extension 'python'
[1.107s] [34mcolcon.colcon_core.package_identification[0m [1;30mLevel 1[0m _identify(ai_slam_ws\out\exp_20260103_103836) by extensions ['python_setup_py']
[1.107s] [34mcolcon.colcon_core.package_identification[0m [1;30mLevel 1[0m _identify(ai_slam_ws\out\exp_20260103_103836) by extension 'python_setup_py'
[1.116s] [34mcolcon.colcon_core.package_identification[0m [1;30mLevel 1[0m _identify(ai_slam_ws\out\exp_20260103_105056) by extensions ['ignore', 'ignore_ament_install']
[1.116s] [34mcolcon.colcon_core.package_identification[0m [1;30mLevel 1[0m _identify(ai_slam_ws\out\exp_20260103_105056) by extension 'ignore'
[1.117s] [34mcolcon.colcon_core.package_identification[0m [1;30mLevel 1[0m _identify(ai_slam_ws\out\exp_20260103_105056) by extension 'ignore_ament_install'
[1.118s] [34mcolcon.colcon_core.package_identification[0m [1;30mLevel 1[0m _identify(ai_slam_ws\out\exp_20260103_105056) by extensions ['colcon_pkg']
[1.118s] [34mcolcon.colcon_core.package_identification[0m [1;30mLevel 1[0m _identify(ai_slam_ws\out\exp_20260103_105056) by extension 'colcon_pkg'
[1.119s] [34mcolcon.colcon_core.package_identification[0m [1;30mLevel 1[0m _identify(ai_slam_ws\out\exp_20260103_105056) by extensions ['colcon_meta']
[1.119s] [34mcolcon.colcon_core.package_identification[0m [1;30mLevel 1[0m _identify(ai_slam_ws\out\exp_20260103_105056) by extension 'colcon_meta'
[1.126s] [34mcolcon.colcon_core.package_identification[0m [1;30mLevel 1[0m _identify(ai_slam_ws\out\exp_20260103_105056) by extensions ['ros']
[1.126s] [34mcolcon.colcon_core.package_identification[0m [1;30mLevel 1[0m _identify(ai_slam_ws\out\exp_20260103_105056) by extension 'ros'
[1.128s] [34mcolcon.colcon_core.package_identification[0m [1;30mLevel 1[0m _identify(ai_slam_ws\out\exp_20260103_105056) by extensions ['cmake', 'python']
[1.129s] [34mcolcon.colcon_core.package_identification[0m [1;30mLevel 1[0m _identify(ai_slam_ws\out\exp_20260103_105056) by extension 'cmake'
[1.130s] [34mcolcon.colcon_core.package_identification[0m [1;30mLevel 1[0m _identify(ai_slam_ws\out\exp_20260103_105056) by extension 'python'
[1.130s] [34mcolcon.colcon_core.package_identification[0m [1;30mLevel 1[0m _identify(ai_slam_ws\out\exp_20260103_105056) by extensions ['python_setup_py']
[1.130s] [34mcolcon.colcon_core.package_identification[0m [1;30mLevel 1[0m _identify(ai_slam_ws\out\exp_20260103_105056) by extension 'python_setup_py'
[1.138s] [34mcolcon.colcon_core.package_identification[0m [1;30mLevel 1[0m _identify(ai_slam_ws\out\exp_20260103_110303) by extensions ['ignore', 'ignore_ament_install']
[1.138s] [34mcolcon.colcon_core.package_identification[0m [1;30mLevel 1[0m _identify(ai_slam_ws\out\exp_20260103_110303) by extension 'ignore'
[1.138s] [34mcolcon.colcon_core.package_identification[0m [1;30mLevel 1[0m _identify(ai_slam_ws\out\exp_20260103_110303) by extension 'ignore_ament_install'
[1.138s] [34mcolcon.colcon_core.package_identification[0m [1;30mLevel 1[0m _identify(ai_slam_ws\out\exp_20260103_110303) by extensions ['colcon_pkg']
[1.139s] [34mcolcon.colcon_core.package_identification[0m [1;30mLevel 1[0m _identify(ai_slam_ws\out\exp_20260103_110303) by extension 'colcon_pkg'
[1.139s] [34mcolcon.colcon_core.package_identification[0m [1;30mLevel 1[0m _identify(ai_slam_ws\out\exp_20260103_110303) by extensions ['colcon_meta']
[1.139s] [34mcolcon.colcon_core.package_identification[0m [1;30mLevel 1[0m _identify(ai_slam_ws\out\exp_20260103_110303) by extension 'colcon_meta'
[1.147s] [34mcolcon.colcon_core.package_identification[0m [1;30mLevel 1[0m _identify(ai_slam_ws\out\exp_20260103_110303) by extensions ['ros']
[1.147s] [34mcolcon.colcon_core.package_identification[0m [1;30mLevel 1[0m _identify(ai_slam_ws\out\exp_20260103_110303) by extension 'ros'
[1.148s] [34mcolcon.colcon_core.package_identification[0m [1;30mLevel 1[0m _identify(ai_slam_ws\out\exp_20260103_110303) by extensions ['cmake', 'python']
[1.148s] [34mcolcon.colcon_core.package_identification[0m [1;30mLevel 1[0m _identify(ai_slam_ws\out\exp_20260103_110303) by extension 'cmake'
[1.148s] [34mcolcon.colcon_core.package_identification[0m [1;30mLevel 1[0m _identify(ai_slam_ws\out\exp_20260103_110303) by extension 'python'
[1.150s] [34mcolcon.colcon_core.package_identification[0m [1;30mLevel 1[0m _identify(ai_slam_ws\out\exp_20260103_110303) by extensions ['python_setup_py']
[1.150s] [34mcolcon.colcon_core.package_identification[0m [1;30mLevel 1[0m _identify(ai_slam_ws\out\exp_20260103_110303) by extension 'python_setup_py'
[1.157s] [34mcolcon.colcon_core.package_identification[0m [1;30mLevel 1[0m _identify(ai_slam_ws\out\exp_20260103_110352) by extensions ['ignore', 'ignore_ament_install']
[1.159s] [34mcolcon.colcon_core.package_identification[0m [1;30mLevel 1[0m _identify(ai_slam_ws\out\exp_20260103_110352) by extension 'ignore'
[1.160s] [34mcolcon.colcon_core.package_identification[0m [1;30mLevel 1[0m _identify(ai_slam_ws\out\exp_20260103_110352) by extension 'ignore_ament_install'
[1.160s] [34mcolcon.colcon_core.package_identification[0m [1;30mLevel 1[0m _identify(ai_slam_ws\out\exp_20260103_110352) by extensions ['colcon_pkg']
[1.160s] [34mcolcon.colcon_core.package_identification[0m [1;30mLevel 1[0m _identify(ai_slam_ws\out\exp_20260103_110352) by extension 'colcon_pkg'
[1.160s] [34mcolcon.colcon_core.package_identification[0m [1;30mLevel 1[0m _identify(ai_slam_ws\out\exp_20260103_110352) by extensions ['colcon_meta']
[1.160s] [34mcolcon.colcon_core.package_identification[0m [1;30mLevel 1[0m _identify(ai_slam_ws\out\exp_20260103_110352) by extension 'colcon_meta'
[1.167s] [34mcolcon.colcon_core.package_identification[0m [1;30mLevel 1[0m _identify(ai_slam_ws\out\exp_20260103_110352) by extensions ['ros']
[1.167s] [34mcolcon.colcon_core.package_identification[0m [1;30mLevel 1[0m _identify(ai_slam_ws\out\exp_20260103_110352) by extension 'ros'
[1.168s] [34mcolcon.colcon_core.package_identification[0m [1;30mLevel 1[0m _identify(ai_slam_ws\out\exp_20260103_110352) by extensions ['cmake', 'python']
[1.170s] [34mcolcon.colcon_core.package_identification[0m [1;30mLevel 1[0m _identify(ai_slam_ws\out\exp_20260103_110352) by extension 'cmake'
[1.170s] [34mcolcon.colcon_core.package_identification[0m [1;30mLevel 1[0m _identify(ai_slam_ws\out\exp_20260103_110352) by extension 'python'
[1.170s] [34mcolcon.colcon_core.package_identification[0m [1;30mLevel 1[0m _identify(ai_slam_ws\out\exp_20260103_110352) by extensions ['python_setup_py']
[1.171s] [34mcolcon.colcon_core.package_identification[0m [1;30mLevel 1[0m _identify(ai_slam_ws\out\exp_20260103_110352) by extension 'python_setup_py'
[1.178s] [34mcolcon.colcon_core.package_identification[0m [1;30mLevel 1[0m _identify(ai_slam_ws\out\exp_20260103_110427) by extensions ['ignore', 'ignore_ament_install']
[1.178s] [34mcolcon.colcon_core.package_identification[0m [1;30mLevel 1[0m _identify(ai_slam_ws\out\exp_20260103_110427) by extension 'ignore'
[1.178s] [34mcolcon.colcon_core.package_identification[0m [1;30mLevel 1[0m _identify(ai_slam_ws\out\exp_20260103_110427) by extension 'ignore_ament_install'
[1.180s] [34mcolcon.colcon_core.package_identification[0m [1;30mLevel 1[0m _identify(ai_slam_ws\out\exp_20260103_110427) by extensions ['colcon_pkg']
[1.180s] [34mcolcon.colcon_core.package_identification[0m [1;30mLevel 1[0m _identify(ai_slam_ws\out\exp_20260103_110427) by extension 'colcon_pkg'
[1.180s] [34mcolcon.colcon_core.package_identification[0m [1;30mLevel 1[0m _identify(ai_slam_ws\out\exp_20260103_110427) by extensions ['colcon_meta']
[1.182s] [34mcolcon.colcon_core.package_identification[0m [1;30mLevel 1[0m _identify(ai_slam_ws\out\exp_20260103_110427) by extension 'colcon_meta'
[1.187s] [34mcolcon.colcon_core.package_identification[0m [1;30mLevel 1[0m _identify(ai_slam_ws\out\exp_20260103_110427) by extensions ['ros']
[1.187s] [34mcolcon.colcon_core.package_identification[0m [1;30mLevel 1[0m _identify(ai_slam_ws\out\exp_20260103_110427) by extension 'ros'
[1.189s] [34mcolcon.colcon_core.package_identification[0m [1;30mLevel 1[0m _identify(ai_slam_ws\out\exp_20260103_110427) by extensions ['cmake', 'python']
[1.189s] [34mcolcon.colcon_core.package_identification[0m [1;30mLevel 1[0m _identify(ai_slam_ws\out\exp_20260103_110427) by extension 'cmake'
[1.190s] [34mcolcon.colcon_core.package_identification[0m [1;30mLevel 1[0m _identify(ai_slam_ws\out\exp_20260103_110427) by extension 'python'
[1.192s] [34mcolcon.colcon_core.package_identification[0m [1;30mLevel 1[0m _identify(ai_slam_ws\out\exp_20260103_110427) by extensions ['python_setup_py']
[1.192s] [34mcolcon.colcon_core.package_identification[0m [1;30mLevel 1[0m _identify(ai_slam_ws\out\exp_20260103_110427) by extension 'python_setup_py'
[1.201s] [34mcolcon.colcon_core.package_identification[0m [1;30mLevel 1[0m _identify(ai_slam_ws\out\exp_20260103_110849) by extensions ['ignore', 'ignore_ament_install']
[1.202s] [34mcolcon.colcon_core.package_identification[0m [1;30mLevel 1[0m _identify(ai_slam_ws\out\exp_20260103_110849) by extension 'ignore'
[1.205s] [34mcolcon.colcon_core.package_identification[0m [1;30mLevel 1[0m _identify(ai_slam_ws\out\exp_20260103_110849) by extension 'ignore_ament_install'
[1.206s] [34mcolcon.colcon_core.package_identification[0m [1;30mLevel 1[0m _identify(ai_slam_ws\out\exp_20260103_110849) by extensions ['colcon_pkg']
[1.207s] [34mcolcon.colcon_core.package_identification[0m [1;30mLevel 1[0m _identify(ai_slam_ws\out\exp_20260103_110849) by extension 'colcon_pkg'
[1.207s] [34mcolcon.colcon_core.package_identification[0m [1;30mLevel 1[0m _identify(ai_slam_ws\out\exp_20260103_110849) by extensions ['colcon_meta']
[1.207s] [34mcolcon.colcon_core.package_identification[0m [1;30mLevel 1[0m _identify(ai_slam_ws\out\exp_20260103_110849) by extension 'colcon_meta'
[1.220s] [34mcolcon.colcon_core.package_identification[0m [1;30mLevel 1[0m _identify(ai_slam_ws\out\exp_20260103_110849) by extensions ['ros']
[1.222s] [34mcolcon.colcon_core.package_identification[0m [1;30mLevel 1[0m _identify(ai_slam_ws\out\exp_20260103_110849) by extension 'ros'
[1.223s] [34mcolcon.colcon_core.package_identification[0m [1;30mLevel 1[0m _identify(ai_slam_ws\out\exp_20260103_110849) by extensions ['cmake', 'python']
[1.223s] [34mcolcon.colcon_core.package_identification[0m [1;30mLevel 1[0m _identify(ai_slam_ws\out\exp_20260103_110849) by extension 'cmake'
[1.224s] [34mcolcon.colcon_core.package_identification[0m [1;30mLevel 1[0m _identify(ai_slam_ws\out\exp_20260103_110849) by extension 'python'
[1.224s] [34mcolcon.colcon_core.package_identification[0m [1;30mLevel 1[0m _identify(ai_slam_ws\out\exp_20260103_110849) by extensions ['python_setup_py']
[1.224s] [34mcolcon.colcon_core.package_identification[0m [1;30mLevel 1[0m _identify(ai_slam_ws\out\exp_20260103_110849) by extension 'python_setup_py'
[1.236s] [34mcolcon.colcon_core.package_identification[0m [1;30mLevel 1[0m _identify(ai_slam_ws\src) by extensions ['ignore', 'ignore_ament_install']
[1.236s] [34mcolcon.colcon_core.package_identification[0m [1;30mLevel 1[0m _identify(ai_slam_ws\src) by extension 'ignore'
[1.236s] [34mcolcon.colcon_core.package_identification[0m [1;30mLevel 1[0m _identify(ai_slam_ws\src) by extension 'ignore_ament_install'
[1.238s] [34mcolcon.colcon_core.package_identification[0m [1;30mLevel 1[0m _identify(ai_slam_ws\src) by extensions ['colcon_pkg']
[1.238s] [34mcolcon.colcon_core.package_identification[0m [1;30mLevel 1[0m _identify(ai_slam_ws\src) by extension 'colcon_pkg'
[1.238s] [34mcolcon.colcon_core.package_identification[0m [1;30mLevel 1[0m _identify(ai_slam_ws\src) by extensions ['colcon_meta']
[1.238s] [34mcolcon.colcon_core.package_identification[0m [1;30mLevel 1[0m _identify(ai_slam_ws\src) by extension 'colcon_meta'
[1.246s] [34mcolcon.colcon_core.package_identification[0m [1;30mLevel 1[0m _identify(ai_slam_ws\src) by extensions ['ros']
[1.248s] [34mcolcon.colcon_core.package_identification[0m [1;30mLevel 1[0m _identify(ai_slam_ws\src) by extension 'ros'
[1.250s] [34mcolcon.colcon_core.package_identification[0m [1;30mLevel 1[0m _identify(ai_slam_ws\src) by extensions ['cmake', 'python']
[1.250s] [34mcolcon.colcon_core.package_identification[0m [1;30mLevel 1[0m _identify(ai_slam_ws\src) by extension 'cmake'
[1.251s] [34mcolcon.colcon_core.package_identification[0m [1;30mLevel 1[0m _identify(ai_slam_ws\src) by extension 'python'
[1.251s] [34mcolcon.colcon_core.package_identification[0m [1;30mLevel 1[0m _identify(ai_slam_ws\src) by extensions ['python_setup_py']
[1.251s] [34mcolcon.colcon_core.package_identification[0m [1;30mLevel 1[0m _identify(ai_slam_ws\src) by extension 'python_setup_py'
[1.262s] [34mcolcon.colcon_core.package_identification[0m [1;30mLevel 1[0m _identify(ai_slam_ws\src\ai_slam_ai) by extensions ['ignore', 'ignore_ament_install']
[1.262s] [34mcolcon.colcon_core.package_identification[0m [1;30mLevel 1[0m _identify(ai_slam_ws\src\ai_slam_ai) by extension 'ignore'
[1.263s] [34mcolcon.colcon_core.package_identification[0m [1;30mLevel 1[0m _identify(ai_slam_ws\src\ai_slam_ai) by extension 'ignore_ament_install'
[1.265s] [34mcolcon.colcon_core.package_identification[0m [1;30mLevel 1[0m _identify(ai_slam_ws\src\ai_slam_ai) by extensions ['colcon_pkg']
[1.266s] [34mcolcon.colcon_core.package_identification[0m [1;30mLevel 1[0m _identify(ai_slam_ws\src\ai_slam_ai) by extension 'colcon_pkg'
[1.266s] [34mcolcon.colcon_core.package_identification[0m [1;30mLevel 1[0m _identify(ai_slam_ws\src\ai_slam_ai) by extensions ['colcon_meta']
[1.267s] [34mcolcon.colcon_core.package_identification[0m [1;30mLevel 1[0m _identify(ai_slam_ws\src\ai_slam_ai) by extension 'colcon_meta'
[1.273s] [34mcolcon.colcon_core.package_identification[0m [1;30mLevel 1[0m _identify(ai_slam_ws\src\ai_slam_ai) by extensions ['ros']
[1.274s] [34mcolcon.colcon_core.package_identification[0m [1;30mLevel 1[0m _identify(ai_slam_ws\src\ai_slam_ai) by extension 'ros'
[1.285s] [34mcolcon.colcon_core.package_identification[0m [1;30mDEBUG[0m [32mPackage 'ai_slam_ws\src\ai_slam_ai' with type 'ros.ament_python' and name 'ai_slam_ai'[0m
[1.294s] [34mcolcon.colcon_core.package_identification[0m [1;30mLevel 1[0m _identify(ai_slam_ws\src\ai_slam_bringup) by extensions ['ignore', 'ignore_ament_install']
[1.294s] [34mcolcon.colcon_core.package_identification[0m [1;30mLevel 1[0m _identify(ai_slam_ws\src\ai_slam_bringup) by extension 'ignore'
[1.295s] [34mcolcon.colcon_core.package_identification[0m [1;30mLevel 1[0m _identify(ai_slam_ws\src\ai_slam_bringup) by extension 'ignore_ament_install'
[1.295s] [34mcolcon.colcon_core.package_identification[0m [1;30mLevel 1[0m _identify(ai_slam_ws\src\ai_slam_bringup) by extensions ['colcon_pkg']
[1.295s] [34mcolcon.colcon_core.package_identification[0m [1;30mLevel 1[0m _identify(ai_slam_ws\src\ai_slam_bringup) by extension 'colcon_pkg'
[1.297s] [34mcolcon.colcon_core.package_identification[0m [1;30mLevel 1[0m _identify(ai_slam_ws\src\ai_slam_bringup) by extensions ['colcon_meta']
[1.297s] [34mcolcon.colcon_core.package_identification[0m [1;30mLevel 1[0m _identify(ai_slam_ws\src\ai_slam_bringup) by extension 'colcon_meta'
[1.304s] [34mcolcon.colcon_core.package_identification[0m [1;30mLevel 1[0m _identify(ai_slam_ws\src\ai_slam_bringup) by extensions ['ros']
[1.304s] [34mcolcon.colcon_core.package_identification[0m [1;30mLevel 1[0m _identify(ai_slam_ws\src\ai_slam_bringup) by extension 'ros'
[1.311s] [34mcolcon.colcon_core.package_identification[0m [1;30mDEBUG[0m [32mPackage 'ai_slam_ws\src\ai_slam_bringup' with type 'ros.ament_python' and name 'ai_slam_bringup'[0m
[1.318s] [34mcolcon.colcon_core.package_identification[0m [1;30mLevel 1[0m _identify(ai_slam_ws\src\ai_slam_description) by extensions ['ignore', 'ignore_ament_install']
[1.319s] [34mcolcon.colcon_core.package_identification[0m [1;30mLevel 1[0m _identify(ai_slam_ws\src\ai_slam_description) by extension 'ignore'
[1.320s] [34mcolcon.colcon_core.package_identification[0m [1;30mLevel 1[0m _identify(ai_slam_ws\src\ai_slam_description) by extension 'ignore_ament_install'
[1.320s] [34mcolcon.colcon_core.package_identification[0m [1;30mLevel 1[0m _identify(ai_slam_ws\src\ai_slam_description) by extensions ['colcon_pkg']
[1.320s] [34mcolcon.colcon_core.package_identification[0m [1;30mLevel 1[0m _identify(ai_slam_ws\src\ai_slam_description) by extension 'colcon_pkg'
[1.320s] [34mcolcon.colcon_core.package_identification[0m [1;30mLevel 1[0m _identify(ai_slam_ws\src\ai_slam_description) by extensions ['colcon_meta']
[1.320s] [34mcolcon.colcon_core.package_identification[0m [1;30mLevel 1[0m _identify(ai_slam_ws\src\ai_slam_description) by extension 'colcon_meta'
[1.328s] [34mcolcon.colcon_core.package_identification[0m [1;30mLevel 1[0m _identify(ai_slam_ws\src\ai_slam_description) by extensions ['ros']
[1.328s] [34mcolcon.colcon_core.package_identification[0m [1;30mLevel 1[0m _identify(ai_slam_ws\src\ai_slam_description) by extension 'ros'
[1.334s] [34mcolcon.colcon_core.package_identification[0m [1;30mDEBUG[0m [32mPackage 'ai_slam_ws\src\ai_slam_description' with type 'ros.ament_python' and name 'ai_slam_description'[0m
[1.341s] [34mcolcon.colcon_core.package_identification[0m [1;30mLevel 1[0m _identify(ai_slam_ws\src\ai_slam_eval) by extensions ['ignore', 'ignore_ament_install']
[1.342s] [34mcolcon.colcon_core.package_identification[0m [1;30mLevel 1[0m _identify(ai_slam_ws\src\ai_slam_eval) by extension 'ignore'
[1.342s] [34mcolcon.colcon_core.package_identification[0m [1;30mLevel 1[0m _identify(ai_slam_ws\src\ai_slam_eval) by extension 'ignore_ament_install'
[1.344s] [34mcolcon.colcon_core.package_identification[0m [1;30mLevel 1[0m _identify(ai_slam_ws\src\ai_slam_eval) by extensions ['colcon_pkg']
[1.344s] [34mcolcon.colcon_core.package_identification[0m [1;30mLevel 1[0m _identify(ai_slam_ws\src\ai_slam_eval) by extension 'colcon_pkg'
[1.344s] [34mcolcon.colcon_core.package_identification[0m [1;30mLevel 1[0m _identify(ai_slam_ws\src\ai_slam_eval) by extensions ['colcon_meta']
[1.344s] [34mcolcon.colcon_core.package_identification[0m [1;30mLevel 1[0m _identify(ai_slam_ws\src\ai_slam_eval) by extension 'colcon_meta'
[1.350s] [34mcolcon.colcon_core.package_identification[0m [1;30mLevel 1[0m _identify(ai_slam_ws\src\ai_slam_eval) by extensions ['ros']
[1.350s] [34mcolcon.colcon_core.package_identification[0m [1;30mLevel 1[0m _identify(ai_slam_ws\src\ai_slam_eval) by extension 'ros'
[1.357s] [34mcolcon.colcon_core.package_identification[0m [1;30mDEBUG[0m [32mPackage 'ai_slam_ws\src\ai_slam_eval' with type 'ros.ament_python' and name 'ai_slam_eval'[0m
[1.364s] [34mcolcon.colcon_core.package_identification[0m [1;30mLevel 1[0m _identify(ai_slam_ws\src\ai_slam_gazebo) by extensions ['ignore', 'ignore_ament_install']
[1.364s] [34mcolcon.colcon_core.package_identification[0m [1;30mLevel 1[0m _identify(ai_slam_ws\src\ai_slam_gazebo) by extension 'ignore'
[1.366s] [34mcolcon.colcon_core.package_identification[0m [1;30mLevel 1[0m _identify(ai_slam_ws\src\ai_slam_gazebo) by extension 'ignore_ament_install'
[1.366s] [34mcolcon.colcon_core.package_identification[0m [1;30mLevel 1[0m _identify(ai_slam_ws\src\ai_slam_gazebo) by extensions ['colcon_pkg']
[1.366s] [34mcolcon.colcon_core.package_identification[0m [1;30mLevel 1[0m _identify(ai_slam_ws\src\ai_slam_gazebo) by extension 'colcon_pkg'
[1.366s] [34mcolcon.colcon_core.package_identification[0m [1;30mLevel 1[0m _identify(ai_slam_ws\src\ai_slam_gazebo) by extensions ['colcon_meta']
[1.367s] [34mcolcon.colcon_core.package_identification[0m [1;30mLevel 1[0m _identify(ai_slam_ws\src\ai_slam_gazebo) by extension 'colcon_meta'
[1.373s] [34mcolcon.colcon_core.package_identification[0m [1;30mLevel 1[0m _identify(ai_slam_ws\src\ai_slam_gazebo) by extensions ['ros']
[1.373s] [34mcolcon.colcon_core.package_identification[0m [1;30mLevel 1[0m _identify(ai_slam_ws\src\ai_slam_gazebo) by extension 'ros'
[1.381s] [34mcolcon.colcon_core.package_identification[0m [1;30mDEBUG[0m [32mPackage 'ai_slam_ws\src\ai_slam_gazebo' with type 'ros.ament_python' and name 'ai_slam_gazebo'[0m
[1.387s] [34mcolcon.colcon_core.package_identification[0m [1;30mLevel 1[0m _identify(build) by extensions ['ignore', 'ignore_ament_install']
[1.387s] [34mcolcon.colcon_core.package_identification[0m [1;30mLevel 1[0m _identify(build) by extension 'ignore'
[1.389s] [34mcolcon.colcon_core.package_identification[0m [1;30mLevel 1[0m _identify(build) ignored
[1.397s] [34mcolcon.colcon_core.package_identification[0m [1;30mLevel 1[0m _identify(install) by extensions ['ignore', 'ignore_ament_install']
[1.397s] [34mcolcon.colcon_core.package_identification[0m [1;30mLevel 1[0m _identify(install) by extension 'ignore'
[1.398s] [34mcolcon.colcon_core.package_identification[0m [1;30mLevel 1[0m _identify(install) ignored
[1.405s] [34mcolcon.colcon_core.package_identification[0m [1;30mLevel 1[0m _identify(log) by extensions ['ignore', 'ignore_ament_install']
[1.405s] [34mcolcon.colcon_core.package_identification[0m [1;30mLevel 1[0m _identify(log) by extension 'ignore'
[1.406s] [34mcolcon.colcon_core.package_identification[0m [1;30mLevel 1[0m _identify(log) ignored
[1.414s] [34mcolcon.colcon_core.package_identification[0m [1;30mLevel 1[0m _identify(out) by extensions ['ignore', 'ignore_ament_install']
[1.414s] [34mcolcon.colcon_core.package_identification[0m [1;30mLevel 1[0m _identify(out) by extension 'ignore'
[1.415s] [34mcolcon.colcon_core.package_identification[0m [1;30mLevel 1[0m _identify(out) by extension 'ignore_ament_install'
[1.416s] [34mcolcon.colcon_core.package_identification[0m [1;30mLevel 1[0m _identify(out) by extensions ['colcon_pkg']
[1.416s] [34mcolcon.colcon_core.package_identification[0m [1;30mLevel 1[0m _identify(out) by extension 'colcon_pkg'
[1.417s] [34mcolcon.colcon_core.package_identification[0m [1;30mLevel 1[0m _identify(out) by extensions ['colcon_meta']
[1.417s] [34mcolcon.colcon_core.package_identification[0m [1;30mLevel 1[0m _identify(out) by extension 'colcon_meta'
[1.423s] [34mcolcon.colcon_core.package_identification[0m [1;30mLevel 1[0m _identify(out) by extensions ['ros']
[1.423s] [34mcolcon.colcon_core.package_identification[0m [1;30mLevel 1[0m _identify(out) by extension 'ros'
[1.424s] [34mcolcon.colcon_core.package_identification[0m [1;30mLevel 1[0m _identify(out) by extensions ['cmake', 'python']
[1.426s] [34mcolcon.colcon_core.package_identification[0m [1;30mLevel 1[0m _identify(out) by extension 'cmake'
[1.426s] [34mcolcon.colcon_core.package_identification[0m [1;30mLevel 1[0m _identify(out) by extension 'python'
[1.427s] [34mcolcon.colcon_core.package_identification[0m [1;30mLevel 1[0m _identify(out) by extensions ['python_setup_py']
[1.427s] [34mcolcon.colcon_core.package_identification[0m [1;30mLevel 1[0m _identify(out) by extension 'python_setup_py'
[1.435s] [34mcolcon.colcon_core.package_identification[0m [1;30mLevel 1[0m _identify(scripts) by extensions ['ignore', 'ignore_ament_install']
[1.435s] [34mcolcon.colcon_core.package_identification[0m [1;30mLevel 1[0m _identify(scripts) by extension 'ignore'
[1.436s] [34mcolcon.colcon_core.package_identification[0m [1;30mLevel 1[0m _identify(scripts) by extension 'ignore_ament_install'
[1.436s] [34mcolcon.colcon_core.package_identification[0m [1;30mLevel 1[0m _identify(scripts) by extensions ['colcon_pkg']
[1.436s] [34mcolcon.colcon_core.package_identification[0m [1;30mLevel 1[0m _identify(scripts) by extension 'colcon_pkg'
[1.437s] [34mcolcon.colcon_core.package_identification[0m [1;30mLevel 1[0m _identify(scripts) by extensions ['colcon_meta']
[1.437s] [34mcolcon.colcon_core.package_identification[0m [1;30mLevel 1[0m _identify(scripts) by extension 'colcon_meta'
[1.445s] [34mcolcon.colcon_core.package_identification[0m [1;30mLevel 1[0m _identify(scripts) by extensions ['ros']
[1.445s] [34mcolcon.colcon_core.package_identification[0m [1;30mLevel 1[0m _identify(scripts) by extension 'ros'
[1.447s] [34mcolcon.colcon_core.package_identification[0m [1;30mLevel 1[0m _identify(scripts) by extensions ['cmake', 'python']
[1.447s] [34mcolcon.colcon_core.package_identification[0m [1;30mLevel 1[0m _identify(scripts) by extension 'cmake'
[1.448s] [34mcolcon.colcon_core.package_identification[0m [1;30mLevel 1[0m _identify(scripts) by extension 'python'
[1.448s] [34mcolcon.colcon_core.package_identification[0m [1;30mLevel 1[0m _identify(scripts) by extensions ['python_setup_py']
[1.448s] [34mcolcon.colcon_core.package_identification[0m [1;30mLevel 1[0m _identify(scripts) by extension 'python_setup_py'
[1.448s] [34mcolcon.colcon_core.package_discovery[0m [1;30mLevel 1[0m discover_packages(recursive) using defaults
[1.449s] [34mcolcon.colcon_core.package_discovery[0m [1;30mLevel 1[0m discover_packages(ignore) discover
[1.449s] [34mcolcon.colcon_core.package_discovery[0m [1;30mLevel 1[0m discover_packages(ignore) using defaults
[1.450s] [34mcolcon.colcon_core.package_discovery[0m [1;30mLevel 1[0m discover_packages(path) discover
[1.451s] [34mcolcon.colcon_core.package_discovery[0m [1;30mLevel 1[0m discover_packages(path) using defaults
[1.544s] [34mcolcon.colcon_core.package_selection[0m [1;30mINFO[0m Skipping not selected package 'ai_slam_ai' in 'ai_slam_ws\src\ai_slam_ai'
[1.545s] [34mcolcon.colcon_core.package_selection[0m [1;30mINFO[0m Skipping not selected package 'ai_slam_description' in 'ai_slam_ws\src\ai_slam_description'
[1.545s] [34mcolcon.colcon_core.package_selection[0m [1;30mINFO[0m Skipping not selected package 'ai_slam_gazebo' in 'ai_slam_ws\src\ai_slam_gazebo'
[1.545s] [34mcolcon.colcon_core.package_selection[0m [1;30mINFO[0m Skipping not selected package 'ai_slam_bringup' in 'ai_slam_ws\src\ai_slam_bringup'
[1.547s] [34mcolcon.colcon_core.verb[0m [1;30mLevel 5[0m set package 'ai_slam_eval' build argument 'cmake_args' from command line to 'None'
[1.547s] [34mcolcon.colcon_core.verb[0m [1;30mLevel 5[0m set package 'ai_slam_eval' build argument 'cmake_target' from command line to 'None'
[1.547s] [34mcolcon.colcon_core.verb[0m [1;30mLevel 5[0m set package 'ai_slam_eval' build argument 'cmake_target_skip_unavailable' from command line to 'False'
[1.547s] [34mcolcon.colcon_core.verb[0m [1;30mLevel 5[0m set package 'ai_slam_eval' build argument 'cmake_clean_cache' from command line to 'False'
[1.547s] [34mcolcon.colcon_core.verb[0m [1;30mLevel 5[0m set package 'ai_slam_eval' build argument 'cmake_clean_first' from command line to 'False'
[1.547s] [34mcolcon.colcon_core.verb[0m [1;30mLevel 5[0m set package 'ai_slam_eval' build argument 'cmake_force_configure' from command line to 'False'
[1.548s] [34mcolcon.colcon_core.verb[0m [1;30mLevel 5[0m set package 'ai_slam_eval' build argument 'ament_cmake_args' from command line to 'None'
[1.548s] [34mcolcon.colcon_core.verb[0m [1;30mLevel 5[0m set package 'ai_slam_eval' build argument 'catkin_cmake_args' from command line to 'None'
[1.548s] [34mcolcon.colcon_core.verb[0m [1;30mLevel 5[0m set package 'ai_slam_eval' build argument 'catkin_skip_building_tests' from command line to 'False'
[1.548s] [34mcolcon.colcon_core.verb[0m [1;30mDEBUG[0m [32mBuilding package 'ai_slam_eval' with the following arguments: {'ament_cmake_args': None, 'build_base': '\\\\wsl.localhost\\Ubuntu\\home\\matejko\\SLAM_AI\\build\\ai_slam_eval', 'catkin_cmake_args': None, 'catkin_skip_building_tests': False, 'cmake_args': None, 'cmake_clean_cache': False, 'cmake_clean_first': False, 'cmake_force_configure': False, 'cmake_target': None, 'cmake_target_skip_unavailable': False, 'install_base': '\\\\wsl.localhost\\Ubuntu\\home\\matejko\\SLAM_AI\\install\\ai_slam_eval', 'merge_install': False, 'path': '\\\\wsl.localhost\\Ubuntu\\home\\matejko\\SLAM_AI\\ai_slam_ws\\src\\ai_slam_eval', 'symlink_install': True, 'test_result_base': None}[0m
[1.549s] [34mcolcon.colcon_core.executor[0m [1;30mINFO[0m Executing jobs using 'parallel' executor
[1.551s] [34mcolcon.colcon_parallel_executor.executor.parallel[0m [1;30mDEBUG[0m [32mrun_until_complete[0m
[1.551s] [34mcolcon.colcon_ros.task.ament_python.build[0m [1;30mINFO[0m Building ROS package in '\\wsl.localhost\Ubuntu\home\matejko\SLAM_AI\ai_slam_ws\src\ai_slam_eval' with build type 'ament_python'
[1.552s] [34mcolcon.colcon_core.shell[0m [1;30mLevel 1[0m create_environment_hook('ai_slam_eval', 'ament_prefix_path')
[1.554s] [34mcolcon.colcon_core.plugin_system[0m [1;30mINFO[0m Skipping extension 'colcon_core.shell.sh': Not used on Windows systems
[1.554s] [34mcolcon.colcon_core.shell[0m [1;30mINFO[0m Creating environment hook '\\wsl.localhost\Ubuntu\home\matejko\SLAM_AI\install\ai_slam_eval\share\ai_slam_eval\hook\ament_prefix_path.ps1'
[1.575s] [34mcolcon.colcon_core.shell[0m [1;30mINFO[0m Creating environment hook '\\wsl.localhost\Ubuntu\home\matejko\SLAM_AI\install\ai_slam_eval\share\ai_slam_eval\hook\ament_prefix_path.bat'
[1.587s] [34mcolcon.colcon_core.shell[0m [1;30mINFO[0m Creating environment descriptor '\\wsl.localhost\Ubuntu\home\matejko\SLAM_AI\install\ai_slam_eval\share\ai_slam_eval\hook\ament_prefix_path.dsv'
[2.949s] [34mcolcon.colcon_core.task.python.build[0m [1;30mINFO[0m Building Python package in '\\wsl.localhost\Ubuntu\home\matejko\SLAM_AI\ai_slam_ws\src\ai_slam_eval'
[5.225s] [34mcolcon.colcon_parallel_executor.executor.parallel[0m [1;30mDEBUG[0m [32mclosing loop[0m
[5.226s] [34mcolcon.colcon_parallel_executor.executor.parallel[0m [1;30mDEBUG[0m [32mloop closed[0m
[5.226s] [34mcolcon.colcon_parallel_executor.executor.parallel[0m [1;30mDEBUG[0m [32mrun_until_complete finished with '[WinError 183] Nie mo¿na utworzyæ pliku, który ju¿ istnieje: '\\\\wsl.localhost\\Ubuntu\\home\\matejko\\SLAM_AI\\ai_slam_ws\\src\\ai_slam_eval\\setup.py' -> '\\\\wsl.localhost\\Ubuntu\\home\\matejko\\SLAM_AI\\build\\ai_slam_eval\\setup.py''[0m
[5.226s] [34mcolcon.colcon_core.event_reactor[0m [1;30mDEBUG[0m [32mjoining thread[0m
[5.232s] [34mcolcon.colcon_core.plugin_system[0m [1;30mINFO[0m Skipping extension 'colcon_notification.desktop_notification.notify2': 'notify2' not found
[5.234s] [34mcolcon.colcon_core.plugin_system[0m [1;30mINFO[0m Skipping extension 'colcon_notification.desktop_notification.notify_send': Not used on non-Linux systems
[5.235s] [34mcolcon.colcon_core.plugin_system[0m [1;30mINFO[0m Skipping extension 'colcon_notification.desktop_notification.terminal_notifier': Not used on non-Darwin systems
[5.236s] [34mcolcon.colcon_notification.desktop_notification[0m [1;30mINFO[0m Sending desktop notification using 'win32'
[10.262s] [34mcolcon.colcon_core.event_reactor[0m [1;30mDEBUG[0m [32mjoined thread[0m
[10.263s] [34mcolcon.colcon_core.shell[0m [1;30mINFO[0m Creating prefix script '\\wsl.localhost\Ubuntu\home\matejko\SLAM_AI\install\local_setup.ps1'
[10.272s] [34mcolcon.colcon_core.shell[0m [1;30mINFO[0m Creating prefix util module '\\wsl.localhost\Ubuntu\home\matejko\SLAM_AI\install\_local_setup_util_ps1.py'
[10.283s] [34mcolcon.colcon_core.shell[0m [1;30mINFO[0m Creating prefix chain script '\\wsl.localhost\Ubuntu\home\matejko\SLAM_AI\install\setup.ps1'
[10.294s] [34mcolcon.colcon_core.shell[0m [1;30mINFO[0m Creating prefix script '\\wsl.localhost\Ubuntu\home\matejko\SLAM_AI\install\local_setup.bat'
[10.302s] [34mcolcon.colcon_core.shell[0m [1;30mINFO[0m Creating prefix util module '\\wsl.localhost\Ubuntu\home\matejko\SLAM_AI\install\_local_setup_util_bat.py'
[10.312s] [34mcolcon.colcon_core.shell[0m [1;30mINFO[0m Creating prefix chain script '\\wsl.localhost\Ubuntu\home\matejko\SLAM_AI\install\setup.bat'
