[0.200s] DEBUG:colcon:Command line arguments: ['/usr/bin/colcon', 'build', '--symlink-install']
[0.201s] DEBUG:colcon:Parsed command line arguments: Namespace(log_base=None, log_level=None, verb_name='build', build_base='build', install_base='install', merge_install=False, symlink_install=True, test_result_base=None, continue_on_error=False, executor='parallel', parallel_workers=20, event_handlers=None, ignore_user_meta=False, metas=['./colcon.meta'], base_paths=['.'], packages_ignore=None, packages_ignore_regex=None, paths=None, packages_up_to=None, packages_up_to_regex=None, packages_above=None, packages_above_and_dependencies=None, packages_above_depth=None, packages_select_by_dep=None, packages_skip_by_dep=None, packages_skip_up_to=None, packages_select_build_failed=False, packages_skip_build_finished=False, packages_select_test_failures=False, packages_skip_test_passed=False, packages_select=None, packages_skip=None, packages_select_regex=None, packages_skip_regex=None, packages_start=None, packages_end=None, allow_overriding=[], cmake_args=None, cmake_target=None, cmake_target_skip_unavailable=False, cmake_clean_cache=False, cmake_clean_first=False, cmake_force_configure=False, ament_cmake_args=None, catkin_cmake_args=None, catkin_skip_building_tests=False, mixin_files=None, mixin=None, verb_parser=<colcon_mixin.mixin.mixin_argument.MixinArgumentDecorator object at 0x7562504cd280>, verb_extension=<colcon_core.verb.build.BuildVerb object at 0x7562505fd760>, main=<bound method BuildVerb.main of <colcon_core.verb.build.BuildVerb object at 0x7562505fd760>>, mixin_verb=('build',))
[0.223s] Level 1:colcon.colcon_core.package_discovery:discover_packages(colcon_meta) check parameters
[0.223s] Level 1:colcon.colcon_core.package_discovery:discover_packages(recursive) check parameters
[0.223s] Level 1:colcon.colcon_core.package_discovery:discover_packages(ignore) check parameters
[0.223s] Level 1:colcon.colcon_core.package_discovery:discover_packages(path) check parameters
[0.223s] Level 1:colcon.colcon_core.package_discovery:discover_packages(colcon_meta) discover
[0.223s] Level 1:colcon.colcon_core.package_discovery:discover_packages(recursive) discover
[0.223s] INFO:colcon.colcon_core.package_discovery:Crawling recursively for packages in '/home/matejko/SLAM_AI'
[0.223s] Level 1:colcon.colcon_core.package_identification:_identify(.) by extensions ['ignore', 'ignore_ament_install']
[0.224s] Level 1:colcon.colcon_core.package_identification:_identify(.) by extension 'ignore'
[0.224s] Level 1:colcon.colcon_core.package_identification:_identify(.) by extension 'ignore_ament_install'
[0.224s] Level 1:colcon.colcon_core.package_identification:_identify(.) by extensions ['colcon_pkg']
[0.224s] Level 1:colcon.colcon_core.package_identification:_identify(.) by extension 'colcon_pkg'
[0.224s] Level 1:colcon.colcon_core.package_identification:_identify(.) by extensions ['colcon_meta']
[0.224s] Level 1:colcon.colcon_core.package_identification:_identify(.) by extension 'colcon_meta'
[0.224s] Level 1:colcon.colcon_core.package_identification:_identify(.) by extensions ['ros']
[0.224s] Level 1:colcon.colcon_core.package_identification:_identify(.) by extension 'ros'
[0.238s] Level 1:colcon.colcon_core.package_identification:_identify(.) by extensions ['cmake', 'python']
[0.238s] Level 1:colcon.colcon_core.package_identification:_identify(.) by extension 'cmake'
[0.238s] Level 1:colcon.colcon_core.package_identification:_identify(.) by extension 'python'
[0.238s] Level 1:colcon.colcon_core.package_identification:_identify(.) by extensions ['python_setup_py']
[0.238s] Level 1:colcon.colcon_core.package_identification:_identify(.) by extension 'python_setup_py'
[0.238s] Level 1:colcon.colcon_core.package_identification:_identify(ai_slam_ws) by extensions ['ignore', 'ignore_ament_install']
[0.238s] Level 1:colcon.colcon_core.package_identification:_identify(ai_slam_ws) by extension 'ignore'
[0.239s] Level 1:colcon.colcon_core.package_identification:_identify(ai_slam_ws) by extension 'ignore_ament_install'
[0.239s] Level 1:colcon.colcon_core.package_identification:_identify(ai_slam_ws) by extensions ['colcon_pkg']
[0.239s] Level 1:colcon.colcon_core.package_identification:_identify(ai_slam_ws) by extension 'colcon_pkg'
[0.239s] Level 1:colcon.colcon_core.package_identification:_identify(ai_slam_ws) by extensions ['colcon_meta']
[0.239s] Level 1:colcon.colcon_core.package_identification:_identify(ai_slam_ws) by extension 'colcon_meta'
[0.239s] Level 1:colcon.colcon_core.package_identification:_identify(ai_slam_ws) by extensions ['ros']
[0.239s] Level 1:colcon.colcon_core.package_identification:_identify(ai_slam_ws) by extension 'ros'
[0.239s] Level 1:colcon.colcon_core.package_identification:_identify(ai_slam_ws) by extensions ['cmake', 'python']
[0.239s] Level 1:colcon.colcon_core.package_identification:_identify(ai_slam_ws) by extension 'cmake'
[0.239s] Level 1:colcon.colcon_core.package_identification:_identify(ai_slam_ws) by extension 'python'
[0.239s] Level 1:colcon.colcon_core.package_identification:_identify(ai_slam_ws) by extensions ['python_setup_py']
[0.239s] Level 1:colcon.colcon_core.package_identification:_identify(ai_slam_ws) by extension 'python_setup_py'
[0.239s] Level 1:colcon.colcon_core.package_identification:_identify(ai_slam_ws/out) by extensions ['ignore', 'ignore_ament_install']
[0.239s] Level 1:colcon.colcon_core.package_identification:_identify(ai_slam_ws/out) by extension 'ignore'
[0.239s] Level 1:colcon.colcon_core.package_identification:_identify(ai_slam_ws/out) by extension 'ignore_ament_install'
[0.239s] Level 1:colcon.colcon_core.package_identification:_identify(ai_slam_ws/out) by extensions ['colcon_pkg']
[0.239s] Level 1:colcon.colcon_core.package_identification:_identify(ai_slam_ws/out) by extension 'colcon_pkg'
[0.239s] Level 1:colcon.colcon_core.package_identification:_identify(ai_slam_ws/out) by extensions ['colcon_meta']
[0.239s] Level 1:colcon.colcon_core.package_identification:_identify(ai_slam_ws/out) by extension 'colcon_meta'
[0.239s] Level 1:colcon.colcon_core.package_identification:_identify(ai_slam_ws/out) by extensions ['ros']
[0.239s] Level 1:colcon.colcon_core.package_identification:_identify(ai_slam_ws/out) by extension 'ros'
[0.239s] Level 1:colcon.colcon_core.package_identification:_identify(ai_slam_ws/out) by extensions ['cmake', 'python']
[0.239s] Level 1:colcon.colcon_core.package_identification:_identify(ai_slam_ws/out) by extension 'cmake'
[0.239s] Level 1:colcon.colcon_core.package_identification:_identify(ai_slam_ws/out) by extension 'python'
[0.239s] Level 1:colcon.colcon_core.package_identification:_identify(ai_slam_ws/out) by extensions ['python_setup_py']
[0.239s] Level 1:colcon.colcon_core.package_identification:_identify(ai_slam_ws/out) by extension 'python_setup_py'
[0.239s] Level 1:colcon.colcon_core.package_identification:_identify(ai_slam_ws/src) by extensions ['ignore', 'ignore_ament_install']
[0.239s] Level 1:colcon.colcon_core.package_identification:_identify(ai_slam_ws/src) by extension 'ignore'
[0.239s] Level 1:colcon.colcon_core.package_identification:_identify(ai_slam_ws/src) by extension 'ignore_ament_install'
[0.239s] Level 1:colcon.colcon_core.package_identification:_identify(ai_slam_ws/src) by extensions ['colcon_pkg']
[0.239s] Level 1:colcon.colcon_core.package_identification:_identify(ai_slam_ws/src) by extension 'colcon_pkg'
[0.239s] Level 1:colcon.colcon_core.package_identification:_identify(ai_slam_ws/src) by extensions ['colcon_meta']
[0.239s] Level 1:colcon.colcon_core.package_identification:_identify(ai_slam_ws/src) by extension 'colcon_meta'
[0.239s] Level 1:colcon.colcon_core.package_identification:_identify(ai_slam_ws/src) by extensions ['ros']
[0.239s] Level 1:colcon.colcon_core.package_identification:_identify(ai_slam_ws/src) by extension 'ros'
[0.239s] Level 1:colcon.colcon_core.package_identification:_identify(ai_slam_ws/src) by extensions ['cmake', 'python']
[0.239s] Level 1:colcon.colcon_core.package_identification:_identify(ai_slam_ws/src) by extension 'cmake'
[0.239s] Level 1:colcon.colcon_core.package_identification:_identify(ai_slam_ws/src) by extension 'python'
[0.239s] Level 1:colcon.colcon_core.package_identification:_identify(ai_slam_ws/src) by extensions ['python_setup_py']
[0.239s] Level 1:colcon.colcon_core.package_identification:_identify(ai_slam_ws/src) by extension 'python_setup_py'
[0.239s] Level 1:colcon.colcon_core.package_identification:_identify(ai_slam_ws/src/ai_slam_ai) by extensions ['ignore', 'ignore_ament_install']
[0.239s] Level 1:colcon.colcon_core.package_identification:_identify(ai_slam_ws/src/ai_slam_ai) by extension 'ignore'
[0.239s] Level 1:colcon.colcon_core.package_identification:_identify(ai_slam_ws/src/ai_slam_ai) by extension 'ignore_ament_install'
[0.240s] Level 1:colcon.colcon_core.package_identification:_identify(ai_slam_ws/src/ai_slam_ai) by extensions ['colcon_pkg']
[0.240s] Level 1:colcon.colcon_core.package_identification:_identify(ai_slam_ws/src/ai_slam_ai) by extension 'colcon_pkg'
[0.240s] Level 1:colcon.colcon_core.package_identification:_identify(ai_slam_ws/src/ai_slam_ai) by extensions ['colcon_meta']
[0.240s] Level 1:colcon.colcon_core.package_identification:_identify(ai_slam_ws/src/ai_slam_ai) by extension 'colcon_meta'
[0.240s] Level 1:colcon.colcon_core.package_identification:_identify(ai_slam_ws/src/ai_slam_ai) by extensions ['ros']
[0.240s] Level 1:colcon.colcon_core.package_identification:_identify(ai_slam_ws/src/ai_slam_ai) by extension 'ros'
[0.241s] DEBUG:colcon.colcon_core.package_identification:Package 'ai_slam_ws/src/ai_slam_ai' with type 'ros.ament_python' and name 'ai_slam_ai'
[0.241s] Level 1:colcon.colcon_core.package_identification:_identify(ai_slam_ws/src/ai_slam_bringup) by extensions ['ignore', 'ignore_ament_install']
[0.241s] Level 1:colcon.colcon_core.package_identification:_identify(ai_slam_ws/src/ai_slam_bringup) by extension 'ignore'
[0.241s] Level 1:colcon.colcon_core.package_identification:_identify(ai_slam_ws/src/ai_slam_bringup) by extension 'ignore_ament_install'
[0.241s] Level 1:colcon.colcon_core.package_identification:_identify(ai_slam_ws/src/ai_slam_bringup) by extensions ['colcon_pkg']
[0.241s] Level 1:colcon.colcon_core.package_identification:_identify(ai_slam_ws/src/ai_slam_bringup) by extension 'colcon_pkg'
[0.241s] Level 1:colcon.colcon_core.package_identification:_identify(ai_slam_ws/src/ai_slam_bringup) by extensions ['colcon_meta']
[0.241s] Level 1:colcon.colcon_core.package_identification:_identify(ai_slam_ws/src/ai_slam_bringup) by extension 'colcon_meta'
[0.241s] Level 1:colcon.colcon_core.package_identification:_identify(ai_slam_ws/src/ai_slam_bringup) by extensions ['ros']
[0.241s] Level 1:colcon.colcon_core.package_identification:_identify(ai_slam_ws/src/ai_slam_bringup) by extension 'ros'
[0.242s] DEBUG:colcon.colcon_core.package_identification:Package 'ai_slam_ws/src/ai_slam_bringup' with type 'ros.ament_python' and name 'ai_slam_bringup'
[0.242s] Level 1:colcon.colcon_core.package_identification:_identify(ai_slam_ws/src/ai_slam_description) by extensions ['ignore', 'ignore_ament_install']
[0.242s] Level 1:colcon.colcon_core.package_identification:_identify(ai_slam_ws/src/ai_slam_description) by extension 'ignore'
[0.242s] Level 1:colcon.colcon_core.package_identification:_identify(ai_slam_ws/src/ai_slam_description) by extension 'ignore_ament_install'
[0.242s] Level 1:colcon.colcon_core.package_identification:_identify(ai_slam_ws/src/ai_slam_description) by extensions ['colcon_pkg']
[0.242s] Level 1:colcon.colcon_core.package_identification:_identify(ai_slam_ws/src/ai_slam_description) by extension 'colcon_pkg'
[0.242s] Level 1:colcon.colcon_core.package_identification:_identify(ai_slam_ws/src/ai_slam_description) by extensions ['colcon_meta']
[0.242s] Level 1:colcon.colcon_core.package_identification:_identify(ai_slam_ws/src/ai_slam_description) by extension 'colcon_meta'
[0.242s] Level 1:colcon.colcon_core.package_identification:_identify(ai_slam_ws/src/ai_slam_description) by extensions ['ros']
[0.242s] Level 1:colcon.colcon_core.package_identification:_identify(ai_slam_ws/src/ai_slam_description) by extension 'ros'
[0.242s] DEBUG:colcon.colcon_core.package_identification:Package 'ai_slam_ws/src/ai_slam_description' with type 'ros.ament_python' and name 'ai_slam_description'
[0.242s] Level 1:colcon.colcon_core.package_identification:_identify(ai_slam_ws/src/ai_slam_eval) by extensions ['ignore', 'ignore_ament_install']
[0.242s] Level 1:colcon.colcon_core.package_identification:_identify(ai_slam_ws/src/ai_slam_eval) by extension 'ignore'
[0.242s] Level 1:colcon.colcon_core.package_identification:_identify(ai_slam_ws/src/ai_slam_eval) by extension 'ignore_ament_install'
[0.242s] Level 1:colcon.colcon_core.package_identification:_identify(ai_slam_ws/src/ai_slam_eval) by extensions ['colcon_pkg']
[0.242s] Level 1:colcon.colcon_core.package_identification:_identify(ai_slam_ws/src/ai_slam_eval) by extension 'colcon_pkg'
[0.242s] Level 1:colcon.colcon_core.package_identification:_identify(ai_slam_ws/src/ai_slam_eval) by extensions ['colcon_meta']
[0.242s] Level 1:colcon.colcon_core.package_identification:_identify(ai_slam_ws/src/ai_slam_eval) by extension 'colcon_meta'
[0.242s] Level 1:colcon.colcon_core.package_identification:_identify(ai_slam_ws/src/ai_slam_eval) by extensions ['ros']
[0.242s] Level 1:colcon.colcon_core.package_identification:_identify(ai_slam_ws/src/ai_slam_eval) by extension 'ros'
[0.243s] DEBUG:colcon.colcon_core.package_identification:Package 'ai_slam_ws/src/ai_slam_eval' with type 'ros.ament_python' and name 'ai_slam_eval'
[0.243s] Level 1:colcon.colcon_core.package_identification:_identify(ai_slam_ws/src/ai_slam_gazebo) by extensions ['ignore', 'ignore_ament_install']
[0.243s] Level 1:colcon.colcon_core.package_identification:_identify(ai_slam_ws/src/ai_slam_gazebo) by extension 'ignore'
[0.243s] Level 1:colcon.colcon_core.package_identification:_identify(ai_slam_ws/src/ai_slam_gazebo) by extension 'ignore_ament_install'
[0.243s] Level 1:colcon.colcon_core.package_identification:_identify(ai_slam_ws/src/ai_slam_gazebo) by extensions ['colcon_pkg']
[0.243s] Level 1:colcon.colcon_core.package_identification:_identify(ai_slam_ws/src/ai_slam_gazebo) by extension 'colcon_pkg'
[0.243s] Level 1:colcon.colcon_core.package_identification:_identify(ai_slam_ws/src/ai_slam_gazebo) by extensions ['colcon_meta']
[0.243s] Level 1:colcon.colcon_core.package_identification:_identify(ai_slam_ws/src/ai_slam_gazebo) by extension 'colcon_meta'
[0.243s] Level 1:colcon.colcon_core.package_identification:_identify(ai_slam_ws/src/ai_slam_gazebo) by extensions ['ros']
[0.243s] Level 1:colcon.colcon_core.package_identification:_identify(ai_slam_ws/src/ai_slam_gazebo) by extension 'ros'
[0.243s] DEBUG:colcon.colcon_core.package_identification:Package 'ai_slam_ws/src/ai_slam_gazebo' with type 'ros.ament_python' and name 'ai_slam_gazebo'
[0.243s] Level 1:colcon.colcon_core.package_identification:_identify(build) by extensions ['ignore', 'ignore_ament_install']
[0.243s] Level 1:colcon.colcon_core.package_identification:_identify(build) by extension 'ignore'
[0.243s] Level 1:colcon.colcon_core.package_identification:_identify(build) ignored
[0.243s] Level 1:colcon.colcon_core.package_identification:_identify(install) by extensions ['ignore', 'ignore_ament_install']
[0.243s] Level 1:colcon.colcon_core.package_identification:_identify(install) by extension 'ignore'
[0.243s] Level 1:colcon.colcon_core.package_identification:_identify(install) ignored
[0.243s] Level 1:colcon.colcon_core.package_identification:_identify(log) by extensions ['ignore', 'ignore_ament_install']
[0.243s] Level 1:colcon.colcon_core.package_identification:_identify(log) by extension 'ignore'
[0.243s] Level 1:colcon.colcon_core.package_identification:_identify(log) ignored
[0.243s] Level 1:colcon.colcon_core.package_identification:_identify(out) by extensions ['ignore', 'ignore_ament_install']
[0.243s] Level 1:colcon.colcon_core.package_identification:_identify(out) by extension 'ignore'
[0.243s] Level 1:colcon.colcon_core.package_identification:_identify(out) by extension 'ignore_ament_install'
[0.243s] Level 1:colcon.colcon_core.package_identification:_identify(out) by extensions ['colcon_pkg']
[0.243s] Level 1:colcon.colcon_core.package_identification:_identify(out) by extension 'colcon_pkg'
[0.243s] Level 1:colcon.colcon_core.package_identification:_identify(out) by extensions ['colcon_meta']
[0.243s] Level 1:colcon.colcon_core.package_identification:_identify(out) by extension 'colcon_meta'
[0.243s] Level 1:colcon.colcon_core.package_identification:_identify(out) by extensions ['ros']
[0.243s] Level 1:colcon.colcon_core.package_identification:_identify(out) by extension 'ros'
[0.244s] Level 1:colcon.colcon_core.package_identification:_identify(out) by extensions ['cmake', 'python']
[0.244s] Level 1:colcon.colcon_core.package_identification:_identify(out) by extension 'cmake'
[0.244s] Level 1:colcon.colcon_core.package_identification:_identify(out) by extension 'python'
[0.244s] Level 1:colcon.colcon_core.package_identification:_identify(out) by extensions ['python_setup_py']
[0.244s] Level 1:colcon.colcon_core.package_identification:_identify(out) by extension 'python_setup_py'
[0.244s] Level 1:colcon.colcon_core.package_identification:_identify(scripts) by extensions ['ignore', 'ignore_ament_install']
[0.244s] Level 1:colcon.colcon_core.package_identification:_identify(scripts) by extension 'ignore'
[0.244s] Level 1:colcon.colcon_core.package_identification:_identify(scripts) by extension 'ignore_ament_install'
[0.244s] Level 1:colcon.colcon_core.package_identification:_identify(scripts) by extensions ['colcon_pkg']
[0.244s] Level 1:colcon.colcon_core.package_identification:_identify(scripts) by extension 'colcon_pkg'
[0.244s] Level 1:colcon.colcon_core.package_identification:_identify(scripts) by extensions ['colcon_meta']
[0.244s] Level 1:colcon.colcon_core.package_identification:_identify(scripts) by extension 'colcon_meta'
[0.244s] Level 1:colcon.colcon_core.package_identification:_identify(scripts) by extensions ['ros']
[0.244s] Level 1:colcon.colcon_core.package_identification:_identify(scripts) by extension 'ros'
[0.244s] Level 1:colcon.colcon_core.package_identification:_identify(scripts) by extensions ['cmake', 'python']
[0.244s] Level 1:colcon.colcon_core.package_identification:_identify(scripts) by extension 'cmake'
[0.244s] Level 1:colcon.colcon_core.package_identification:_identify(scripts) by extension 'python'
[0.244s] Level 1:colcon.colcon_core.package_identification:_identify(scripts) by extensions ['python_setup_py']
[0.244s] Level 1:colcon.colcon_core.package_identification:_identify(scripts) by extension 'python_setup_py'
[0.244s] Level 1:colcon.colcon_core.package_discovery:discover_packages(recursive) using defaults
[0.244s] Level 1:colcon.colcon_core.package_discovery:discover_packages(ignore) discover
[0.244s] Level 1:colcon.colcon_core.package_discovery:discover_packages(ignore) using defaults
[0.244s] Level 1:colcon.colcon_core.package_discovery:discover_packages(path) discover
[0.244s] Level 1:colcon.colcon_core.package_discovery:discover_packages(path) using defaults
[0.255s] Level 1:colcon.colcon_core.package_discovery:discover_packages(prefix_path) check parameters
[0.255s] Level 1:colcon.colcon_core.package_discovery:discover_packages(prefix_path) discover
[0.256s] DEBUG:colcon.colcon_installed_package_information.package_discovery:Found 5 installed packages in /home/matejko/SLAM_AI/install
[0.257s] DEBUG:colcon.colcon_installed_package_information.package_discovery:Found 388 installed packages in /opt/ros/jazzy
[0.257s] Level 1:colcon.colcon_core.package_discovery:discover_packages(prefix_path) using defaults
[0.282s] Level 5:colcon.colcon_core.verb:set package 'ai_slam_ai' build argument 'cmake_args' from command line to 'None'
[0.282s] Level 5:colcon.colcon_core.verb:set package 'ai_slam_ai' build argument 'cmake_target' from command line to 'None'
[0.282s] Level 5:colcon.colcon_core.verb:set package 'ai_slam_ai' build argument 'cmake_target_skip_unavailable' from command line to 'False'
[0.282s] Level 5:colcon.colcon_core.verb:set package 'ai_slam_ai' build argument 'cmake_clean_cache' from command line to 'False'
[0.282s] Level 5:colcon.colcon_core.verb:set package 'ai_slam_ai' build argument 'cmake_clean_first' from command line to 'False'
[0.282s] Level 5:colcon.colcon_core.verb:set package 'ai_slam_ai' build argument 'cmake_force_configure' from command line to 'False'
[0.282s] Level 5:colcon.colcon_core.verb:set package 'ai_slam_ai' build argument 'ament_cmake_args' from command line to 'None'
[0.282s] Level 5:colcon.colcon_core.verb:set package 'ai_slam_ai' build argument 'catkin_cmake_args' from command line to 'None'
[0.282s] Level 5:colcon.colcon_core.verb:set package 'ai_slam_ai' build argument 'catkin_skip_building_tests' from command line to 'False'
[0.282s] DEBUG:colcon.colcon_core.verb:Building package 'ai_slam_ai' with the following arguments: {'ament_cmake_args': None, 'build_base': '/home/matejko/SLAM_AI/build/ai_slam_ai', 'catkin_cmake_args': None, 'catkin_skip_building_tests': False, 'cmake_args': None, 'cmake_clean_cache': False, 'cmake_clean_first': False, 'cmake_force_configure': False, 'cmake_target': None, 'cmake_target_skip_unavailable': False, 'install_base': '/home/matejko/SLAM_AI/install/ai_slam_ai', 'merge_install': False, 'path': '/home/matejko/SLAM_AI/ai_slam_ws/src/ai_slam_ai', 'symlink_install': True, 'test_result_base': None}
[0.282s] Level 5:colcon.colcon_core.verb:set package 'ai_slam_description' build argument 'cmake_args' from command line to 'None'
[0.282s] Level 5:colcon.colcon_core.verb:set package 'ai_slam_description' build argument 'cmake_target' from command line to 'None'
[0.282s] Level 5:colcon.colcon_core.verb:set package 'ai_slam_description' build argument 'cmake_target_skip_unavailable' from command line to 'False'
[0.282s] Level 5:colcon.colcon_core.verb:set package 'ai_slam_description' build argument 'cmake_clean_cache' from command line to 'False'
[0.282s] Level 5:colcon.colcon_core.verb:set package 'ai_slam_description' build argument 'cmake_clean_first' from command line to 'False'
[0.282s] Level 5:colcon.colcon_core.verb:set package 'ai_slam_description' build argument 'cmake_force_configure' from command line to 'False'
[0.282s] Level 5:colcon.colcon_core.verb:set package 'ai_slam_description' build argument 'ament_cmake_args' from command line to 'None'
[0.282s] Level 5:colcon.colcon_core.verb:set package 'ai_slam_description' build argument 'catkin_cmake_args' from command line to 'None'
[0.282s] Level 5:colcon.colcon_core.verb:set package 'ai_slam_description' build argument 'catkin_skip_building_tests' from command line to 'False'
[0.282s] DEBUG:colcon.colcon_core.verb:Building package 'ai_slam_description' with the following arguments: {'ament_cmake_args': None, 'build_base': '/home/matejko/SLAM_AI/build/ai_slam_description', 'catkin_cmake_args': None, 'catkin_skip_building_tests': False, 'cmake_args': None, 'cmake_clean_cache': False, 'cmake_clean_first': False, 'cmake_force_configure': False, 'cmake_target': None, 'cmake_target_skip_unavailable': False, 'install_base': '/home/matejko/SLAM_AI/install/ai_slam_description', 'merge_install': False, 'path': '/home/matejko/SLAM_AI/ai_slam_ws/src/ai_slam_description', 'symlink_install': True, 'test_result_base': None}
[0.282s] Level 5:colcon.colcon_core.verb:set package 'ai_slam_eval' build argument 'cmake_args' from command line to 'None'
[0.282s] Level 5:colcon.colcon_core.verb:set package 'ai_slam_eval' build argument 'cmake_target' from command line to 'None'
[0.282s] Level 5:colcon.colcon_core.verb:set package 'ai_slam_eval' build argument 'cmake_target_skip_unavailable' from command line to 'False'
[0.282s] Level 5:colcon.colcon_core.verb:set package 'ai_slam_eval' build argument 'cmake_clean_cache' from command line to 'False'
[0.282s] Level 5:colcon.colcon_core.verb:set package 'ai_slam_eval' build argument 'cmake_clean_first' from command line to 'False'
[0.282s] Level 5:colcon.colcon_core.verb:set package 'ai_slam_eval' build argument 'cmake_force_configure' from command line to 'False'
[0.282s] Level 5:colcon.colcon_core.verb:set package 'ai_slam_eval' build argument 'ament_cmake_args' from command line to 'None'
[0.282s] Level 5:colcon.colcon_core.verb:set package 'ai_slam_eval' build argument 'catkin_cmake_args' from command line to 'None'
[0.282s] Level 5:colcon.colcon_core.verb:set package 'ai_slam_eval' build argument 'catkin_skip_building_tests' from command line to 'False'
[0.282s] DEBUG:colcon.colcon_core.verb:Building package 'ai_slam_eval' with the following arguments: {'ament_cmake_args': None, 'build_base': '/home/matejko/SLAM_AI/build/ai_slam_eval', 'catkin_cmake_args': None, 'catkin_skip_building_tests': False, 'cmake_args': None, 'cmake_clean_cache': False, 'cmake_clean_first': False, 'cmake_force_configure': False, 'cmake_target': None, 'cmake_target_skip_unavailable': False, 'install_base': '/home/matejko/SLAM_AI/install/ai_slam_eval', 'merge_install': False, 'path': '/home/matejko/SLAM_AI/ai_slam_ws/src/ai_slam_eval', 'symlink_install': True, 'test_result_base': None}
[0.282s] Level 5:colcon.colcon_core.verb:set package 'ai_slam_gazebo' build argument 'cmake_args' from command line to 'None'
[0.282s] Level 5:colcon.colcon_core.verb:set package 'ai_slam_gazebo' build argument 'cmake_target' from command line to 'None'
[0.282s] Level 5:colcon.colcon_core.verb:set package 'ai_slam_gazebo' build argument 'cmake_target_skip_unavailable' from command line to 'False'
[0.282s] Level 5:colcon.colcon_core.verb:set package 'ai_slam_gazebo' build argument 'cmake_clean_cache' from command line to 'False'
[0.282s] Level 5:colcon.colcon_core.verb:set package 'ai_slam_gazebo' build argument 'cmake_clean_first' from command line to 'False'
[0.282s] Level 5:colcon.colcon_core.verb:set package 'ai_slam_gazebo' build argument 'cmake_force_configure' from command line to 'False'
[0.282s] Level 5:colcon.colcon_core.verb:set package 'ai_slam_gazebo' build argument 'ament_cmake_args' from command line to 'None'
[0.282s] Level 5:colcon.colcon_core.verb:set package 'ai_slam_gazebo' build argument 'catkin_cmake_args' from command line to 'None'
[0.282s] Level 5:colcon.colcon_core.verb:set package 'ai_slam_gazebo' build argument 'catkin_skip_building_tests' from command line to 'False'
[0.282s] DEBUG:colcon.colcon_core.verb:Building package 'ai_slam_gazebo' with the following arguments: {'ament_cmake_args': None, 'build_base': '/home/matejko/SLAM_AI/build/ai_slam_gazebo', 'catkin_cmake_args': None, 'catkin_skip_building_tests': False, 'cmake_args': None, 'cmake_clean_cache': False, 'cmake_clean_first': False, 'cmake_force_configure': False, 'cmake_target': None, 'cmake_target_skip_unavailable': False, 'install_base': '/home/matejko/SLAM_AI/install/ai_slam_gazebo', 'merge_install': False, 'path': '/home/matejko/SLAM_AI/ai_slam_ws/src/ai_slam_gazebo', 'symlink_install': True, 'test_result_base': None}
[0.282s] Level 5:colcon.colcon_core.verb:set package 'ai_slam_bringup' build argument 'cmake_args' from command line to 'None'
[0.282s] Level 5:colcon.colcon_core.verb:set package 'ai_slam_bringup' build argument 'cmake_target' from command line to 'None'
[0.283s] Level 5:colcon.colcon_core.verb:set package 'ai_slam_bringup' build argument 'cmake_target_skip_unavailable' from command line to 'False'
[0.283s] Level 5:colcon.colcon_core.verb:set package 'ai_slam_bringup' build argument 'cmake_clean_cache' from command line to 'False'
[0.283s] Level 5:colcon.colcon_core.verb:set package 'ai_slam_bringup' build argument 'cmake_clean_first' from command line to 'False'
[0.283s] Level 5:colcon.colcon_core.verb:set package 'ai_slam_bringup' build argument 'cmake_force_configure' from command line to 'False'
[0.283s] Level 5:colcon.colcon_core.verb:set package 'ai_slam_bringup' build argument 'ament_cmake_args' from command line to 'None'
[0.283s] Level 5:colcon.colcon_core.verb:set package 'ai_slam_bringup' build argument 'catkin_cmake_args' from command line to 'None'
[0.283s] Level 5:colcon.colcon_core.verb:set package 'ai_slam_bringup' build argument 'catkin_skip_building_tests' from command line to 'False'
[0.283s] DEBUG:colcon.colcon_core.verb:Building package 'ai_slam_bringup' with the following arguments: {'ament_cmake_args': None, 'build_base': '/home/matejko/SLAM_AI/build/ai_slam_bringup', 'catkin_cmake_args': None, 'catkin_skip_building_tests': False, 'cmake_args': None, 'cmake_clean_cache': False, 'cmake_clean_first': False, 'cmake_force_configure': False, 'cmake_target': None, 'cmake_target_skip_unavailable': False, 'install_base': '/home/matejko/SLAM_AI/install/ai_slam_bringup', 'merge_install': False, 'path': '/home/matejko/SLAM_AI/ai_slam_ws/src/ai_slam_bringup', 'symlink_install': True, 'test_result_base': None}
[0.283s] INFO:colcon.colcon_core.executor:Executing jobs using 'parallel' executor
[0.283s] DEBUG:colcon.colcon_parallel_executor.executor.parallel:run_until_complete
[0.283s] INFO:colcon.colcon_ros.task.ament_python.build:Building ROS package in '/home/matejko/SLAM_AI/ai_slam_ws/src/ai_slam_ai' with build type 'ament_python'
[0.283s] Level 1:colcon.colcon_core.shell:create_environment_hook('ai_slam_ai', 'ament_prefix_path')
[0.285s] INFO:colcon.colcon_core.plugin_system:Skipping extension 'colcon_core.shell.bat': Not used on non-Windows systems
[0.285s] INFO:colcon.colcon_core.shell:Creating environment hook '/home/matejko/SLAM_AI/install/ai_slam_ai/share/ai_slam_ai/hook/ament_prefix_path.ps1'
[0.285s] INFO:colcon.colcon_core.shell:Creating environment descriptor '/home/matejko/SLAM_AI/install/ai_slam_ai/share/ai_slam_ai/hook/ament_prefix_path.dsv'
[0.286s] INFO:colcon.colcon_core.shell:Creating environment hook '/home/matejko/SLAM_AI/install/ai_slam_ai/share/ai_slam_ai/hook/ament_prefix_path.sh'
[0.286s] INFO:colcon.colcon_core.shell:Skip shell extension 'powershell' for command environment: Not usable outside of PowerShell
[0.286s] DEBUG:colcon.colcon_core.shell:Skip shell extension 'dsv' for command environment
[0.288s] INFO:colcon.colcon_ros.task.ament_python.build:Building ROS package in '/home/matejko/SLAM_AI/ai_slam_ws/src/ai_slam_description' with build type 'ament_python'
[0.288s] Level 1:colcon.colcon_core.shell:create_environment_hook('ai_slam_description', 'ament_prefix_path')
[0.288s] INFO:colcon.colcon_core.shell:Creating environment hook '/home/matejko/SLAM_AI/install/ai_slam_description/share/ai_slam_description/hook/ament_prefix_path.ps1'
[0.288s] INFO:colcon.colcon_core.shell:Creating environment descriptor '/home/matejko/SLAM_AI/install/ai_slam_description/share/ai_slam_description/hook/ament_prefix_path.dsv'
[0.289s] INFO:colcon.colcon_core.shell:Creating environment hook '/home/matejko/SLAM_AI/install/ai_slam_description/share/ai_slam_description/hook/ament_prefix_path.sh'
[0.289s] INFO:colcon.colcon_core.shell:Skip shell extension 'powershell' for command environment: Not usable outside of PowerShell
[0.289s] DEBUG:colcon.colcon_core.shell:Skip shell extension 'dsv' for command environment
[0.291s] INFO:colcon.colcon_ros.task.ament_python.build:Building ROS package in '/home/matejko/SLAM_AI/ai_slam_ws/src/ai_slam_eval' with build type 'ament_python'
[0.291s] Level 1:colcon.colcon_core.shell:create_environment_hook('ai_slam_eval', 'ament_prefix_path')
[0.291s] INFO:colcon.colcon_core.shell:Creating environment hook '/home/matejko/SLAM_AI/install/ai_slam_eval/share/ai_slam_eval/hook/ament_prefix_path.ps1'
[0.291s] INFO:colcon.colcon_core.shell:Creating environment descriptor '/home/matejko/SLAM_AI/install/ai_slam_eval/share/ai_slam_eval/hook/ament_prefix_path.dsv'
[0.291s] INFO:colcon.colcon_core.shell:Creating environment hook '/home/matejko/SLAM_AI/install/ai_slam_eval/share/ai_slam_eval/hook/ament_prefix_path.sh'
[0.292s] INFO:colcon.colcon_core.shell:Skip shell extension 'powershell' for command environment: Not usable outside of PowerShell
[0.292s] DEBUG:colcon.colcon_core.shell:Skip shell extension 'dsv' for command environment
[0.293s] INFO:colcon.colcon_ros.task.ament_python.build:Building ROS package in '/home/matejko/SLAM_AI/ai_slam_ws/src/ai_slam_gazebo' with build type 'ament_python'
[0.294s] Level 1:colcon.colcon_core.shell:create_environment_hook('ai_slam_gazebo', 'ament_prefix_path')
[0.294s] INFO:colcon.colcon_core.shell:Creating environment hook '/home/matejko/SLAM_AI/install/ai_slam_gazebo/share/ai_slam_gazebo/hook/ament_prefix_path.ps1'
[0.294s] INFO:colcon.colcon_core.shell:Creating environment descriptor '/home/matejko/SLAM_AI/install/ai_slam_gazebo/share/ai_slam_gazebo/hook/ament_prefix_path.dsv'
[0.294s] INFO:colcon.colcon_core.shell:Creating environment hook '/home/matejko/SLAM_AI/install/ai_slam_gazebo/share/ai_slam_gazebo/hook/ament_prefix_path.sh'
[0.294s] INFO:colcon.colcon_core.shell:Skip shell extension 'powershell' for command environment: Not usable outside of PowerShell
[0.294s] DEBUG:colcon.colcon_core.shell:Skip shell extension 'dsv' for command environment
[0.435s] INFO:colcon.colcon_core.task.python.build:Building Python package in '/home/matejko/SLAM_AI/ai_slam_ws/src/ai_slam_ai'
[0.435s] INFO:colcon.colcon_core.shell:Skip shell extension 'powershell' for command environment: Not usable outside of PowerShell
[0.435s] DEBUG:colcon.colcon_core.shell:Skip shell extension 'dsv' for command environment
[0.574s] INFO:colcon.colcon_core.task.python.build:Building Python package in '/home/matejko/SLAM_AI/ai_slam_ws/src/ai_slam_description'
[0.574s] INFO:colcon.colcon_core.shell:Skip shell extension 'powershell' for command environment: Not usable outside of PowerShell
[0.574s] DEBUG:colcon.colcon_core.shell:Skip shell extension 'dsv' for command environment
[0.709s] INFO:colcon.colcon_core.task.python.build:Building Python package in '/home/matejko/SLAM_AI/ai_slam_ws/src/ai_slam_eval'
[0.710s] INFO:colcon.colcon_core.shell:Skip shell extension 'powershell' for command environment: Not usable outside of PowerShell
[0.710s] DEBUG:colcon.colcon_core.shell:Skip shell extension 'dsv' for command environment
[0.845s] INFO:colcon.colcon_core.task.python.build:Building Python package in '/home/matejko/SLAM_AI/ai_slam_ws/src/ai_slam_gazebo'
[0.846s] INFO:colcon.colcon_core.shell:Skip shell extension 'powershell' for command environment: Not usable outside of PowerShell
[0.846s] DEBUG:colcon.colcon_core.shell:Skip shell extension 'dsv' for command environment
[1.225s] DEBUG:colcon.colcon_core.event_handler.log_command:Invoking command in '/home/matejko/SLAM_AI/build/ai_slam_eval': PS1=(.venv) \[\e]0;\u@\h: \w\a\]${debian_chroot:+($debian_chroot)}\[\033[01;32m\]\u@\h\[\033[00m\]:\[\033[01;34m\]\w\[\033[00m\]\$ PYTHONPATH=/home/matejko/SLAM_AI/build/ai_slam_eval/prefix_override:/usr/lib/python3/dist-packages/colcon_core/task/python/colcon_distutils_commands:/home/matejko/SLAM_AI/install/ai_slam_eval/lib/python3.12/site-packages:${PYTHONPATH} VIRTUAL_ENV_PROMPT=(.venv) /usr/bin/python3 -W ignore:setup.py install is deprecated -W ignore:easy_install command is deprecated setup.py develop --editable --build-directory /home/matejko/SLAM_AI/build/ai_slam_eval/build --no-deps symlink_data
[1.228s] DEBUG:colcon.colcon_core.event_handler.log_command:Invoking command in '/home/matejko/SLAM_AI/build/ai_slam_ai': PS1=(.venv) \[\e]0;\u@\h: \w\a\]${debian_chroot:+($debian_chroot)}\[\033[01;32m\]\u@\h\[\033[00m\]:\[\033[01;34m\]\w\[\033[00m\]\$ PYTHONPATH=/home/matejko/SLAM_AI/build/ai_slam_ai/prefix_override:/usr/lib/python3/dist-packages/colcon_core/task/python/colcon_distutils_commands:/home/matejko/SLAM_AI/install/ai_slam_ai/lib/python3.12/site-packages:${PYTHONPATH} VIRTUAL_ENV_PROMPT=(.venv) /usr/bin/python3 -W ignore:setup.py install is deprecated -W ignore:easy_install command is deprecated setup.py develop --editable --build-directory /home/matejko/SLAM_AI/build/ai_slam_ai/build --no-deps symlink_data
[1.230s] DEBUG:colcon.colcon_core.event_handler.log_command:Invoking command in '/home/matejko/SLAM_AI/build/ai_slam_description': PS1=(.venv) \[\e]0;\u@\h: \w\a\]${debian_chroot:+($debian_chroot)}\[\033[01;32m\]\u@\h\[\033[00m\]:\[\033[01;34m\]\w\[\033[00m\]\$ PYTHONPATH=/home/matejko/SLAM_AI/build/ai_slam_description/prefix_override:/usr/lib/python3/dist-packages/colcon_core/task/python/colcon_distutils_commands:/home/matejko/SLAM_AI/install/ai_slam_description/lib/python3.12/site-packages:${PYTHONPATH} VIRTUAL_ENV_PROMPT=(.venv) /usr/bin/python3 -W ignore:setup.py install is deprecated -W ignore:easy_install command is deprecated setup.py develop --editable --build-directory /home/matejko/SLAM_AI/build/ai_slam_description/build --no-deps symlink_data
[1.234s] DEBUG:colcon.colcon_core.event_handler.log_command:Invoking command in '/home/matejko/SLAM_AI/build/ai_slam_gazebo': PS1=(.venv) \[\e]0;\u@\h: \w\a\]${debian_chroot:+($debian_chroot)}\[\033[01;32m\]\u@\h\[\033[00m\]:\[\033[01;34m\]\w\[\033[00m\]\$ PYTHONPATH=/home/matejko/SLAM_AI/build/ai_slam_gazebo/prefix_override:/usr/lib/python3/dist-packages/colcon_core/task/python/colcon_distutils_commands:/home/matejko/SLAM_AI/install/ai_slam_gazebo/lib/python3.12/site-packages:${PYTHONPATH} VIRTUAL_ENV_PROMPT=(.venv) /usr/bin/python3 -W ignore:setup.py install is deprecated -W ignore:easy_install command is deprecated setup.py develop --editable --build-directory /home/matejko/SLAM_AI/build/ai_slam_gazebo/build --no-deps symlink_data
[1.634s] Level 1:colcon.colcon_core.shell:create_environment_hook('ai_slam_eval', 'pythonpath_develop')
[1.634s] INFO:colcon.colcon_core.shell:Creating environment hook '/home/matejko/SLAM_AI/build/ai_slam_eval/share/ai_slam_eval/hook/pythonpath_develop.ps1'
[1.634s] DEBUG:colcon.colcon_core.event_handler.log_command:Invoked command in '/home/matejko/SLAM_AI/build/ai_slam_eval' returned '0': PS1=(.venv) \[\e]0;\u@\h: \w\a\]${debian_chroot:+($debian_chroot)}\[\033[01;32m\]\u@\h\[\033[00m\]:\[\033[01;34m\]\w\[\033[00m\]\$ PYTHONPATH=/home/matejko/SLAM_AI/build/ai_slam_eval/prefix_override:/usr/lib/python3/dist-packages/colcon_core/task/python/colcon_distutils_commands:/home/matejko/SLAM_AI/install/ai_slam_eval/lib/python3.12/site-packages:${PYTHONPATH} VIRTUAL_ENV_PROMPT=(.venv) /usr/bin/python3 -W ignore:setup.py install is deprecated -W ignore:easy_install command is deprecated setup.py develop --editable --build-directory /home/matejko/SLAM_AI/build/ai_slam_eval/build --no-deps symlink_data
[1.635s] INFO:colcon.colcon_core.shell:Creating environment descriptor '/home/matejko/SLAM_AI/build/ai_slam_eval/share/ai_slam_eval/hook/pythonpath_develop.dsv'
[1.635s] INFO:colcon.colcon_core.shell:Creating environment hook '/home/matejko/SLAM_AI/build/ai_slam_eval/share/ai_slam_eval/hook/pythonpath_develop.sh'
[1.636s] Level 1:colcon.colcon_core.environment:checking '/home/matejko/SLAM_AI/install/ai_slam_eval' for CMake module files
[1.637s] Level 1:colcon.colcon_core.environment:checking '/home/matejko/SLAM_AI/install/ai_slam_eval' for CMake config files
[1.637s] Level 1:colcon.colcon_core.environment:checking '/home/matejko/SLAM_AI/install/ai_slam_eval/lib'
[1.637s] Level 1:colcon.colcon_core.environment:checking '/home/matejko/SLAM_AI/install/ai_slam_eval/bin'
[1.637s] Level 1:colcon.colcon_core.environment:checking '/home/matejko/SLAM_AI/install/ai_slam_eval/lib/pkgconfig/ai_slam_eval.pc'
[1.637s] Level 1:colcon.colcon_core.environment:checking '/home/matejko/SLAM_AI/install/ai_slam_eval/lib/python3.12/site-packages'
[1.637s] Level 1:colcon.colcon_core.shell:create_environment_hook('ai_slam_eval', 'pythonpath')
[1.637s] INFO:colcon.colcon_core.shell:Creating environment hook '/home/matejko/SLAM_AI/install/ai_slam_eval/share/ai_slam_eval/hook/pythonpath.ps1'
[1.638s] INFO:colcon.colcon_core.shell:Creating environment descriptor '/home/matejko/SLAM_AI/install/ai_slam_eval/share/ai_slam_eval/hook/pythonpath.dsv'
[1.638s] INFO:colcon.colcon_core.shell:Creating environment hook '/home/matejko/SLAM_AI/install/ai_slam_eval/share/ai_slam_eval/hook/pythonpath.sh'
[1.638s] Level 1:colcon.colcon_core.environment:checking '/home/matejko/SLAM_AI/install/ai_slam_eval/bin'
[1.638s] Level 1:colcon.colcon_core.environment:create_environment_scripts_only(ai_slam_eval)
[1.638s] INFO:colcon.colcon_core.shell:Creating package script '/home/matejko/SLAM_AI/install/ai_slam_eval/share/ai_slam_eval/package.ps1'
[1.639s] INFO:colcon.colcon_core.shell:Creating package descriptor '/home/matejko/SLAM_AI/install/ai_slam_eval/share/ai_slam_eval/package.dsv'
[1.639s] INFO:colcon.colcon_core.shell:Creating package script '/home/matejko/SLAM_AI/install/ai_slam_eval/share/ai_slam_eval/package.sh'
[1.639s] INFO:colcon.colcon_core.shell:Creating package script '/home/matejko/SLAM_AI/install/ai_slam_eval/share/ai_slam_eval/package.bash'
[1.640s] INFO:colcon.colcon_core.shell:Creating package script '/home/matejko/SLAM_AI/install/ai_slam_eval/share/ai_slam_eval/package.zsh'
[1.640s] Level 1:colcon.colcon_core.environment:create_file_with_runtime_dependencies(/home/matejko/SLAM_AI/install/ai_slam_eval/share/colcon-core/packages/ai_slam_eval)
[1.641s] Level 1:colcon.colcon_core.shell:create_environment_hook('ai_slam_ai', 'pythonpath_develop')
[1.641s] INFO:colcon.colcon_core.shell:Creating environment hook '/home/matejko/SLAM_AI/build/ai_slam_ai/share/ai_slam_ai/hook/pythonpath_develop.ps1'
[1.642s] DEBUG:colcon.colcon_core.event_handler.log_command:Invoked command in '/home/matejko/SLAM_AI/build/ai_slam_ai' returned '0': PS1=(.venv) \[\e]0;\u@\h: \w\a\]${debian_chroot:+($debian_chroot)}\[\033[01;32m\]\u@\h\[\033[00m\]:\[\033[01;34m\]\w\[\033[00m\]\$ PYTHONPATH=/home/matejko/SLAM_AI/build/ai_slam_ai/prefix_override:/usr/lib/python3/dist-packages/colcon_core/task/python/colcon_distutils_commands:/home/matejko/SLAM_AI/install/ai_slam_ai/lib/python3.12/site-packages:${PYTHONPATH} VIRTUAL_ENV_PROMPT=(.venv) /usr/bin/python3 -W ignore:setup.py install is deprecated -W ignore:easy_install command is deprecated setup.py develop --editable --build-directory /home/matejko/SLAM_AI/build/ai_slam_ai/build --no-deps symlink_data
[1.642s] INFO:colcon.colcon_core.shell:Creating environment descriptor '/home/matejko/SLAM_AI/build/ai_slam_ai/share/ai_slam_ai/hook/pythonpath_develop.dsv'
[1.642s] INFO:colcon.colcon_core.shell:Creating environment hook '/home/matejko/SLAM_AI/build/ai_slam_ai/share/ai_slam_ai/hook/pythonpath_develop.sh'
[1.642s] Level 1:colcon.colcon_core.environment:checking '/home/matejko/SLAM_AI/install/ai_slam_ai' for CMake module files
[1.642s] Level 1:colcon.colcon_core.environment:checking '/home/matejko/SLAM_AI/install/ai_slam_ai' for CMake config files
[1.643s] Level 1:colcon.colcon_core.environment:checking '/home/matejko/SLAM_AI/install/ai_slam_ai/lib'
[1.643s] Level 1:colcon.colcon_core.environment:checking '/home/matejko/SLAM_AI/install/ai_slam_ai/bin'
[1.643s] Level 1:colcon.colcon_core.environment:checking '/home/matejko/SLAM_AI/install/ai_slam_ai/lib/pkgconfig/ai_slam_ai.pc'
[1.643s] Level 1:colcon.colcon_core.environment:checking '/home/matejko/SLAM_AI/install/ai_slam_ai/lib/python3.12/site-packages'
[1.643s] Level 1:colcon.colcon_core.shell:create_environment_hook('ai_slam_ai', 'pythonpath')
[1.643s] INFO:colcon.colcon_core.shell:Creating environment hook '/home/matejko/SLAM_AI/install/ai_slam_ai/share/ai_slam_ai/hook/pythonpath.ps1'
[1.643s] INFO:colcon.colcon_core.shell:Creating environment descriptor '/home/matejko/SLAM_AI/install/ai_slam_ai/share/ai_slam_ai/hook/pythonpath.dsv'
[1.643s] INFO:colcon.colcon_core.shell:Creating environment hook '/home/matejko/SLAM_AI/install/ai_slam_ai/share/ai_slam_ai/hook/pythonpath.sh'
[1.644s] Level 1:colcon.colcon_core.environment:checking '/home/matejko/SLAM_AI/install/ai_slam_ai/bin'
[1.644s] Level 1:colcon.colcon_core.environment:create_environment_scripts_only(ai_slam_ai)
[1.644s] INFO:colcon.colcon_core.shell:Creating package script '/home/matejko/SLAM_AI/install/ai_slam_ai/share/ai_slam_ai/package.ps1'
[1.644s] INFO:colcon.colcon_core.shell:Creating package descriptor '/home/matejko/SLAM_AI/install/ai_slam_ai/share/ai_slam_ai/package.dsv'
[1.644s] INFO:colcon.colcon_core.shell:Creating package script '/home/matejko/SLAM_AI/install/ai_slam_ai/share/ai_slam_ai/package.sh'
[1.645s] INFO:colcon.colcon_core.shell:Creating package script '/home/matejko/SLAM_AI/install/ai_slam_ai/share/ai_slam_ai/package.bash'
[1.645s] INFO:colcon.colcon_core.shell:Creating package script '/home/matejko/SLAM_AI/install/ai_slam_ai/share/ai_slam_ai/package.zsh'
[1.645s] Level 1:colcon.colcon_core.environment:create_file_with_runtime_dependencies(/home/matejko/SLAM_AI/install/ai_slam_ai/share/colcon-core/packages/ai_slam_ai)
[1.645s] Level 1:colcon.colcon_core.shell:create_environment_hook('ai_slam_gazebo', 'pythonpath_develop')
[1.645s] INFO:colcon.colcon_core.shell:Creating environment hook '/home/matejko/SLAM_AI/build/ai_slam_gazebo/share/ai_slam_gazebo/hook/pythonpath_develop.ps1'
[1.646s] INFO:colcon.colcon_core.shell:Creating environment descriptor '/home/matejko/SLAM_AI/build/ai_slam_gazebo/share/ai_slam_gazebo/hook/pythonpath_develop.dsv'
[1.646s] DEBUG:colcon.colcon_core.event_handler.log_command:Invoked command in '/home/matejko/SLAM_AI/build/ai_slam_gazebo' returned '0': PS1=(.venv) \[\e]0;\u@\h: \w\a\]${debian_chroot:+($debian_chroot)}\[\033[01;32m\]\u@\h\[\033[00m\]:\[\033[01;34m\]\w\[\033[00m\]\$ PYTHONPATH=/home/matejko/SLAM_AI/build/ai_slam_gazebo/prefix_override:/usr/lib/python3/dist-packages/colcon_core/task/python/colcon_distutils_commands:/home/matejko/SLAM_AI/install/ai_slam_gazebo/lib/python3.12/site-packages:${PYTHONPATH} VIRTUAL_ENV_PROMPT=(.venv) /usr/bin/python3 -W ignore:setup.py install is deprecated -W ignore:easy_install command is deprecated setup.py develop --editable --build-directory /home/matejko/SLAM_AI/build/ai_slam_gazebo/build --no-deps symlink_data
[1.646s] INFO:colcon.colcon_core.shell:Creating environment hook '/home/matejko/SLAM_AI/build/ai_slam_gazebo/share/ai_slam_gazebo/hook/pythonpath_develop.sh'
[1.647s] Level 1:colcon.colcon_core.environment:checking '/home/matejko/SLAM_AI/install/ai_slam_gazebo' for CMake module files
[1.647s] Level 1:colcon.colcon_core.environment:checking '/home/matejko/SLAM_AI/install/ai_slam_gazebo' for CMake config files
[1.647s] Level 1:colcon.colcon_core.environment:checking '/home/matejko/SLAM_AI/install/ai_slam_gazebo/lib'
[1.647s] Level 1:colcon.colcon_core.environment:checking '/home/matejko/SLAM_AI/install/ai_slam_gazebo/bin'
[1.647s] Level 1:colcon.colcon_core.environment:checking '/home/matejko/SLAM_AI/install/ai_slam_gazebo/lib/pkgconfig/ai_slam_gazebo.pc'
[1.647s] Level 1:colcon.colcon_core.environment:checking '/home/matejko/SLAM_AI/install/ai_slam_gazebo/lib/python3.12/site-packages'
[1.647s] Level 1:colcon.colcon_core.shell:create_environment_hook('ai_slam_gazebo', 'pythonpath')
[1.647s] INFO:colcon.colcon_core.shell:Creating environment hook '/home/matejko/SLAM_AI/install/ai_slam_gazebo/share/ai_slam_gazebo/hook/pythonpath.ps1'
[1.647s] INFO:colcon.colcon_core.shell:Creating environment descriptor '/home/matejko/SLAM_AI/install/ai_slam_gazebo/share/ai_slam_gazebo/hook/pythonpath.dsv'
[1.648s] INFO:colcon.colcon_core.shell:Creating environment hook '/home/matejko/SLAM_AI/install/ai_slam_gazebo/share/ai_slam_gazebo/hook/pythonpath.sh'
[1.648s] Level 1:colcon.colcon_core.environment:checking '/home/matejko/SLAM_AI/install/ai_slam_gazebo/bin'
[1.648s] Level 1:colcon.colcon_core.environment:create_environment_scripts_only(ai_slam_gazebo)
[1.648s] INFO:colcon.colcon_core.shell:Creating package script '/home/matejko/SLAM_AI/install/ai_slam_gazebo/share/ai_slam_gazebo/package.ps1'
[1.648s] INFO:colcon.colcon_core.shell:Creating package descriptor '/home/matejko/SLAM_AI/install/ai_slam_gazebo/share/ai_slam_gazebo/package.dsv'
[1.648s] INFO:colcon.colcon_core.shell:Creating package script '/home/matejko/SLAM_AI/install/ai_slam_gazebo/share/ai_slam_gazebo/package.sh'
[1.649s] INFO:colcon.colcon_core.shell:Creating package script '/home/matejko/SLAM_AI/install/ai_slam_gazebo/share/ai_slam_gazebo/package.bash'
[1.649s] INFO:colcon.colcon_core.shell:Creating package script '/home/matejko/SLAM_AI/install/ai_slam_gazebo/share/ai_slam_gazebo/package.zsh'
[1.649s] Level 1:colcon.colcon_core.environment:create_file_with_runtime_dependencies(/home/matejko/SLAM_AI/install/ai_slam_gazebo/share/colcon-core/packages/ai_slam_gazebo)
[1.650s] Level 1:colcon.colcon_core.shell:create_environment_hook('ai_slam_description', 'pythonpath_develop')
[1.651s] INFO:colcon.colcon_core.shell:Creating environment hook '/home/matejko/SLAM_AI/build/ai_slam_description/share/ai_slam_description/hook/pythonpath_develop.ps1'
[1.651s] DEBUG:colcon.colcon_core.event_handler.log_command:Invoked command in '/home/matejko/SLAM_AI/build/ai_slam_description' returned '0': PS1=(.venv) \[\e]0;\u@\h: \w\a\]${debian_chroot:+($debian_chroot)}\[\033[01;32m\]\u@\h\[\033[00m\]:\[\033[01;34m\]\w\[\033[00m\]\$ PYTHONPATH=/home/matejko/SLAM_AI/build/ai_slam_description/prefix_override:/usr/lib/python3/dist-packages/colcon_core/task/python/colcon_distutils_commands:/home/matejko/SLAM_AI/install/ai_slam_description/lib/python3.12/site-packages:${PYTHONPATH} VIRTUAL_ENV_PROMPT=(.venv) /usr/bin/python3 -W ignore:setup.py install is deprecated -W ignore:easy_install command is deprecated setup.py develop --editable --build-directory /home/matejko/SLAM_AI/build/ai_slam_description/build --no-deps symlink_data
[1.651s] INFO:colcon.colcon_core.shell:Creating environment descriptor '/home/matejko/SLAM_AI/build/ai_slam_description/share/ai_slam_description/hook/pythonpath_develop.dsv'
[1.651s] INFO:colcon.colcon_core.shell:Creating environment hook '/home/matejko/SLAM_AI/build/ai_slam_description/share/ai_slam_description/hook/pythonpath_develop.sh'
[1.652s] Level 1:colcon.colcon_core.environment:checking '/home/matejko/SLAM_AI/install/ai_slam_description' for CMake module files
[1.652s] Level 1:colcon.colcon_core.environment:checking '/home/matejko/SLAM_AI/install/ai_slam_description' for CMake config files
[1.652s] Level 1:colcon.colcon_core.environment:checking '/home/matejko/SLAM_AI/install/ai_slam_description/lib'
[1.652s] Level 1:colcon.colcon_core.environment:checking '/home/matejko/SLAM_AI/install/ai_slam_description/bin'
[1.652s] Level 1:colcon.colcon_core.environment:checking '/home/matejko/SLAM_AI/install/ai_slam_description/lib/pkgconfig/ai_slam_description.pc'
[1.652s] Level 1:colcon.colcon_core.environment:checking '/home/matejko/SLAM_AI/install/ai_slam_description/lib/python3.12/site-packages'
[1.652s] Level 1:colcon.colcon_core.shell:create_environment_hook('ai_slam_description', 'pythonpath')
[1.652s] INFO:colcon.colcon_core.shell:Creating environment hook '/home/matejko/SLAM_AI/install/ai_slam_description/share/ai_slam_description/hook/pythonpath.ps1'
[1.652s] INFO:colcon.colcon_core.shell:Creating environment descriptor '/home/matejko/SLAM_AI/install/ai_slam_description/share/ai_slam_description/hook/pythonpath.dsv'
[1.653s] INFO:colcon.colcon_core.shell:Creating environment hook '/home/matejko/SLAM_AI/install/ai_slam_description/share/ai_slam_description/hook/pythonpath.sh'
[1.653s] Level 1:colcon.colcon_core.environment:checking '/home/matejko/SLAM_AI/install/ai_slam_description/bin'
[1.653s] Level 1:colcon.colcon_core.environment:create_environment_scripts_only(ai_slam_description)
[1.653s] INFO:colcon.colcon_core.shell:Creating package script '/home/matejko/SLAM_AI/install/ai_slam_description/share/ai_slam_description/package.ps1'
[1.653s] INFO:colcon.colcon_core.shell:Creating package descriptor '/home/matejko/SLAM_AI/install/ai_slam_description/share/ai_slam_description/package.dsv'
[1.654s] INFO:colcon.colcon_core.shell:Creating package script '/home/matejko/SLAM_AI/install/ai_slam_description/share/ai_slam_description/package.sh'
[1.654s] INFO:colcon.colcon_core.shell:Creating package script '/home/matejko/SLAM_AI/install/ai_slam_description/share/ai_slam_description/package.bash'
[1.654s] INFO:colcon.colcon_core.shell:Creating package script '/home/matejko/SLAM_AI/install/ai_slam_description/share/ai_slam_description/package.zsh'
[1.654s] Level 1:colcon.colcon_core.environment:create_file_with_runtime_dependencies(/home/matejko/SLAM_AI/install/ai_slam_description/share/colcon-core/packages/ai_slam_description)
[1.654s] INFO:colcon.colcon_ros.task.ament_python.build:Building ROS package in '/home/matejko/SLAM_AI/ai_slam_ws/src/ai_slam_bringup' with build type 'ament_python'
[1.654s] Level 1:colcon.colcon_core.shell:create_environment_hook('ai_slam_bringup', 'ament_prefix_path')
[1.654s] INFO:colcon.colcon_core.shell:Creating environment hook '/home/matejko/SLAM_AI/install/ai_slam_bringup/share/ai_slam_bringup/hook/ament_prefix_path.ps1'
[1.655s] INFO:colcon.colcon_core.shell:Creating environment descriptor '/home/matejko/SLAM_AI/install/ai_slam_bringup/share/ai_slam_bringup/hook/ament_prefix_path.dsv'
[1.655s] INFO:colcon.colcon_core.shell:Creating environment hook '/home/matejko/SLAM_AI/install/ai_slam_bringup/share/ai_slam_bringup/hook/ament_prefix_path.sh'
[1.656s] INFO:colcon.colcon_core.shell:Skip shell extension 'powershell' for command environment: Not usable outside of PowerShell
[1.656s] DEBUG:colcon.colcon_core.shell:Skip shell extension 'dsv' for command environment
[2.648s] INFO:colcon.colcon_core.task.python.build:Building Python package in '/home/matejko/SLAM_AI/ai_slam_ws/src/ai_slam_bringup'
[2.649s] INFO:colcon.colcon_core.shell:Skip shell extension 'powershell' for command environment: Not usable outside of PowerShell
[2.649s] DEBUG:colcon.colcon_core.shell:Skip shell extension 'dsv' for command environment
[4.029s] DEBUG:colcon.colcon_core.event_handler.log_command:Invoking command in '/home/matejko/SLAM_AI/build/ai_slam_bringup': AMENT_PREFIX_PATH=/home/matejko/SLAM_AI/install/ai_slam_gazebo:/home/matejko/SLAM_AI/install/ai_slam_eval:/home/matejko/SLAM_AI/install/ai_slam_description:/home/matejko/SLAM_AI/install/ai_slam_ai:/home/matejko/SLAM_AI/install/ai_slam_bringup:/opt/ros/jazzy PS1=(.venv) \[\e]0;\u@\h: \w\a\]${debian_chroot:+($debian_chroot)}\[\033[01;32m\]\u@\h\[\033[00m\]:\[\033[01;34m\]\w\[\033[00m\]\$ PYTHONPATH=/home/matejko/SLAM_AI/build/ai_slam_bringup/prefix_override:/usr/lib/python3/dist-packages/colcon_core/task/python/colcon_distutils_commands:/home/matejko/SLAM_AI/install/ai_slam_bringup/lib/python3.12/site-packages:/home/matejko/SLAM_AI/build/ai_slam_gazebo:/home/matejko/SLAM_AI/install/ai_slam_gazebo/lib/python3.12/site-packages:/home/matejko/SLAM_AI/build/ai_slam_eval:/home/matejko/SLAM_AI/install/ai_slam_eval/lib/python3.12/site-packages:/home/matejko/SLAM_AI/build/ai_slam_description:/home/matejko/SLAM_AI/install/ai_slam_description/lib/python3.12/site-packages:/home/matejko/SLAM_AI/build/ai_slam_ai:/home/matejko/SLAM_AI/install/ai_slam_ai/lib/python3.12/site-packages:/home/matejko/SLAM_AI/build/ai_slam_bringup:/home/matejko/SLAM_AI/install/ai_slam_bringup/lib/python3.12/site-packages:/opt/ros/jazzy/lib/python3.12/site-packages VIRTUAL_ENV_PROMPT=(.venv) /usr/bin/python3 -W ignore:setup.py install is deprecated -W ignore:easy_install command is deprecated setup.py develop --editable --build-directory /home/matejko/SLAM_AI/build/ai_slam_bringup/build --no-deps symlink_data
[4.441s] Level 1:colcon.colcon_core.shell:create_environment_hook('ai_slam_bringup', 'pythonpath_develop')
[4.442s] INFO:colcon.colcon_core.shell:Creating environment hook '/home/matejko/SLAM_AI/build/ai_slam_bringup/share/ai_slam_bringup/hook/pythonpath_develop.ps1'
[4.442s] DEBUG:colcon.colcon_core.event_handler.log_command:Invoked command in '/home/matejko/SLAM_AI/build/ai_slam_bringup' returned '0': AMENT_PREFIX_PATH=/home/matejko/SLAM_AI/install/ai_slam_gazebo:/home/matejko/SLAM_AI/install/ai_slam_eval:/home/matejko/SLAM_AI/install/ai_slam_description:/home/matejko/SLAM_AI/install/ai_slam_ai:/home/matejko/SLAM_AI/install/ai_slam_bringup:/opt/ros/jazzy PS1=(.venv) \[\e]0;\u@\h: \w\a\]${debian_chroot:+($debian_chroot)}\[\033[01;32m\]\u@\h\[\033[00m\]:\[\033[01;34m\]\w\[\033[00m\]\$ PYTHONPATH=/home/matejko/SLAM_AI/build/ai_slam_bringup/prefix_override:/usr/lib/python3/dist-packages/colcon_core/task/python/colcon_distutils_commands:/home/matejko/SLAM_AI/install/ai_slam_bringup/lib/python3.12/site-packages:/home/matejko/SLAM_AI/build/ai_slam_gazebo:/home/matejko/SLAM_AI/install/ai_slam_gazebo/lib/python3.12/site-packages:/home/matejko/SLAM_AI/build/ai_slam_eval:/home/matejko/SLAM_AI/install/ai_slam_eval/lib/python3.12/site-packages:/home/matejko/SLAM_AI/build/ai_slam_description:/home/matejko/SLAM_AI/install/ai_slam_description/lib/python3.12/site-packages:/home/matejko/SLAM_AI/build/ai_slam_ai:/home/matejko/SLAM_AI/install/ai_slam_ai/lib/python3.12/site-packages:/home/matejko/SLAM_AI/build/ai_slam_bringup:/home/matejko/SLAM_AI/install/ai_slam_bringup/lib/python3.12/site-packages:/opt/ros/jazzy/lib/python3.12/site-packages VIRTUAL_ENV_PROMPT=(.venv) /usr/bin/python3 -W ignore:setup.py install is deprecated -W ignore:easy_install command is deprecated setup.py develop --editable --build-directory /home/matejko/SLAM_AI/build/ai_slam_bringup/build --no-deps symlink_data
[4.442s] INFO:colcon.colcon_core.shell:Creating environment descriptor '/home/matejko/SLAM_AI/build/ai_slam_bringup/share/ai_slam_bringup/hook/pythonpath_develop.dsv'
[4.442s] INFO:colcon.colcon_core.shell:Creating environment hook '/home/matejko/SLAM_AI/build/ai_slam_bringup/share/ai_slam_bringup/hook/pythonpath_develop.sh'
[4.443s] Level 1:colcon.colcon_core.environment:checking '/home/matejko/SLAM_AI/install/ai_slam_bringup' for CMake module files
[4.443s] Level 1:colcon.colcon_core.environment:checking '/home/matejko/SLAM_AI/install/ai_slam_bringup' for CMake config files
[4.443s] Level 1:colcon.colcon_core.environment:checking '/home/matejko/SLAM_AI/install/ai_slam_bringup/lib'
[4.443s] Level 1:colcon.colcon_core.environment:checking '/home/matejko/SLAM_AI/install/ai_slam_bringup/bin'
[4.443s] Level 1:colcon.colcon_core.environment:checking '/home/matejko/SLAM_AI/install/ai_slam_bringup/lib/pkgconfig/ai_slam_bringup.pc'
[4.443s] Level 1:colcon.colcon_core.environment:checking '/home/matejko/SLAM_AI/install/ai_slam_bringup/lib/python3.12/site-packages'
[4.443s] Level 1:colcon.colcon_core.shell:create_environment_hook('ai_slam_bringup', 'pythonpath')
[4.443s] INFO:colcon.colcon_core.shell:Creating environment hook '/home/matejko/SLAM_AI/install/ai_slam_bringup/share/ai_slam_bringup/hook/pythonpath.ps1'
[4.444s] INFO:colcon.colcon_core.shell:Creating environment descriptor '/home/matejko/SLAM_AI/install/ai_slam_bringup/share/ai_slam_bringup/hook/pythonpath.dsv'
[4.444s] INFO:colcon.colcon_core.shell:Creating environment hook '/home/matejko/SLAM_AI/install/ai_slam_bringup/share/ai_slam_bringup/hook/pythonpath.sh'
[4.444s] Level 1:colcon.colcon_core.environment:checking '/home/matejko/SLAM_AI/install/ai_slam_bringup/bin'
[4.444s] Level 1:colcon.colcon_core.environment:create_environment_scripts_only(ai_slam_bringup)
[4.444s] INFO:colcon.colcon_core.shell:Creating package script '/home/matejko/SLAM_AI/install/ai_slam_bringup/share/ai_slam_bringup/package.ps1'
[4.445s] INFO:colcon.colcon_core.shell:Creating package descriptor '/home/matejko/SLAM_AI/install/ai_slam_bringup/share/ai_slam_bringup/package.dsv'
[4.445s] INFO:colcon.colcon_core.shell:Creating package script '/home/matejko/SLAM_AI/install/ai_slam_bringup/share/ai_slam_bringup/package.sh'
[4.445s] INFO:colcon.colcon_core.shell:Creating package script '/home/matejko/SLAM_AI/install/ai_slam_bringup/share/ai_slam_bringup/package.bash'
[4.445s] INFO:colcon.colcon_core.shell:Creating package script '/home/matejko/SLAM_AI/install/ai_slam_bringup/share/ai_slam_bringup/package.zsh'
[4.445s] Level 1:colcon.colcon_core.environment:create_file_with_runtime_dependencies(/home/matejko/SLAM_AI/install/ai_slam_bringup/share/colcon-core/packages/ai_slam_bringup)
[4.445s] DEBUG:colcon.colcon_parallel_executor.executor.parallel:closing loop
[4.446s] DEBUG:colcon.colcon_parallel_executor.executor.parallel:loop closed
[4.446s] DEBUG:colcon.colcon_parallel_executor.executor.parallel:run_until_complete finished with '0'
[4.446s] DEBUG:colcon.colcon_core.event_reactor:joining thread
[4.450s] INFO:colcon.colcon_core.plugin_system:Skipping extension 'colcon_notification.desktop_notification.terminal_notifier': Not used on non-Darwin systems
[4.450s] INFO:colcon.colcon_core.plugin_system:Skipping extension 'colcon_notification.desktop_notification.win32': Not used on non-Windows systems
[4.450s] INFO:colcon.colcon_notification.desktop_notification:Sending desktop notification using 'notify2'
[4.453s] DEBUG:colcon.colcon_core.event_reactor:joined thread
[4.453s] INFO:colcon.colcon_core.shell:Creating prefix script '/home/matejko/SLAM_AI/install/local_setup.ps1'
[4.453s] INFO:colcon.colcon_core.shell:Creating prefix util module '/home/matejko/SLAM_AI/install/_local_setup_util_ps1.py'
[4.454s] INFO:colcon.colcon_core.shell:Creating prefix chain script '/home/matejko/SLAM_AI/install/setup.ps1'
[4.454s] INFO:colcon.colcon_core.shell:Creating prefix script '/home/matejko/SLAM_AI/install/local_setup.sh'
[4.455s] INFO:colcon.colcon_core.shell:Creating prefix util module '/home/matejko/SLAM_AI/install/_local_setup_util_sh.py'
[4.455s] INFO:colcon.colcon_core.shell:Creating prefix chain script '/home/matejko/SLAM_AI/install/setup.sh'
[4.455s] INFO:colcon.colcon_core.shell:Creating prefix script '/home/matejko/SLAM_AI/install/local_setup.bash'
[4.456s] INFO:colcon.colcon_core.shell:Creating prefix chain script '/home/matejko/SLAM_AI/install/setup.bash'
[4.464s] INFO:colcon.colcon_core.shell:Creating prefix script '/home/matejko/SLAM_AI/install/local_setup.zsh'
[4.464s] INFO:colcon.colcon_core.shell:Creating prefix chain script '/home/matejko/SLAM_AI/install/setup.zsh'
