[0.000000] (-) TimerEvent: {}
[0.000000] (-) JobUnselected: {'identifier': 'ai_slam_description'}
[0.000000] (-) JobUnselected: {'identifier': 'ai_slam_eval'}
[0.000000] (-) JobUnselected: {'identifier': 'ai_slam_gazebo'}
[0.000000] (ai_slam_ai) JobQueued: {'identifier': 'ai_slam_ai', 'dependencies': OrderedDict()}
[0.000000] (ai_slam_bringup) JobQueued: {'identifier': 'ai_slam_bringup', 'dependencies': OrderedDict([('ai_slam_ai', '\\\\wsl.localhost\\Ubuntu\\home\\matejko\\SLAM_AI\\install\\ai_slam_ai'), ('ai_slam_description', '\\\\wsl.localhost\\Ubuntu\\home\\matejko\\SLAM_AI\\install\\ai_slam_description'), ('ai_slam_eval', '\\\\wsl.localhost\\Ubuntu\\home\\matejko\\SLAM_AI\\install\\ai_slam_eval'), ('ai_slam_gazebo', '\\\\wsl.localhost\\Ubuntu\\home\\matejko\\SLAM_AI\\install\\ai_slam_gazebo')])}
[0.000000] (ai_slam_ai) JobStarted: {'identifier': 'ai_slam_ai'}
[0.109000] (-) TimerEvent: {}
[0.219000] (-) TimerEvent: {}
[0.328000] (-) TimerEvent: {}
[0.437000] (-) TimerEvent: {}
[0.547000] (-) TimerEvent: {}
[0.656000] (-) TimerEvent: {}
[0.765000] (-) TimerEvent: {}
[0.875000] (-) TimerEvent: {}
[0.984000] (-) TimerEvent: {}
[1.094000] (-) TimerEvent: {}
[1.203000] (-) TimerEvent: {}
[1.312000] (-) TimerEvent: {}
[1.422000] (-) TimerEvent: {}
[1.531000] (-) TimerEvent: {}
[1.640000] (-) TimerEvent: {}
[1.750000] (-) TimerEvent: {}
[1.859000] (-) TimerEvent: {}
[1.969000] (-) TimerEvent: {}
[2.078000] (-) TimerEvent: {}
[2.187000] (-) TimerEvent: {}
[2.297000] (-) TimerEvent: {}
[2.406000] (-) TimerEvent: {}
[2.515000] (-) TimerEvent: {}
[2.625000] (-) TimerEvent: {}
[2.734000] (-) TimerEvent: {}
[2.844000] (-) TimerEvent: {}
[2.953000] (-) TimerEvent: {}
[3.062000] (-) TimerEvent: {}
[3.172000] (-) TimerEvent: {}
[3.281000] (-) TimerEvent: {}
[3.390000] (-) TimerEvent: {}
[3.500000] (-) TimerEvent: {}
[3.609000] (-) TimerEvent: {}
[3.656000] (ai_slam_ai) StderrLine: {'line': b'Traceback (most recent call last):\n  File "C:\\Users\\rjane\\AppData\\Local\\Programs\\Python\\Python310\\lib\\site-packages\\colcon_core\\executor\\__init__.py", line 91, in __call__\n    rc = await self.task(*args, **kwargs)\n  File "C:\\Users\\rjane\\AppData\\Local\\Programs\\Python\\Python310\\lib\\site-packages\\colcon_core\\task\\__init__.py", line 93, in __call__\n    return await task_method(*args, **kwargs)\n  File "C:\\Users\\rjane\\AppData\\Local\\Programs\\Python\\Python310\\lib\\site-packages\\colcon_ros\\task\\ament_python\\build.py", line 102, in build\n    return await extension.build(additional_hooks=additional_hooks)\n  File "C:\\Users\\rjane\\AppData\\Local\\Programs\\Python\\Python310\\lib\\site-packages\\colcon_core\\task\\python\\build.py", line 145, in build\n    temp_symlinks = self._symlinks_in_build(args, setup_py_data)\n  File "C:\\Users\\rjane\\AppData\\Local\\Programs\\Python\\Python310\\lib\\site-packages\\colcon_core\\task\\python\\build.py", line 360, in _symlinks_in_build\n    os.symlink(src, dst)\nFileExistsError: [WinError 183] Nie mo\xc5\xbcna utworzy\xc4\x87 pliku, kt\xc3\xb3ry ju\xc5\xbc istnieje: \'\\\\\\\\wsl.localhost\\\\Ubuntu\\\\home\\\\matejko\\\\SLAM_AI\\\\ai_slam_ws\\\\src\\\\ai_slam_ai\\\\setup.py\' -> \'\\\\\\\\wsl.localhost\\\\Ubuntu\\\\home\\\\matejko\\\\SLAM_AI\\\\build\\\\ai_slam_ai\\\\setup.py\'\n'}
[3.703000] (ai_slam_ai) JobEnded: {'identifier': 'ai_slam_ai', 'rc': 1}
[3.719000] (-) TimerEvent: {}
[3.719000] (ai_slam_bringup) JobSkipped: {'identifier': 'ai_slam_bringup'}
[3.719000] (-) EventReactorShutdown: {}
