[0.489s] [34mcolcon[0m [1;30mDEBUG[0m [32mCommand line arguments: ['C:\\Users\\rjane\\AppData\\Local\\Programs\\Python\\Python310\\Scripts\\colcon', 'build', '--packages-select', 'ai_slam_ai', 'ai_slam_bringup', '--symlink-install'][0m
[0.490s] [34mcolcon[0m [1;30mDEBUG[0m [32mParsed command line arguments: Namespace(log_base=None, log_level=None, verb_name='build', build_base='build', install_base='install', merge_install=False, symlink_install=True, test_result_base=None, continue_on_error=False, executor='parallel', parallel_workers=20, event_handlers=None, ignore_user_meta=False, metas=['./colcon.meta'], base_paths=['.'], packages_ignore=None, packages_ignore_regex=None, paths=None, packages_up_to=None, packages_up_to_regex=None, packages_above=None, packages_above_and_dependencies=None, packages_above_depth=None, packages_select_by_dep=None, packages_skip_by_dep=None, packages_skip_up_to=None, packages_select_build_failed=False, packages_skip_build_finished=False, packages_select_test_failures=False, packages_skip_test_passed=False, packages_select=['ai_slam_ai', 'ai_slam_bringup'], packages_skip=None, packages_select_regex=None, packages_skip_regex=None, packages_start=None, packages_end=None, cmake_args=None, cmake_target=None, cmake_target_skip_unavailable=False, cmake_clean_cache=False, cmake_clean_first=False, cmake_force_configure=False, ament_cmake_args=None, catkin_cmake_args=None, catkin_skip_building_tests=False, verb_parser=<colcon_defaults.argument_parser.defaults.DefaultArgumentsDecorator object at 0x0000011E9FBC7D90>, verb_extension=<colcon_core.verb.build.BuildVerb object at 0x0000011E9FA7BCD0>, main=<bound method BuildVerb.main of <colcon_core.verb.build.BuildVerb object at 0x0000011E9FA7BCD0>>)[0m
[0.872s] [34mcolcon.colcon_core.package_discovery[0m [1;30mLevel 1[0m discover_packages(colcon_meta) check parameters
[0.873s] [34mcolcon.colcon_core.package_discovery[0m [1;30mLevel 1[0m discover_packages(recursive) check parameters
[0.873s] [34mcolcon.colcon_core.package_discovery[0m [1;30mLevel 1[0m discover_packages(ignore) check parameters
[0.874s] [34mcolcon.colcon_core.package_discovery[0m [1;30mLevel 1[0m discover_packages(path) check parameters
[0.874s] [34mcolcon.colcon_core.package_discovery[0m [1;30mLevel 1[0m discover_packages(colcon_meta) discover
[0.875s] [34mcolcon.colcon_core.package_discovery[0m [1;30mLevel 1[0m discover_packages(recursive) discover
[0.875s] [34mcolcon.colcon_core.package_discovery[0m [1;30mINFO[0m Crawling recursively for packages in '\\wsl.localhost\Ubuntu\home\matejko\SLAM_AI'
[0.885s] [34mcolcon.colcon_core.package_identification[0m [1;30mLevel 1[0m _identify(.) by extensions ['ignore', 'ignore_ament_install']
[0.886s] [34mcolcon.colcon_core.package_identification[0m [1;30mLevel 1[0m _identify(.) by extension 'ignore'
[0.887s] [34mcolcon.colcon_core.package_identification[0m [1;30mLevel 1[0m _identify(.) by extension 'ignore_ament_install'
[0.888s] [34mcolcon.colcon_core.package_identification[0m [1;30mLevel 1[0m _identify(.) by extensions ['colcon_pkg']
[0.888s] [34mcolcon.colcon_core.package_identification[0m [1;30mLevel 1[0m _identify(.) by extension 'colcon_pkg'
[0.889s] [34mcolcon.colcon_core.package_identification[0m [1;30mLevel 1[0m _identify(.) by extensions ['colcon_meta']
[0.889s] [34mcolcon.colcon_core.package_identification[0m [1;30mLevel 1[0m _identify(.) by extension 'colcon_meta'
[0.900s] [34mcolcon.colcon_core.package_identification[0m [1;30mLevel 1[0m _identify(.) by extensions ['ros']
[0.900s] [34mcolcon.colcon_core.package_identification[0m [1;30mLevel 1[0m _identify(.) by extension 'ros'
[0.934s] [34mcolcon.colcon_core.package_identification[0m [1;30mLevel 1[0m _identify(.) by extensions ['cmake', 'python']
[0.935s] [34mcolcon.colcon_core.package_identification[0m [1;30mLevel 1[0m _identify(.) by extension 'cmake'
[0.936s] [34mcolcon.colcon_core.package_identification[0m [1;30mLevel 1[0m _identify(.) by extension 'python'
[0.937s] [34mcolcon.colcon_core.package_identification[0m [1;30mLevel 1[0m _identify(.) by extensions ['python_setup_py']
[0.937s] [34mcolcon.colcon_core.package_identification[0m [1;30mLevel 1[0m _identify(.) by extension 'python_setup_py'
[0.949s] [34mcolcon.colcon_core.package_identification[0m [1;30mLevel 1[0m _identify(ai_slam_ws) by extensions ['ignore', 'ignore_ament_install']
[0.949s] [34mcolcon.colcon_core.package_identification[0m [1;30mLevel 1[0m _identify(ai_slam_ws) by extension 'ignore'
[0.950s] [34mcolcon.colcon_core.package_identification[0m [1;30mLevel 1[0m _identify(ai_slam_ws) by extension 'ignore_ament_install'
[0.950s] [34mcolcon.colcon_core.package_identification[0m [1;30mLevel 1[0m _identify(ai_slam_ws) by extensions ['colcon_pkg']
[0.951s] [34mcolcon.colcon_core.package_identification[0m [1;30mLevel 1[0m _identify(ai_slam_ws) by extension 'colcon_pkg'
[0.952s] [34mcolcon.colcon_core.package_identification[0m [1;30mLevel 1[0m _identify(ai_slam_ws) by extensions ['colcon_meta']
[0.953s] [34mcolcon.colcon_core.package_identification[0m [1;30mLevel 1[0m _identify(ai_slam_ws) by extension 'colcon_meta'
[0.964s] [34mcolcon.colcon_core.package_identification[0m [1;30mLevel 1[0m _identify(ai_slam_ws) by extensions ['ros']
[0.965s] [34mcolcon.colcon_core.package_identification[0m [1;30mLevel 1[0m _identify(ai_slam_ws) by extension 'ros'
[0.967s] [34mcolcon.colcon_core.package_identification[0m [1;30mLevel 1[0m _identify(ai_slam_ws) by extensions ['cmake', 'python']
[0.968s] [34mcolcon.colcon_core.package_identification[0m [1;30mLevel 1[0m _identify(ai_slam_ws) by extension 'cmake'
[0.969s] [34mcolcon.colcon_core.package_identification[0m [1;30mLevel 1[0m _identify(ai_slam_ws) by extension 'python'
[0.970s] [34mcolcon.colcon_core.package_identification[0m [1;30mLevel 1[0m _identify(ai_slam_ws) by extensions ['python_setup_py']
[0.971s] [34mcolcon.colcon_core.package_identification[0m [1;30mLevel 1[0m _identify(ai_slam_ws) by extension 'python_setup_py'
[0.985s] [34mcolcon.colcon_core.package_identification[0m [1;30mLevel 1[0m _identify(ai_slam_ws\build) by extensions ['ignore', 'ignore_ament_install']
[0.987s] [34mcolcon.colcon_core.package_identification[0m [1;30mLevel 1[0m _identify(ai_slam_ws\build) by extension 'ignore'
[0.988s] [34mcolcon.colcon_core.package_identification[0m [1;30mLevel 1[0m _identify(ai_slam_ws\build) ignored
[1.003s] [34mcolcon.colcon_core.package_identification[0m [1;30mLevel 1[0m _identify(ai_slam_ws\install) by extensions ['ignore', 'ignore_ament_install']
[1.004s] [34mcolcon.colcon_core.package_identification[0m [1;30mLevel 1[0m _identify(ai_slam_ws\install) by extension 'ignore'
[1.005s] [34mcolcon.colcon_core.package_identification[0m [1;30mLevel 1[0m _identify(ai_slam_ws\install) ignored
[1.021s] [34mcolcon.colcon_core.package_identification[0m [1;30mLevel 1[0m _identify(ai_slam_ws\log) by extensions ['ignore', 'ignore_ament_install']
[1.022s] [34mcolcon.colcon_core.package_identification[0m [1;30mLevel 1[0m _identify(ai_slam_ws\log) by extension 'ignore'
[1.023s] [34mcolcon.colcon_core.package_identification[0m [1;30mLevel 1[0m _identify(ai_slam_ws\log) ignored
[1.039s] [34mcolcon.colcon_core.package_identification[0m [1;30mLevel 1[0m _identify(ai_slam_ws\out) by extensions ['ignore', 'ignore_ament_install']
[1.039s] [34mcolcon.colcon_core.package_identification[0m [1;30mLevel 1[0m _identify(ai_slam_ws\out) by extension 'ignore'
[1.040s] [34mcolcon.colcon_core.package_identification[0m [1;30mLevel 1[0m _identify(ai_slam_ws\out) by extension 'ignore_ament_install'
[1.041s] [34mcolcon.colcon_core.package_identification[0m [1;30mLevel 1[0m _identify(ai_slam_ws\out) by extensions ['colcon_pkg']
[1.043s] [34mcolcon.colcon_core.package_identification[0m [1;30mLevel 1[0m _identify(ai_slam_ws\out) by extension 'colcon_pkg'
[1.044s] [34mcolcon.colcon_core.package_identification[0m [1;30mLevel 1[0m _identify(ai_slam_ws\out) by extensions ['colcon_meta']
[1.044s] [34mcolcon.colcon_core.package_identification[0m [1;30mLevel 1[0m _identify(ai_slam_ws\out) by extension 'colcon_meta'
[1.055s] [34mcolcon.colcon_core.package_identification[0m [1;30mLevel 1[0m _identify(ai_slam_ws\out) by extensions ['ros']
[1.055s] [34mcolcon.colcon_core.package_identification[0m [1;30mLevel 1[0m _identify(ai_slam_ws\out) by extension 'ros'
[1.060s] [34mcolcon.colcon_core.package_identification[0m [1;30mLevel 1[0m _identify(ai_slam_ws\out) by extensions ['cmake', 'python']
[1.060s] [34mcolcon.colcon_core.package_identification[0m [1;30mLevel 1[0m _identify(ai_slam_ws\out) by extension 'cmake'
[1.061s] [34mcolcon.colcon_core.package_identification[0m [1;30mLevel 1[0m _identify(ai_slam_ws\out) by extension 'python'
[1.062s] [34mcolcon.colcon_core.package_identification[0m [1;30mLevel 1[0m _identify(ai_slam_ws\out) by extensions ['python_setup_py']
[1.062s] [34mcolcon.colcon_core.package_identification[0m [1;30mLevel 1[0m _identify(ai_slam_ws\out) by extension 'python_setup_py'
[1.076s] [34mcolcon.colcon_core.package_identification[0m [1;30mLevel 1[0m _identify(ai_slam_ws\src) by extensions ['ignore', 'ignore_ament_install']
[1.076s] [34mcolcon.colcon_core.package_identification[0m [1;30mLevel 1[0m _identify(ai_slam_ws\src) by extension 'ignore'
[1.078s] [34mcolcon.colcon_core.package_identification[0m [1;30mLevel 1[0m _identify(ai_slam_ws\src) by extension 'ignore_ament_install'
[1.080s] [34mcolcon.colcon_core.package_identification[0m [1;30mLevel 1[0m _identify(ai_slam_ws\src) by extensions ['colcon_pkg']
[1.080s] [34mcolcon.colcon_core.package_identification[0m [1;30mLevel 1[0m _identify(ai_slam_ws\src) by extension 'colcon_pkg'
[1.081s] [34mcolcon.colcon_core.package_identification[0m [1;30mLevel 1[0m _identify(ai_slam_ws\src) by extensions ['colcon_meta']
[1.081s] [34mcolcon.colcon_core.package_identification[0m [1;30mLevel 1[0m _identify(ai_slam_ws\src) by extension 'colcon_meta'
[1.095s] [34mcolcon.colcon_core.package_identification[0m [1;30mLevel 1[0m _identify(ai_slam_ws\src) by extensions ['ros']
[1.095s] [34mcolcon.colcon_core.package_identification[0m [1;30mLevel 1[0m _identify(ai_slam_ws\src) by extension 'ros'
[1.097s] [34mcolcon.colcon_core.package_identification[0m [1;30mLevel 1[0m _identify(ai_slam_ws\src) by extensions ['cmake', 'python']
[1.097s] [34mcolcon.colcon_core.package_identification[0m [1;30mLevel 1[0m _identify(ai_slam_ws\src) by extension 'cmake'
[1.099s] [34mcolcon.colcon_core.package_identification[0m [1;30mLevel 1[0m _identify(ai_slam_ws\src) by extension 'python'
[1.100s] [34mcolcon.colcon_core.package_identification[0m [1;30mLevel 1[0m _identify(ai_slam_ws\src) by extensions ['python_setup_py']
[1.101s] [34mcolcon.colcon_core.package_identification[0m [1;30mLevel 1[0m _identify(ai_slam_ws\src) by extension 'python_setup_py'
[1.116s] [34mcolcon.colcon_core.package_identification[0m [1;30mLevel 1[0m _identify(ai_slam_ws\src\ai_slam_ai) by extensions ['ignore', 'ignore_ament_install']
[1.116s] [34mcolcon.colcon_core.package_identification[0m [1;30mLevel 1[0m _identify(ai_slam_ws\src\ai_slam_ai) by extension 'ignore'
[1.117s] [34mcolcon.colcon_core.package_identification[0m [1;30mLevel 1[0m _identify(ai_slam_ws\src\ai_slam_ai) by extension 'ignore_ament_install'
[1.118s] [34mcolcon.colcon_core.package_identification[0m [1;30mLevel 1[0m _identify(ai_slam_ws\src\ai_slam_ai) by extensions ['colcon_pkg']
[1.118s] [34mcolcon.colcon_core.package_identification[0m [1;30mLevel 1[0m _identify(ai_slam_ws\src\ai_slam_ai) by extension 'colcon_pkg'
[1.120s] [34mcolcon.colcon_core.package_identification[0m [1;30mLevel 1[0m _identify(ai_slam_ws\src\ai_slam_ai) by extensions ['colcon_meta']
[1.120s] [34mcolcon.colcon_core.package_identification[0m [1;30mLevel 1[0m _identify(ai_slam_ws\src\ai_slam_ai) by extension 'colcon_meta'
[1.135s] [34mcolcon.colcon_core.package_identification[0m [1;30mLevel 1[0m _identify(ai_slam_ws\src\ai_slam_ai) by extensions ['ros']
[1.136s] [34mcolcon.colcon_core.package_identification[0m [1;30mLevel 1[0m _identify(ai_slam_ws\src\ai_slam_ai) by extension 'ros'
[1.149s] [34mcolcon.colcon_core.package_identification[0m [1;30mDEBUG[0m [32mPackage 'ai_slam_ws\src\ai_slam_ai' with type 'ros.ament_python' and name 'ai_slam_ai'[0m
[1.163s] [34mcolcon.colcon_core.package_identification[0m [1;30mLevel 1[0m _identify(ai_slam_ws\src\ai_slam_bringup) by extensions ['ignore', 'ignore_ament_install']
[1.164s] [34mcolcon.colcon_core.package_identification[0m [1;30mLevel 1[0m _identify(ai_slam_ws\src\ai_slam_bringup) by extension 'ignore'
[1.165s] [34mcolcon.colcon_core.package_identification[0m [1;30mLevel 1[0m _identify(ai_slam_ws\src\ai_slam_bringup) by extension 'ignore_ament_install'
[1.166s] [34mcolcon.colcon_core.package_identification[0m [1;30mLevel 1[0m _identify(ai_slam_ws\src\ai_slam_bringup) by extensions ['colcon_pkg']
[1.167s] [34mcolcon.colcon_core.package_identification[0m [1;30mLevel 1[0m _identify(ai_slam_ws\src\ai_slam_bringup) by extension 'colcon_pkg'
[1.168s] [34mcolcon.colcon_core.package_identification[0m [1;30mLevel 1[0m _identify(ai_slam_ws\src\ai_slam_bringup) by extensions ['colcon_meta']
[1.169s] [34mcolcon.colcon_core.package_identification[0m [1;30mLevel 1[0m _identify(ai_slam_ws\src\ai_slam_bringup) by extension 'colcon_meta'
[1.181s] [34mcolcon.colcon_core.package_identification[0m [1;30mLevel 1[0m _identify(ai_slam_ws\src\ai_slam_bringup) by extensions ['ros']
[1.181s] [34mcolcon.colcon_core.package_identification[0m [1;30mLevel 1[0m _identify(ai_slam_ws\src\ai_slam_bringup) by extension 'ros'
[1.196s] [34mcolcon.colcon_core.package_identification[0m [1;30mDEBUG[0m [32mPackage 'ai_slam_ws\src\ai_slam_bringup' with type 'ros.ament_python' and name 'ai_slam_bringup'[0m
[1.209s] [34mcolcon.colcon_core.package_identification[0m [1;30mLevel 1[0m _identify(ai_slam_ws\src\ai_slam_description) by extensions ['ignore', 'ignore_ament_install']
[1.210s] [34mcolcon.colcon_core.package_identification[0m [1;30mLevel 1[0m _identify(ai_slam_ws\src\ai_slam_description) by extension 'ignore'
[1.211s] [34mcolcon.colcon_core.package_identification[0m [1;30mLevel 1[0m _identify(ai_slam_ws\src\ai_slam_description) by extension 'ignore_ament_install'
[1.213s] [34mcolcon.colcon_core.package_identification[0m [1;30mLevel 1[0m _identify(ai_slam_ws\src\ai_slam_description) by extensions ['colcon_pkg']
[1.213s] [34mcolcon.colcon_core.package_identification[0m [1;30mLevel 1[0m _identify(ai_slam_ws\src\ai_slam_description) by extension 'colcon_pkg'
[1.214s] [34mcolcon.colcon_core.package_identification[0m [1;30mLevel 1[0m _identify(ai_slam_ws\src\ai_slam_description) by extensions ['colcon_meta']
[1.215s] [34mcolcon.colcon_core.package_identification[0m [1;30mLevel 1[0m _identify(ai_slam_ws\src\ai_slam_description) by extension 'colcon_meta'
[1.229s] [34mcolcon.colcon_core.package_identification[0m [1;30mLevel 1[0m _identify(ai_slam_ws\src\ai_slam_description) by extensions ['ros']
[1.229s] [34mcolcon.colcon_core.package_identification[0m [1;30mLevel 1[0m _identify(ai_slam_ws\src\ai_slam_description) by extension 'ros'
[1.241s] [34mcolcon.colcon_core.package_identification[0m [1;30mDEBUG[0m [32mPackage 'ai_slam_ws\src\ai_slam_description' with type 'ros.ament_python' and name 'ai_slam_description'[0m
[1.256s] [34mcolcon.colcon_core.package_identification[0m [1;30mLevel 1[0m _identify(ai_slam_ws\src\ai_slam_eval) by extensions ['ignore', 'ignore_ament_install']
[1.257s] [34mcolcon.colcon_core.package_identification[0m [1;30mLevel 1[0m _identify(ai_slam_ws\src\ai_slam_eval) by extension 'ignore'
[1.258s] [34mcolcon.colcon_core.package_identification[0m [1;30mLevel 1[0m _identify(ai_slam_ws\src\ai_slam_eval) by extension 'ignore_ament_install'
[1.258s] [34mcolcon.colcon_core.package_identification[0m [1;30mLevel 1[0m _identify(ai_slam_ws\src\ai_slam_eval) by extensions ['colcon_pkg']
[1.259s] [34mcolcon.colcon_core.package_identification[0m [1;30mLevel 1[0m _identify(ai_slam_ws\src\ai_slam_eval) by extension 'colcon_pkg'
[1.260s] [34mcolcon.colcon_core.package_identification[0m [1;30mLevel 1[0m _identify(ai_slam_ws\src\ai_slam_eval) by extensions ['colcon_meta']
[1.261s] [34mcolcon.colcon_core.package_identification[0m [1;30mLevel 1[0m _identify(ai_slam_ws\src\ai_slam_eval) by extension 'colcon_meta'
[1.274s] [34mcolcon.colcon_core.package_identification[0m [1;30mLevel 1[0m _identify(ai_slam_ws\src\ai_slam_eval) by extensions ['ros']
[1.275s] [34mcolcon.colcon_core.package_identification[0m [1;30mLevel 1[0m _identify(ai_slam_ws\src\ai_slam_eval) by extension 'ros'
[1.287s] [34mcolcon.colcon_core.package_identification[0m [1;30mDEBUG[0m [32mPackage 'ai_slam_ws\src\ai_slam_eval' with type 'ros.ament_python' and name 'ai_slam_eval'[0m
[1.301s] [34mcolcon.colcon_core.package_identification[0m [1;30mLevel 1[0m _identify(ai_slam_ws\src\ai_slam_gazebo) by extensions ['ignore', 'ignore_ament_install']
[1.302s] [34mcolcon.colcon_core.package_identification[0m [1;30mLevel 1[0m _identify(ai_slam_ws\src\ai_slam_gazebo) by extension 'ignore'
[1.302s] [34mcolcon.colcon_core.package_identification[0m [1;30mLevel 1[0m _identify(ai_slam_ws\src\ai_slam_gazebo) by extension 'ignore_ament_install'
[1.304s] [34mcolcon.colcon_core.package_identification[0m [1;30mLevel 1[0m _identify(ai_slam_ws\src\ai_slam_gazebo) by extensions ['colcon_pkg']
[1.305s] [34mcolcon.colcon_core.package_identification[0m [1;30mLevel 1[0m _identify(ai_slam_ws\src\ai_slam_gazebo) by extension 'colcon_pkg'
[1.306s] [34mcolcon.colcon_core.package_identification[0m [1;30mLevel 1[0m _identify(ai_slam_ws\src\ai_slam_gazebo) by extensions ['colcon_meta']
[1.306s] [34mcolcon.colcon_core.package_identification[0m [1;30mLevel 1[0m _identify(ai_slam_ws\src\ai_slam_gazebo) by extension 'colcon_meta'
[1.321s] [34mcolcon.colcon_core.package_identification[0m [1;30mLevel 1[0m _identify(ai_slam_ws\src\ai_slam_gazebo) by extensions ['ros']
[1.321s] [34mcolcon.colcon_core.package_identification[0m [1;30mLevel 1[0m _identify(ai_slam_ws\src\ai_slam_gazebo) by extension 'ros'
[1.347s] [34mcolcon.colcon_core.package_identification[0m [1;30mDEBUG[0m [32mPackage 'ai_slam_ws\src\ai_slam_gazebo' with type 'ros.ament_python' and name 'ai_slam_gazebo'[0m
[1.361s] [34mcolcon.colcon_core.package_identification[0m [1;30mLevel 1[0m _identify(build) by extensions ['ignore', 'ignore_ament_install']
[1.362s] [34mcolcon.colcon_core.package_identification[0m [1;30mLevel 1[0m _identify(build) by extension 'ignore'
[1.363s] [34mcolcon.colcon_core.package_identification[0m [1;30mLevel 1[0m _identify(build) ignored
[1.378s] [34mcolcon.colcon_core.package_identification[0m [1;30mLevel 1[0m _identify(install) by extensions ['ignore', 'ignore_ament_install']
[1.379s] [34mcolcon.colcon_core.package_identification[0m [1;30mLevel 1[0m _identify(install) by extension 'ignore'
[1.380s] [34mcolcon.colcon_core.package_identification[0m [1;30mLevel 1[0m _identify(install) ignored
[1.394s] [34mcolcon.colcon_core.package_identification[0m [1;30mLevel 1[0m _identify(log) by extensions ['ignore', 'ignore_ament_install']
[1.396s] [34mcolcon.colcon_core.package_identification[0m [1;30mLevel 1[0m _identify(log) by extension 'ignore'
[1.397s] [34mcolcon.colcon_core.package_identification[0m [1;30mLevel 1[0m _identify(log) ignored
[1.410s] [34mcolcon.colcon_core.package_identification[0m [1;30mLevel 1[0m _identify(out) by extensions ['ignore', 'ignore_ament_install']
[1.411s] [34mcolcon.colcon_core.package_identification[0m [1;30mLevel 1[0m _identify(out) by extension 'ignore'
[1.412s] [34mcolcon.colcon_core.package_identification[0m [1;30mLevel 1[0m _identify(out) by extension 'ignore_ament_install'
[1.414s] [34mcolcon.colcon_core.package_identification[0m [1;30mLevel 1[0m _identify(out) by extensions ['colcon_pkg']
[1.415s] [34mcolcon.colcon_core.package_identification[0m [1;30mLevel 1[0m _identify(out) by extension 'colcon_pkg'
[1.416s] [34mcolcon.colcon_core.package_identification[0m [1;30mLevel 1[0m _identify(out) by extensions ['colcon_meta']
[1.416s] [34mcolcon.colcon_core.package_identification[0m [1;30mLevel 1[0m _identify(out) by extension 'colcon_meta'
[1.431s] [34mcolcon.colcon_core.package_identification[0m [1;30mLevel 1[0m _identify(out) by extensions ['ros']
[1.431s] [34mcolcon.colcon_core.package_identification[0m [1;30mLevel 1[0m _identify(out) by extension 'ros'
[1.433s] [34mcolcon.colcon_core.package_identification[0m [1;30mLevel 1[0m _identify(out) by extensions ['cmake', 'python']
[1.434s] [34mcolcon.colcon_core.package_identification[0m [1;30mLevel 1[0m _identify(out) by extension 'cmake'
[1.435s] [34mcolcon.colcon_core.package_identification[0m [1;30mLevel 1[0m _identify(out) by extension 'python'
[1.436s] [34mcolcon.colcon_core.package_identification[0m [1;30mLevel 1[0m _identify(out) by extensions ['python_setup_py']
[1.436s] [34mcolcon.colcon_core.package_identification[0m [1;30mLevel 1[0m _identify(out) by extension 'python_setup_py'
[1.452s] [34mcolcon.colcon_core.package_identification[0m [1;30mLevel 1[0m _identify(scripts) by extensions ['ignore', 'ignore_ament_install']
[1.453s] [34mcolcon.colcon_core.package_identification[0m [1;30mLevel 1[0m _identify(scripts) by extension 'ignore'
[1.453s] [34mcolcon.colcon_core.package_identification[0m [1;30mLevel 1[0m _identify(scripts) by extension 'ignore_ament_install'
[1.455s] [34mcolcon.colcon_core.package_identification[0m [1;30mLevel 1[0m _identify(scripts) by extensions ['colcon_pkg']
[1.455s] [34mcolcon.colcon_core.package_identification[0m [1;30mLevel 1[0m _identify(scripts) by extension 'colcon_pkg'
[1.456s] [34mcolcon.colcon_core.package_identification[0m [1;30mLevel 1[0m _identify(scripts) by extensions ['colcon_meta']
[1.457s] [34mcolcon.colcon_core.package_identification[0m [1;30mLevel 1[0m _identify(scripts) by extension 'colcon_meta'
[1.469s] [34mcolcon.colcon_core.package_identification[0m [1;30mLevel 1[0m _identify(scripts) by extensions ['ros']
[1.469s] [34mcolcon.colcon_core.package_identification[0m [1;30mLevel 1[0m _identify(scripts) by extension 'ros'
[1.473s] [34mcolcon.colcon_core.package_identification[0m [1;30mLevel 1[0m _identify(scripts) by extensions ['cmake', 'python']
[1.474s] [34mcolcon.colcon_core.package_identification[0m [1;30mLevel 1[0m _identify(scripts) by extension 'cmake'
[1.474s] [34mcolcon.colcon_core.package_identification[0m [1;30mLevel 1[0m _identify(scripts) by extension 'python'
[1.477s] [34mcolcon.colcon_core.package_identification[0m [1;30mLevel 1[0m _identify(scripts) by extensions ['python_setup_py']
[1.478s] [34mcolcon.colcon_core.package_identification[0m [1;30mLevel 1[0m _identify(scripts) by extension 'python_setup_py'
[1.479s] [34mcolcon.colcon_core.package_discovery[0m [1;30mLevel 1[0m discover_packages(recursive) using defaults
[1.480s] [34mcolcon.colcon_core.package_discovery[0m [1;30mLevel 1[0m discover_packages(ignore) discover
[1.480s] [34mcolcon.colcon_core.package_discovery[0m [1;30mLevel 1[0m discover_packages(ignore) using defaults
[1.481s] [34mcolcon.colcon_core.package_discovery[0m [1;30mLevel 1[0m discover_packages(path) discover
[1.482s] [34mcolcon.colcon_core.package_discovery[0m [1;30mLevel 1[0m discover_packages(path) using defaults
[1.651s] [34mcolcon.colcon_core.package_selection[0m [1;30mINFO[0m Skipping not selected package 'ai_slam_description' in 'ai_slam_ws\src\ai_slam_description'
[1.651s] [34mcolcon.colcon_core.package_selection[0m [1;30mINFO[0m Skipping not selected package 'ai_slam_eval' in 'ai_slam_ws\src\ai_slam_eval'
[1.652s] [34mcolcon.colcon_core.package_selection[0m [1;30mINFO[0m Skipping not selected package 'ai_slam_gazebo' in 'ai_slam_ws\src\ai_slam_gazebo'
[1.653s] [34mcolcon.colcon_core.verb[0m [1;30mLevel 5[0m set package 'ai_slam_ai' build argument 'cmake_args' from command line to 'None'
[1.653s] [34mcolcon.colcon_core.verb[0m [1;30mLevel 5[0m set package 'ai_slam_ai' build argument 'cmake_target' from command line to 'None'
[1.654s] [34mcolcon.colcon_core.verb[0m [1;30mLevel 5[0m set package 'ai_slam_ai' build argument 'cmake_target_skip_unavailable' from command line to 'False'
[1.654s] [34mcolcon.colcon_core.verb[0m [1;30mLevel 5[0m set package 'ai_slam_ai' build argument 'cmake_clean_cache' from command line to 'False'
[1.655s] [34mcolcon.colcon_core.verb[0m [1;30mLevel 5[0m set package 'ai_slam_ai' build argument 'cmake_clean_first' from command line to 'False'
[1.655s] [34mcolcon.colcon_core.verb[0m [1;30mLevel 5[0m set package 'ai_slam_ai' build argument 'cmake_force_configure' from command line to 'False'
[1.655s] [34mcolcon.colcon_core.verb[0m [1;30mLevel 5[0m set package 'ai_slam_ai' build argument 'ament_cmake_args' from command line to 'None'
[1.656s] [34mcolcon.colcon_core.verb[0m [1;30mLevel 5[0m set package 'ai_slam_ai' build argument 'catkin_cmake_args' from command line to 'None'
[1.656s] [34mcolcon.colcon_core.verb[0m [1;30mLevel 5[0m set package 'ai_slam_ai' build argument 'catkin_skip_building_tests' from command line to 'False'
[1.656s] [34mcolcon.colcon_core.verb[0m [1;30mDEBUG[0m [32mBuilding package 'ai_slam_ai' with the following arguments: {'ament_cmake_args': None, 'build_base': '\\\\wsl.localhost\\Ubuntu\\home\\matejko\\SLAM_AI\\build\\ai_slam_ai', 'catkin_cmake_args': None, 'catkin_skip_building_tests': False, 'cmake_args': None, 'cmake_clean_cache': False, 'cmake_clean_first': False, 'cmake_force_configure': False, 'cmake_target': None, 'cmake_target_skip_unavailable': False, 'install_base': '\\\\wsl.localhost\\Ubuntu\\home\\matejko\\SLAM_AI\\install\\ai_slam_ai', 'merge_install': False, 'path': '\\\\wsl.localhost\\Ubuntu\\home\\matejko\\SLAM_AI\\ai_slam_ws\\src\\ai_slam_ai', 'symlink_install': True, 'test_result_base': None}[0m
[1.657s] [34mcolcon.colcon_core.verb[0m [1;30mLevel 5[0m set package 'ai_slam_bringup' build argument 'cmake_args' from command line to 'None'
[1.658s] [34mcolcon.colcon_core.verb[0m [1;30mLevel 5[0m set package 'ai_slam_bringup' build argument 'cmake_target' from command line to 'None'
[1.658s] [34mcolcon.colcon_core.verb[0m [1;30mLevel 5[0m set package 'ai_slam_bringup' build argument 'cmake_target_skip_unavailable' from command line to 'False'
[1.660s] [34mcolcon.colcon_core.verb[0m [1;30mLevel 5[0m set package 'ai_slam_bringup' build argument 'cmake_clean_cache' from command line to 'False'
[1.660s] [34mcolcon.colcon_core.verb[0m [1;30mLevel 5[0m set package 'ai_slam_bringup' build argument 'cmake_clean_first' from command line to 'False'
[1.661s] [34mcolcon.colcon_core.verb[0m [1;30mLevel 5[0m set package 'ai_slam_bringup' build argument 'cmake_force_configure' from command line to 'False'
[1.662s] [34mcolcon.colcon_core.verb[0m [1;30mLevel 5[0m set package 'ai_slam_bringup' build argument 'ament_cmake_args' from command line to 'None'
[1.662s] [34mcolcon.colcon_core.verb[0m [1;30mLevel 5[0m set package 'ai_slam_bringup' build argument 'catkin_cmake_args' from command line to 'None'
[1.662s] [34mcolcon.colcon_core.verb[0m [1;30mLevel 5[0m set package 'ai_slam_bringup' build argument 'catkin_skip_building_tests' from command line to 'False'
[1.663s] [34mcolcon.colcon_core.verb[0m [1;30mDEBUG[0m [32mBuilding package 'ai_slam_bringup' with the following arguments: {'ament_cmake_args': None, 'build_base': '\\\\wsl.localhost\\Ubuntu\\home\\matejko\\SLAM_AI\\build\\ai_slam_bringup', 'catkin_cmake_args': None, 'catkin_skip_building_tests': False, 'cmake_args': None, 'cmake_clean_cache': False, 'cmake_clean_first': False, 'cmake_force_configure': False, 'cmake_target': None, 'cmake_target_skip_unavailable': False, 'install_base': '\\\\wsl.localhost\\Ubuntu\\home\\matejko\\SLAM_AI\\install\\ai_slam_bringup', 'merge_install': False, 'path': '\\\\wsl.localhost\\Ubuntu\\home\\matejko\\SLAM_AI\\ai_slam_ws\\src\\ai_slam_bringup', 'symlink_install': True, 'test_result_base': None}[0m
[1.665s] [34mcolcon.colcon_core.executor[0m [1;30mINFO[0m Executing jobs using 'parallel' executor
[1.667s] [34mcolcon.colcon_parallel_executor.executor.parallel[0m [1;30mDEBUG[0m [32mrun_until_complete[0m
[1.668s] [34mcolcon.colcon_ros.task.ament_python.build[0m [1;30mINFO[0m Building ROS package in '\\wsl.localhost\Ubuntu\home\matejko\SLAM_AI\ai_slam_ws\src\ai_slam_ai' with build type 'ament_python'
[1.668s] [34mcolcon.colcon_core.shell[0m [1;30mLevel 1[0m create_environment_hook('ai_slam_ai', 'ament_prefix_path')
[1.672s] [34mcolcon.colcon_core.plugin_system[0m [1;30mINFO[0m Skipping extension 'colcon_core.shell.sh': Not used on Windows systems
[1.673s] [34mcolcon.colcon_core.shell[0m [1;30mINFO[0m Creating environment hook '\\wsl.localhost\Ubuntu\home\matejko\SLAM_AI\install\ai_slam_ai\share\ai_slam_ai\hook\ament_prefix_path.ps1'
[1.696s] [34mcolcon.colcon_core.shell[0m [1;30mINFO[0m Creating environment hook '\\wsl.localhost\Ubuntu\home\matejko\SLAM_AI\install\ai_slam_ai\share\ai_slam_ai\hook\ament_prefix_path.bat'
[1.720s] [34mcolcon.colcon_core.shell[0m [1;30mINFO[0m Creating environment descriptor '\\wsl.localhost\Ubuntu\home\matejko\SLAM_AI\install\ai_slam_ai\share\ai_slam_ai\hook\ament_prefix_path.dsv'
[3.059s] [34mcolcon.colcon_core.task.python.build[0m [1;30mINFO[0m Building Python package in '\\wsl.localhost\Ubuntu\home\matejko\SLAM_AI\ai_slam_ws\src\ai_slam_ai'
[5.383s] [34mcolcon.colcon_parallel_executor.executor.parallel[0m [1;30mDEBUG[0m [32mclosing loop[0m
[5.383s] [34mcolcon.colcon_parallel_executor.executor.parallel[0m [1;30mDEBUG[0m [32mloop closed[0m
[5.383s] [34mcolcon.colcon_parallel_executor.executor.parallel[0m [1;30mDEBUG[0m [32mrun_until_complete finished with '[WinError 183] Nie mo¿na utworzyæ pliku, który ju¿ istnieje: '\\\\wsl.localhost\\Ubuntu\\home\\matejko\\SLAM_AI\\ai_slam_ws\\src\\ai_slam_ai\\setup.py' -> '\\\\wsl.localhost\\Ubuntu\\home\\matejko\\SLAM_AI\\build\\ai_slam_ai\\setup.py''[0m
[5.385s] [34mcolcon.colcon_core.event_reactor[0m [1;30mDEBUG[0m [32mjoining thread[0m
[5.398s] [34mcolcon.colcon_core.plugin_system[0m [1;30mINFO[0m Skipping extension 'colcon_notification.desktop_notification.notify2': 'notify2' not found
[5.399s] [34mcolcon.colcon_core.plugin_system[0m [1;30mINFO[0m Skipping extension 'colcon_notification.desktop_notification.notify_send': Not used on non-Linux systems
[5.400s] [34mcolcon.colcon_core.plugin_system[0m [1;30mINFO[0m Skipping extension 'colcon_notification.desktop_notification.terminal_notifier': Not used on non-Darwin systems
[5.400s] [34mcolcon.colcon_notification.desktop_notification[0m [1;30mINFO[0m Sending desktop notification using 'win32'
[10.437s] [34mcolcon.colcon_core.event_reactor[0m [1;30mDEBUG[0m [32mjoined thread[0m
[10.439s] [34mcolcon.colcon_core.shell[0m [1;30mINFO[0m Creating prefix script '\\wsl.localhost\Ubuntu\home\matejko\SLAM_AI\install\local_setup.ps1'
[10.457s] [34mcolcon.colcon_core.shell[0m [1;30mINFO[0m Creating prefix util module '\\wsl.localhost\Ubuntu\home\matejko\SLAM_AI\install\_local_setup_util_ps1.py'
[10.475s] [34mcolcon.colcon_core.shell[0m [1;30mINFO[0m Creating prefix chain script '\\wsl.localhost\Ubuntu\home\matejko\SLAM_AI\install\setup.ps1'
[10.490s] [34mcolcon.colcon_core.shell[0m [1;30mINFO[0m Creating prefix script '\\wsl.localhost\Ubuntu\home\matejko\SLAM_AI\install\local_setup.bat'
[10.506s] [34mcolcon.colcon_core.shell[0m [1;30mINFO[0m Creating prefix util module '\\wsl.localhost\Ubuntu\home\matejko\SLAM_AI\install\_local_setup_util_bat.py'
[10.521s] [34mcolcon.colcon_core.shell[0m [1;30mINFO[0m Creating prefix chain script '\\wsl.localhost\Ubuntu\home\matejko\SLAM_AI\install\setup.bat'
