[2.016s] Invoking command in '\\wsl.localhost\Ubuntu\home\matejko\SLAM_AI\ai_slam_ws\src\ai_slam_description': PYTHONPATH=\\wsl.localhost\Ubuntu\home\matejko\SLAM_AI\build\ai_slam_description\prefix_override;C:\Users\rjane\AppData\Local\Programs\Python\Python310\lib\site-packages\colcon_core\task\python\colcon_distutils_commands;\\wsl.localhost\Ubuntu\home\matejko\SLAM_AI\install\ai_slam_description\Lib\site-packages; C:\Users\rjane\AppData\Local\Programs\Python\Python310\python.exe -W ignore:setup.py install is deprecated -W ignore:easy_install command is deprecated setup.py egg_info --egg-base ..\..\..\build\ai_slam_description build --build-base \\wsl.localhost\Ubuntu\home\matejko\SLAM_AI\build\ai_slam_description\build install --record \\wsl.localhost\Ubuntu\home\matejko\SLAM_AI\build\ai_slam_description\install.log --single-version-externally-managed install_data
[2.688s] running egg_info
[2.704s] writing ..\..\..\build\ai_slam_description\ai_slam_description.egg-info\PKG-INFO
[2.719s] writing dependency_links to ..\..\..\build\ai_slam_description\ai_slam_description.egg-info\dependency_links.txt
[2.719s] writing requirements to ..\..\..\build\ai_slam_description\ai_slam_description.egg-info\requires.txt
[2.719s] writing top-level names to ..\..\..\build\ai_slam_description\ai_slam_description.egg-info\top_level.txt
[2.766s] reading manifest file '..\..\..\build\ai_slam_description\ai_slam_description.egg-info\SOURCES.txt'
[2.797s] writing manifest file '..\..\..\build\ai_slam_description\ai_slam_description.egg-info\SOURCES.txt'
[2.797s] running build
[2.797s] running build_py
[2.797s] creating \\wsl.localhost\Ubuntu\home\matejko\SLAM_AI\build\ai_slam_description\build
[2.813s] creating \\wsl.localhost\Ubuntu\home\matejko\SLAM_AI\build\ai_slam_description\build\lib
[2.813s] creating \\wsl.localhost\Ubuntu\home\matejko\SLAM_AI\build\ai_slam_description\build\lib\ai_slam_description
[2.813s] copying ai_slam_description\init.py -> \\wsl.localhost\Ubuntu\home\matejko\SLAM_AI\build\ai_slam_description\build\lib\ai_slam_description
[2.829s] running install
[2.829s] running install_lib
[2.844s] creating \\wsl.localhost\Ubuntu\home\matejko\SLAM_AI\install\ai_slam_description\Lib\site-packages\ai_slam_description
[2.844s] copying \\wsl.localhost\Ubuntu\home\matejko\SLAM_AI\build\ai_slam_description\build\lib\ai_slam_description\init.py -> \\wsl.localhost\Ubuntu\home\matejko\SLAM_AI\install\ai_slam_description\Lib\site-packages\ai_slam_description
[2.860s] byte-compiling \\wsl.localhost\Ubuntu\home\matejko\SLAM_AI\install\ai_slam_description\Lib\site-packages\ai_slam_description\init.py to init.cpython-310.pyc
[2.875s] running install_data
[2.875s] copying resource\ai_slam_description -> \\wsl.localhost\Ubuntu\home\matejko\SLAM_AI\install\ai_slam_description\share\ament_index\resource_index\packages
[2.875s] error: could not create '\\wsl.localhost\Ubuntu\home\matejko\SLAM_AI\install\ai_slam_description\share\ament_index\resource_index\packages\ai_slam_description': No such file or directory
[2.907s] Invoked command in '\\wsl.localhost\Ubuntu\home\matejko\SLAM_AI\ai_slam_ws\src\ai_slam_description' returned '1': PYTHONPATH=\\wsl.localhost\Ubuntu\home\matejko\SLAM_AI\build\ai_slam_description\prefix_override;C:\Users\rjane\AppData\Local\Programs\Python\Python310\lib\site-packages\colcon_core\task\python\colcon_distutils_commands;\\wsl.localhost\Ubuntu\home\matejko\SLAM_AI\install\ai_slam_description\Lib\site-packages; C:\Users\rjane\AppData\Local\Programs\Python\Python310\python.exe -W ignore:setup.py install is deprecated -W ignore:easy_install command is deprecated setup.py egg_info --egg-base ..\..\..\build\ai_slam_description build --build-base \\wsl.localhost\Ubuntu\home\matejko\SLAM_AI\build\ai_slam_description\build install --record \\wsl.localhost\Ubuntu\home\matejko\SLAM_AI\build\ai_slam_description\install.log --single-version-externally-managed install_data
