[0.000000] (-) TimerEvent: {}
[0.000000] (ai_slam_ai) JobQueued: {'identifier': 'ai_slam_ai', 'dependencies': OrderedDict()}
[0.000000] (ai_slam_description) JobQueued: {'identifier': 'ai_slam_description', 'dependencies': OrderedDict()}
[0.000000] (ai_slam_eval) JobQueued: {'identifier': 'ai_slam_eval', 'dependencies': OrderedDict()}
[0.000000] (ai_slam_gazebo) JobQueued: {'identifier': 'ai_slam_gazebo', 'dependencies': OrderedDict()}
[0.000000] (ai_slam_bringup) JobQueued: {'identifier': 'ai_slam_bringup', 'dependencies': OrderedDict([('ai_slam_ai', '\\\\wsl.localhost\\Ubuntu\\home\\matejko\\SLAM_AI\\install\\ai_slam_ai'), ('ai_slam_description', '\\\\wsl.localhost\\Ubuntu\\home\\matejko\\SLAM_AI\\install\\ai_slam_description'), ('ai_slam_eval', '\\\\wsl.localhost\\Ubuntu\\home\\matejko\\SLAM_AI\\install\\ai_slam_eval'), ('ai_slam_gazebo', '\\\\wsl.localhost\\Ubuntu\\home\\matejko\\SLAM_AI\\install\\ai_slam_gazebo')])}
[0.000000] (ai_slam_ai) JobStarted: {'identifier': 'ai_slam_ai'}
[0.047000] (ai_slam_description) JobStarted: {'identifier': 'ai_slam_description'}
[0.094000] (-) TimerEvent: {}
[0.094000] (ai_slam_eval) JobStarted: {'identifier': 'ai_slam_eval'}
[0.157000] (ai_slam_gazebo) JobStarted: {'identifier': 'ai_slam_gazebo'}
[0.203000] (-) TimerEvent: {}
[0.313000] (-) TimerEvent: {}
[0.422000] (-) TimerEvent: {}
[0.532000] (-) TimerEvent: {}
[0.641000] (-) TimerEvent: {}
[0.750000] (-) TimerEvent: {}
[0.860000] (-) TimerEvent: {}
[0.969000] (-) TimerEvent: {}
[1.078000] (-) TimerEvent: {}
[1.188000] (-) TimerEvent: {}
[1.297000] (-) TimerEvent: {}
[1.407000] (-) TimerEvent: {}
[1.516000] (-) TimerEvent: {}
[1.625000] (-) TimerEvent: {}
[1.735000] (-) TimerEvent: {}
[1.844000] (-) TimerEvent: {}
[1.953000] (-) TimerEvent: {}
[2.063000] (-) TimerEvent: {}
[2.172000] (-) TimerEvent: {}
[2.282000] (-) TimerEvent: {}
[2.391000] (-) TimerEvent: {}
[2.500000] (-) TimerEvent: {}
[2.610000] (-) TimerEvent: {}
[2.719000] (-) TimerEvent: {}
[2.828000] (-) TimerEvent: {}
[2.938000] (-) TimerEvent: {}
[3.047000] (-) TimerEvent: {}
[3.157000] (-) TimerEvent: {}
[3.266000] (-) TimerEvent: {}
[3.313000] (ai_slam_ai) StderrLine: {'line': b'Traceback (most recent call last):\n  File "C:\\Users\\rjane\\AppData\\Local\\Programs\\Python\\Python310\\lib\\site-packages\\colcon_core\\executor\\__init__.py", line 91, in __call__\n    rc = await self.task(*args, **kwargs)\n  File "C:\\Users\\rjane\\AppData\\Local\\Programs\\Python\\Python310\\lib\\site-packages\\colcon_core\\task\\__init__.py", line 93, in __call__\n    return await task_method(*args, **kwargs)\n  File "C:\\Users\\rjane\\AppData\\Local\\Programs\\Python\\Python310\\lib\\site-packages\\colcon_ros\\task\\ament_python\\build.py", line 102, in build\n    return await extension.build(additional_hooks=additional_hooks)\n  File "C:\\Users\\rjane\\AppData\\Local\\Programs\\Python\\Python310\\lib\\site-packages\\colcon_core\\task\\python\\build.py", line 145, in build\n    temp_symlinks = self._symlinks_in_build(args, setup_py_data)\n  File "C:\\Users\\rjane\\AppData\\Local\\Programs\\Python\\Python310\\lib\\site-packages\\colcon_core\\task\\python\\build.py", line 360, in _symlinks_in_build\n    os.symlink(src, dst)\nFileExistsError: [WinError 183] Nie mo\xc5\xbcna utworzy\xc4\x87 pliku, kt\xc3\xb3ry ju\xc5\xbc istnieje: \'\\\\\\\\wsl.localhost\\\\Ubuntu\\\\home\\\\matejko\\\\SLAM_AI\\\\ai_slam_ws\\\\src\\\\ai_slam_ai\\\\setup.py\' -> \'\\\\\\\\wsl.localhost\\\\Ubuntu\\\\home\\\\matejko\\\\SLAM_AI\\\\build\\\\ai_slam_ai\\\\setup.py\'\n'}
[3.328000] (ai_slam_ai) JobEnded: {'identifier': 'ai_slam_ai', 'rc': 1}
[3.344000] (ai_slam_description) JobEnded: {'identifier': 'ai_slam_description', 'rc': 'SIGINT'}
[3.344000] (ai_slam_eval) JobEnded: {'identifier': 'ai_slam_eval', 'rc': 'SIGINT'}
[3.375000] (-) TimerEvent: {}
[3.485000] (-) TimerEvent: {}
[3.516000] (ai_slam_gazebo) JobEnded: {'identifier': 'ai_slam_gazebo', 'rc': 'SIGINT'}
[3.516000] (ai_slam_bringup) JobSkipped: {'identifier': 'ai_slam_bringup'}
[3.516000] (-) EventReactorShutdown: {}
