[0.000000] (-) TimerEvent: {}
[0.000000] (-) JobUnselected: {'identifier': 'ai_slam_bringup'}
[0.000000] (-) JobUnselected: {'identifier': 'ai_slam_description'}
[0.000000] (-) JobUnselected: {'identifier': 'ai_slam_eval'}
[0.000000] (-) JobUnselected: {'identifier': 'ai_slam_gazebo'}
[0.000000] (ai_slam_ai) JobQueued: {'identifier': 'ai_slam_ai', 'dependencies': OrderedDict()}
[0.000000] (ai_slam_ai) JobStarted: {'identifier': 'ai_slam_ai'}
[0.109000] (-) TimerEvent: {}
[0.218000] (-) TimerEvent: {}
[0.328000] (-) TimerEvent: {}
[0.437000] (-) TimerEvent: {}
[0.546000] (-) TimerEvent: {}
[0.656000] (-) TimerEvent: {}
[0.765000] (-) TimerEvent: {}
[0.875000] (-) TimerEvent: {}
[0.984000] (-) TimerEvent: {}
[1.093000] (-) TimerEvent: {}
[1.203000] (-) TimerEvent: {}
[1.312000] (-) TimerEvent: {}
[1.421000] (-) TimerEvent: {}
[1.531000] (-) TimerEvent: {}
[1.640000] (-) TimerEvent: {}
[1.750000] (-) TimerEvent: {}
[1.859000] (-) TimerEvent: {}
[1.968000] (-) TimerEvent: {}
[2.078000] (-) TimerEvent: {}
[2.187000] (-) TimerEvent: {}
[2.296000] (-) TimerEvent: {}
[2.406000] (-) TimerEvent: {}
[2.515000] (-) TimerEvent: {}
[2.625000] (-) TimerEvent: {}
[2.734000] (-) TimerEvent: {}
[2.843000] (-) TimerEvent: {}
[2.953000] (-) TimerEvent: {}
[3.062000] (-) TimerEvent: {}
[3.171000] (-) TimerEvent: {}
[3.281000] (-) TimerEvent: {}
[3.390000] (-) TimerEvent: {}
[3.500000] (-) TimerEvent: {}
[3.609000] (-) TimerEvent: {}
[3.718000] (-) TimerEvent: {}
[3.828000] (-) TimerEvent: {}
[3.937000] (-) TimerEvent: {}
[4.046000] (-) TimerEvent: {}
[4.156000] (-) TimerEvent: {}
[4.265000] (-) TimerEvent: {}
[4.375000] (-) TimerEvent: {}
[4.484000] (-) TimerEvent: {}
[4.593000] (-) TimerEvent: {}
[4.703000] (-) TimerEvent: {}
[4.812000] (-) TimerEvent: {}
[4.921000] (-) TimerEvent: {}
[5.031000] (-) TimerEvent: {}
[5.140000] (-) TimerEvent: {}
[5.250000] (-) TimerEvent: {}
[5.359000] (-) TimerEvent: {}
[5.468000] (-) TimerEvent: {}
[5.515000] (ai_slam_ai) StderrLine: {'line': b'Traceback (most recent call last):\n  File "C:\\Users\\rjane\\AppData\\Local\\Programs\\Python\\Python310\\lib\\site-packages\\colcon_core\\executor\\__init__.py", line 91, in __call__\n    rc = await self.task(*args, **kwargs)\n  File "C:\\Users\\rjane\\AppData\\Local\\Programs\\Python\\Python310\\lib\\site-packages\\colcon_core\\task\\__init__.py", line 93, in __call__\n    return await task_method(*args, **kwargs)\n  File "C:\\Users\\rjane\\AppData\\Local\\Programs\\Python\\Python310\\lib\\site-packages\\colcon_ros\\task\\ament_python\\build.py", line 102, in build\n    return await extension.build(additional_hooks=additional_hooks)\n  File "C:\\Users\\rjane\\AppData\\Local\\Programs\\Python\\Python310\\lib\\site-packages\\colcon_core\\task\\python\\build.py", line 145, in build\n    temp_symlinks = self._symlinks_in_build(args, setup_py_data)\n  File "C:\\Users\\rjane\\AppData\\Local\\Programs\\Python\\Python310\\lib\\site-packages\\colcon_core\\task\\python\\build.py", line 360, in _symlinks_in_build\n    os.symlink(src, dst)\nFileExistsError: [WinError 183] Nie mo\xc5\xbcna utworzy\xc4\x87 pliku, kt\xc3\xb3ry ju\xc5\xbc istnieje: \'\\\\\\\\wsl.localhost\\\\Ubuntu\\\\home\\\\matejko\\\\SLAM_AI\\\\ai_slam_ws\\\\src\\\\ai_slam_ai\\\\setup.py\' -> \'\\\\\\\\wsl.localhost\\\\Ubuntu\\\\home\\\\matejko\\\\SLAM_AI\\\\build\\\\ai_slam_ai\\\\setup.py\'\n'}
[5.531000] (ai_slam_ai) JobEnded: {'identifier': 'ai_slam_ai', 'rc': 1}
[5.546000] (-) EventReactorShutdown: {}
