[0.000000] (-) TimerEvent: {}
[0.000000] (-) JobUnselected: {'identifier': 'ai_slam_bringup'}
[0.000000] (-) JobUnselected: {'identifier': 'ai_slam_description'}
[0.000000] (-) JobUnselected: {'identifier': 'ai_slam_gazebo'}
[0.000000] (ai_slam_ai) JobQueued: {'identifier': 'ai_slam_ai', 'dependencies': OrderedDict()}
[0.000000] (ai_slam_eval) JobQueued: {'identifier': 'ai_slam_eval', 'dependencies': OrderedDict()}
[0.000000] (ai_slam_ai) JobStarted: {'identifier': 'ai_slam_ai'}
[0.094000] (ai_slam_eval) JobStarted: {'identifier': 'ai_slam_eval'}
[0.110000] (-) TimerEvent: {}
[0.219000] (-) TimerEvent: {}
[0.328000] (-) TimerEvent: {}
[0.438000] (-) TimerEvent: {}
[0.547000] (-) TimerEvent: {}
[0.657000] (-) TimerEvent: {}
[0.766000] (-) TimerEvent: {}
[0.875000] (-) TimerEvent: {}
[0.985000] (-) TimerEvent: {}
[1.094000] (-) TimerEvent: {}
[1.203000] (-) TimerEvent: {}
[1.313000] (-) TimerEvent: {}
[1.422000] (-) TimerEvent: {}
[1.532000] (-) TimerEvent: {}
[1.641000] (-) TimerEvent: {}
[1.750000] (-) TimerEvent: {}
[1.860000] (-) TimerEvent: {}
[1.969000] (-) TimerEvent: {}
[2.078000] (-) TimerEvent: {}
[2.188000] (-) TimerEvent: {}
[2.297000] (-) TimerEvent: {}
[2.407000] (-) TimerEvent: {}
[2.516000] (-) TimerEvent: {}
[2.625000] (-) TimerEvent: {}
[2.735000] (-) TimerEvent: {}
[2.844000] (-) TimerEvent: {}
[2.953000] (-) TimerEvent: {}
[3.063000] (-) TimerEvent: {}
[3.172000] (-) TimerEvent: {}
[3.282000] (-) TimerEvent: {}
[3.391000] (-) TimerEvent: {}
[3.500000] (-) TimerEvent: {}
[3.610000] (-) TimerEvent: {}
[3.719000] (-) TimerEvent: {}
[3.828000] (-) TimerEvent: {}
[3.938000] (-) TimerEvent: {}
[4.047000] (-) TimerEvent: {}
[4.157000] (-) TimerEvent: {}
[4.266000] (-) TimerEvent: {}
[4.375000] (-) TimerEvent: {}
[4.485000] (-) TimerEvent: {}
[4.563000] (ai_slam_ai) StderrLine: {'line': b'Traceback (most recent call last):\n  File "C:\\Users\\rjane\\AppData\\Local\\Programs\\Python\\Python310\\lib\\site-packages\\colcon_core\\executor\\__init__.py", line 91, in __call__\n    rc = await self.task(*args, **kwargs)\n  File "C:\\Users\\rjane\\AppData\\Local\\Programs\\Python\\Python310\\lib\\site-packages\\colcon_core\\task\\__init__.py", line 93, in __call__\n    return await task_method(*args, **kwargs)\n  File "C:\\Users\\rjane\\AppData\\Local\\Programs\\Python\\Python310\\lib\\site-packages\\colcon_ros\\task\\ament_python\\build.py", line 102, in build\n    return await extension.build(additional_hooks=additional_hooks)\n  File "C:\\Users\\rjane\\AppData\\Local\\Programs\\Python\\Python310\\lib\\site-packages\\colcon_core\\task\\python\\build.py", line 145, in build\n    temp_symlinks = self._symlinks_in_build(args, setup_py_data)\n  File "C:\\Users\\rjane\\AppData\\Local\\Programs\\Python\\Python310\\lib\\site-packages\\colcon_core\\task\\python\\build.py", line 360, in _symlinks_in_build\n    os.symlink(src, dst)\nFileExistsError: [WinError 183] Nie mo\xc5\xbcna utworzy\xc4\x87 pliku, kt\xc3\xb3ry ju\xc5\xbc istnieje: \'\\\\\\\\wsl.localhost\\\\Ubuntu\\\\home\\\\matejko\\\\SLAM_AI\\\\ai_slam_ws\\\\src\\\\ai_slam_ai\\\\setup.py\' -> \'\\\\\\\\wsl.localhost\\\\Ubuntu\\\\home\\\\matejko\\\\SLAM_AI\\\\build\\\\ai_slam_ai\\\\setup.py\'\n'}
[4.578000] (ai_slam_ai) JobEnded: {'identifier': 'ai_slam_ai', 'rc': 1}
[4.594000] (-) TimerEvent: {}
[4.594000] (ai_slam_eval) JobEnded: {'identifier': 'ai_slam_eval', 'rc': 'SIGINT'}
[4.594000] (-) EventReactorShutdown: {}
