running develop
running egg_info
creating ai_slam_gazebo.egg-info
writing ai_slam_gazebo.egg-info/PKG-INFO
writing dependency_links to ai_slam_gazebo.egg-info/dependency_links.txt
writing requirements to ai_slam_gazebo.egg-info/requires.txt
writing top-level names to ai_slam_gazebo.egg-info/top_level.txt
writing manifest file 'ai_slam_gazebo.egg-info/SOURCES.txt'
reading manifest file 'ai_slam_gazebo.egg-info/SOURCES.txt'
writing manifest file 'ai_slam_gazebo.egg-info/SOURCES.txt'
running build_ext
Creating /home/matejko/SLAM_AI/install/ai_slam_gazebo/lib/python3.12/site-packages/ai-slam-gazebo.egg-link (link to .)

Installed /home/matejko/SLAM_AI/build/ai_slam_gazebo
running symlink_data
creating /home/matejko/SLAM_AI/install/ai_slam_gazebo/share/ament_index
creating /home/matejko/SLAM_AI/install/ai_slam_gazebo/share/ament_index/resource_index
creating /home/matejko/SLAM_AI/install/ai_slam_gazebo/share/ament_index/resource_index/packages
symbolically linking /home/matejko/SLAM_AI/build/ai_slam_gazebo/resource/ai_slam_gazebo -> /home/matejko/SLAM_AI/install/ai_slam_gazebo/share/ament_index/resource_index/packages
symbolically linking /home/matejko/SLAM_AI/build/ai_slam_gazebo/package.xml -> /home/matejko/SLAM_AI/install/ai_slam_gazebo/share/ai_slam_gazebo
creating /home/matejko/SLAM_AI/install/ai_slam_gazebo/share/ai_slam_gazebo/worlds
symbolically linking /home/matejko/SLAM_AI/build/ai_slam_gazebo/worlds/ai_slam_world.sdf -> /home/matejko/SLAM_AI/install/ai_slam_gazebo/share/ai_slam_gazebo/worlds
creating /home/matejko/SLAM_AI/install/ai_slam_gazebo/share/ai_slam_gazebo/config
symbolically linking /home/matejko/SLAM_AI/build/ai_slam_gazebo/config/bridge.yaml -> /home/matejko/SLAM_AI/install/ai_slam_gazebo/share/ai_slam_gazebo/config
