[0.286s] DEBUG:colcon:Command line arguments: ['/usr/bin/colcon', 'build', '--symlink-install']
[0.286s] DEBUG:colcon:Parsed command line arguments: Namespace(log_base=None, log_level=None, verb_name='build', build_base='build', install_base='install', merge_install=False, symlink_install=True, test_result_base=None, continue_on_error=False, executor='parallel', parallel_workers=20, event_handlers=None, ignore_user_meta=False, metas=['./colcon.meta'], base_paths=['.'], packages_ignore=None, packages_ignore_regex=None, paths=None, packages_up_to=None, packages_up_to_regex=None, packages_above=None, packages_above_and_dependencies=None, packages_above_depth=None, packages_select_by_dep=None, packages_skip_by_dep=None, packages_skip_up_to=None, packages_select_build_failed=False, packages_skip_build_finished=False, packages_select_test_failures=False, packages_skip_test_passed=False, packages_select=None, packages_skip=None, packages_select_regex=None, packages_skip_regex=None, packages_start=None, packages_end=None, allow_overriding=[], cmake_args=None, cmake_target=None, cmake_target_skip_unavailable=False, cmake_clean_cache=False, cmake_clean_first=False, cmake_force_configure=False, ament_cmake_args=None, catkin_cmake_args=None, catkin_skip_building_tests=False, mixin_files=None, mixin=None, verb_parser=<colcon_mixin.mixin.mixin_argument.MixinArgumentDecorator object at 0x713abd88fc80>, verb_extension=<colcon_core.verb.build.BuildVerb object at 0x713abd7e1910>, main=<bound method BuildVerb.main of <colcon_core.verb.build.BuildVerb object at 0x713abd7e1910>>, mixin_verb=('build',))
[0.311s] Level 1:colcon.colcon_core.package_discovery:discover_packages(colcon_meta) check parameters
[0.312s] Level 1:colcon.colcon_core.package_discovery:discover_packages(recursive) check parameters
[0.312s] Level 1:colcon.colcon_core.package_discovery:discover_packages(ignore) check parameters
[0.312s] Level 1:colcon.colcon_core.package_discovery:discover_packages(path) check parameters
[0.312s] Level 1:colcon.colcon_core.package_discovery:discover_packages(colcon_meta) discover
[0.312s] Level 1:colcon.colcon_core.package_discovery:discover_packages(recursive) discover
[0.312s] INFO:colcon.colcon_core.package_discovery:Crawling recursively for packages in '/home/matejko/SLAM_AI'
[0.312s] Level 1:colcon.colcon_core.package_identification:_identify(.) by extensions ['ignore', 'ignore_ament_install']
[0.312s] Level 1:colcon.colcon_core.package_identification:_identify(.) by extension 'ignore'
[0.312s] Level 1:colcon.colcon_core.package_identification:_identify(.) by extension 'ignore_ament_install'
[0.312s] Level 1:colcon.colcon_core.package_identification:_identify(.) by extensions ['colcon_pkg']
[0.312s] Level 1:colcon.colcon_core.package_identification:_identify(.) by extension 'colcon_pkg'
[0.312s] Level 1:colcon.colcon_core.package_identification:_identify(.) by extensions ['colcon_meta']
[0.312s] Level 1:colcon.colcon_core.package_identification:_identify(.) by extension 'colcon_meta'
[0.312s] Level 1:colcon.colcon_core.package_identification:_identify(.) by extensions ['ros']
[0.312s] Level 1:colcon.colcon_core.package_identification:_identify(.) by extension 'ros'
[0.326s] Level 1:colcon.colcon_core.package_identification:_identify(.) by extensions ['cmake', 'python']
[0.326s] Level 1:colcon.colcon_core.package_identification:_identify(.) by extension 'cmake'
[0.327s] Level 1:colcon.colcon_core.package_identification:_identify(.) by extension 'python'
[0.327s] Level 1:colcon.colcon_core.package_identification:_identify(.) by extensions ['python_setup_py']
[0.327s] Level 1:colcon.colcon_core.package_identification:_identify(.) by extension 'python_setup_py'
[0.327s] Level 1:colcon.colcon_core.package_identification:_identify(ai_slam_ws) by extensions ['ignore', 'ignore_ament_install']
[0.327s] Level 1:colcon.colcon_core.package_identification:_identify(ai_slam_ws) by extension 'ignore'
[0.327s] Level 1:colcon.colcon_core.package_identification:_identify(ai_slam_ws) by extension 'ignore_ament_install'
[0.327s] Level 1:colcon.colcon_core.package_identification:_identify(ai_slam_ws) by extensions ['colcon_pkg']
[0.327s] Level 1:colcon.colcon_core.package_identification:_identify(ai_slam_ws) by extension 'colcon_pkg'
[0.327s] Level 1:colcon.colcon_core.package_identification:_identify(ai_slam_ws) by extensions ['colcon_meta']
[0.327s] Level 1:colcon.colcon_core.package_identification:_identify(ai_slam_ws) by extension 'colcon_meta'
[0.327s] Level 1:colcon.colcon_core.package_identification:_identify(ai_slam_ws) by extensions ['ros']
[0.327s] Level 1:colcon.colcon_core.package_identification:_identify(ai_slam_ws) by extension 'ros'
[0.327s] Level 1:colcon.colcon_core.package_identification:_identify(ai_slam_ws) by extensions ['cmake', 'python']
[0.327s] Level 1:colcon.colcon_core.package_identification:_identify(ai_slam_ws) by extension 'cmake'
[0.327s] Level 1:colcon.colcon_core.package_identification:_identify(ai_slam_ws) by extension 'python'
[0.327s] Level 1:colcon.colcon_core.package_identification:_identify(ai_slam_ws) by extensions ['python_setup_py']
[0.327s] Level 1:colcon.colcon_core.package_identification:_identify(ai_slam_ws) by extension 'python_setup_py'
[0.327s] Level 1:colcon.colcon_core.package_identification:_identify(ai_slam_ws/out) by extensions ['ignore', 'ignore_ament_install']
[0.327s] Level 1:colcon.colcon_core.package_identification:_identify(ai_slam_ws/out) by extension 'ignore'
[0.327s] Level 1:colcon.colcon_core.package_identification:_identify(ai_slam_ws/out) by extension 'ignore_ament_install'
[0.327s] Level 1:colcon.colcon_core.package_identification:_identify(ai_slam_ws/out) by extensions ['colcon_pkg']
[0.327s] Level 1:colcon.colcon_core.package_identification:_identify(ai_slam_ws/out) by extension 'colcon_pkg'
[0.328s] Level 1:colcon.colcon_core.package_identification:_identify(ai_slam_ws/out) by extensions ['colcon_meta']
[0.328s] Level 1:colcon.colcon_core.package_identification:_identify(ai_slam_ws/out) by extension 'colcon_meta'
[0.328s] Level 1:colcon.colcon_core.package_identification:_identify(ai_slam_ws/out) by extensions ['ros']
[0.328s] Level 1:colcon.colcon_core.package_identification:_identify(ai_slam_ws/out) by extension 'ros'
[0.328s] Level 1:colcon.colcon_core.package_identification:_identify(ai_slam_ws/out) by extensions ['cmake', 'python']
[0.328s] Level 1:colcon.colcon_core.package_identification:_identify(ai_slam_ws/out) by extension 'cmake'
[0.328s] Level 1:colcon.colcon_core.package_identification:_identify(ai_slam_ws/out) by extension 'python'
[0.328s] Level 1:colcon.colcon_core.package_identification:_identify(ai_slam_ws/out) by extensions ['python_setup_py']
[0.328s] Level 1:colcon.colcon_core.package_identification:_identify(ai_slam_ws/out) by extension 'python_setup_py'
[0.328s] Level 1:colcon.colcon_core.package_identification:_identify(ai_slam_ws/src) by extensions ['ignore', 'ignore_ament_install']
[0.328s] Level 1:colcon.colcon_core.package_identification:_identify(ai_slam_ws/src) by extension 'ignore'
[0.328s] Level 1:colcon.colcon_core.package_identification:_identify(ai_slam_ws/src) by extension 'ignore_ament_install'
[0.328s] Level 1:colcon.colcon_core.package_identification:_identify(ai_slam_ws/src) by extensions ['colcon_pkg']
[0.328s] Level 1:colcon.colcon_core.package_identification:_identify(ai_slam_ws/src) by extension 'colcon_pkg'
[0.328s] Level 1:colcon.colcon_core.package_identification:_identify(ai_slam_ws/src) by extensions ['colcon_meta']
[0.328s] Level 1:colcon.colcon_core.package_identification:_identify(ai_slam_ws/src) by extension 'colcon_meta'
[0.328s] Level 1:colcon.colcon_core.package_identification:_identify(ai_slam_ws/src) by extensions ['ros']
[0.328s] Level 1:colcon.colcon_core.package_identification:_identify(ai_slam_ws/src) by extension 'ros'
[0.328s] Level 1:colcon.colcon_core.package_identification:_identify(ai_slam_ws/src) by extensions ['cmake', 'python']
[0.328s] Level 1:colcon.colcon_core.package_identification:_identify(ai_slam_ws/src) by extension 'cmake'
[0.328s] Level 1:colcon.colcon_core.package_identification:_identify(ai_slam_ws/src) by extension 'python'
[0.328s] Level 1:colcon.colcon_core.package_identification:_identify(ai_slam_ws/src) by extensions ['python_setup_py']
[0.328s] Level 1:colcon.colcon_core.package_identification:_identify(ai_slam_ws/src) by extension 'python_setup_py'
[0.328s] Level 1:colcon.colcon_core.package_identification:_identify(ai_slam_ws/src/ai_slam_ai) by extensions ['ignore', 'ignore_ament_install']
[0.328s] Level 1:colcon.colcon_core.package_identification:_identify(ai_slam_ws/src/ai_slam_ai) by extension 'ignore'
[0.328s] Level 1:colcon.colcon_core.package_identification:_identify(ai_slam_ws/src/ai_slam_ai) by extension 'ignore_ament_install'
[0.328s] Level 1:colcon.colcon_core.package_identification:_identify(ai_slam_ws/src/ai_slam_ai) by extensions ['colcon_pkg']
[0.328s] Level 1:colcon.colcon_core.package_identification:_identify(ai_slam_ws/src/ai_slam_ai) by extension 'colcon_pkg'
[0.328s] Level 1:colcon.colcon_core.package_identification:_identify(ai_slam_ws/src/ai_slam_ai) by extensions ['colcon_meta']
[0.328s] Level 1:colcon.colcon_core.package_identification:_identify(ai_slam_ws/src/ai_slam_ai) by extension 'colcon_meta'
[0.328s] Level 1:colcon.colcon_core.package_identification:_identify(ai_slam_ws/src/ai_slam_ai) by extensions ['ros']
[0.328s] Level 1:colcon.colcon_core.package_identification:_identify(ai_slam_ws/src/ai_slam_ai) by extension 'ros'
[0.331s] DEBUG:colcon.colcon_core.package_identification:Package 'ai_slam_ws/src/ai_slam_ai' with type 'ros.ament_python' and name 'ai_slam_ai'
[0.331s] Level 1:colcon.colcon_core.package_identification:_identify(ai_slam_ws/src/ai_slam_bringup) by extensions ['ignore', 'ignore_ament_install']
[0.331s] Level 1:colcon.colcon_core.package_identification:_identify(ai_slam_ws/src/ai_slam_bringup) by extension 'ignore'
[0.331s] Level 1:colcon.colcon_core.package_identification:_identify(ai_slam_ws/src/ai_slam_bringup) by extension 'ignore_ament_install'
[0.331s] Level 1:colcon.colcon_core.package_identification:_identify(ai_slam_ws/src/ai_slam_bringup) by extensions ['colcon_pkg']
[0.331s] Level 1:colcon.colcon_core.package_identification:_identify(ai_slam_ws/src/ai_slam_bringup) by extension 'colcon_pkg'
[0.331s] Level 1:colcon.colcon_core.package_identification:_identify(ai_slam_ws/src/ai_slam_bringup) by extensions ['colcon_meta']
[0.331s] Level 1:colcon.colcon_core.package_identification:_identify(ai_slam_ws/src/ai_slam_bringup) by extension 'colcon_meta'
[0.331s] Level 1:colcon.colcon_core.package_identification:_identify(ai_slam_ws/src/ai_slam_bringup) by extensions ['ros']
[0.331s] Level 1:colcon.colcon_core.package_identification:_identify(ai_slam_ws/src/ai_slam_bringup) by extension 'ros'
[0.331s] DEBUG:colcon.colcon_core.package_identification:Package 'ai_slam_ws/src/ai_slam_bringup' with type 'ros.ament_python' and name 'ai_slam_bringup'
[0.332s] Level 1:colcon.colcon_core.package_identification:_identify(ai_slam_ws/src/ai_slam_description) by extensions ['ignore', 'ignore_ament_install']
[0.332s] Level 1:colcon.colcon_core.package_identification:_identify(ai_slam_ws/src/ai_slam_description) by extension 'ignore'
[0.332s] Level 1:colcon.colcon_core.package_identification:_identify(ai_slam_ws/src/ai_slam_description) by extension 'ignore_ament_install'
[0.332s] Level 1:colcon.colcon_core.package_identification:_identify(ai_slam_ws/src/ai_slam_description) by extensions ['colcon_pkg']
[0.332s] Level 1:colcon.colcon_core.package_identification:_identify(ai_slam_ws/src/ai_slam_description) by extension 'colcon_pkg'
[0.332s] Level 1:colcon.colcon_core.package_identification:_identify(ai_slam_ws/src/ai_slam_description) by extensions ['colcon_meta']
[0.332s] Level 1:colcon.colcon_core.package_identification:_identify(ai_slam_ws/src/ai_slam_description) by extension 'colcon_meta'
[0.332s] Level 1:colcon.colcon_core.package_identification:_identify(ai_slam_ws/src/ai_slam_description) by extensions ['ros']
[0.332s] Level 1:colcon.colcon_core.package_identification:_identify(ai_slam_ws/src/ai_slam_description) by extension 'ros'
[0.332s] DEBUG:colcon.colcon_core.package_identification:Package 'ai_slam_ws/src/ai_slam_description' with type 'ros.ament_python' and name 'ai_slam_description'
[0.332s] Level 1:colcon.colcon_core.package_identification:_identify(ai_slam_ws/src/ai_slam_eval) by extensions ['ignore', 'ignore_ament_install']
[0.332s] Level 1:colcon.colcon_core.package_identification:_identify(ai_slam_ws/src/ai_slam_eval) by extension 'ignore'
[0.332s] Level 1:colcon.colcon_core.package_identification:_identify(ai_slam_ws/src/ai_slam_eval) by extension 'ignore_ament_install'
[0.332s] Level 1:colcon.colcon_core.package_identification:_identify(ai_slam_ws/src/ai_slam_eval) by extensions ['colcon_pkg']
[0.332s] Level 1:colcon.colcon_core.package_identification:_identify(ai_slam_ws/src/ai_slam_eval) by extension 'colcon_pkg'
[0.332s] Level 1:colcon.colcon_core.package_identification:_identify(ai_slam_ws/src/ai_slam_eval) by extensions ['colcon_meta']
[0.332s] Level 1:colcon.colcon_core.package_identification:_identify(ai_slam_ws/src/ai_slam_eval) by extension 'colcon_meta'
[0.332s] Level 1:colcon.colcon_core.package_identification:_identify(ai_slam_ws/src/ai_slam_eval) by extensions ['ros']
[0.332s] Level 1:colcon.colcon_core.package_identification:_identify(ai_slam_ws/src/ai_slam_eval) by extension 'ros'
[0.333s] DEBUG:colcon.colcon_core.package_identification:Package 'ai_slam_ws/src/ai_slam_eval' with type 'ros.ament_python' and name 'ai_slam_eval'
[0.333s] Level 1:colcon.colcon_core.package_identification:_identify(ai_slam_ws/src/ai_slam_gazebo) by extensions ['ignore', 'ignore_ament_install']
[0.333s] Level 1:colcon.colcon_core.package_identification:_identify(ai_slam_ws/src/ai_slam_gazebo) by extension 'ignore'
[0.333s] Level 1:colcon.colcon_core.package_identification:_identify(ai_slam_ws/src/ai_slam_gazebo) by extension 'ignore_ament_install'
[0.333s] Level 1:colcon.colcon_core.package_identification:_identify(ai_slam_ws/src/ai_slam_gazebo) by extensions ['colcon_pkg']
[0.333s] Level 1:colcon.colcon_core.package_identification:_identify(ai_slam_ws/src/ai_slam_gazebo) by extension 'colcon_pkg'
[0.333s] Level 1:colcon.colcon_core.package_identification:_identify(ai_slam_ws/src/ai_slam_gazebo) by extensions ['colcon_meta']
[0.333s] Level 1:colcon.colcon_core.package_identification:_identify(ai_slam_ws/src/ai_slam_gazebo) by extension 'colcon_meta'
[0.333s] Level 1:colcon.colcon_core.package_identification:_identify(ai_slam_ws/src/ai_slam_gazebo) by extensions ['ros']
[0.333s] Level 1:colcon.colcon_core.package_identification:_identify(ai_slam_ws/src/ai_slam_gazebo) by extension 'ros'
[0.334s] DEBUG:colcon.colcon_core.package_identification:Package 'ai_slam_ws/src/ai_slam_gazebo' with type 'ros.ament_python' and name 'ai_slam_gazebo'
[0.334s] Level 1:colcon.colcon_core.package_identification:_identify(build) by extensions ['ignore', 'ignore_ament_install']
[0.334s] Level 1:colcon.colcon_core.package_identification:_identify(build) by extension 'ignore'
[0.334s] Level 1:colcon.colcon_core.package_identification:_identify(build) ignored
[0.334s] Level 1:colcon.colcon_core.package_identification:_identify(install) by extensions ['ignore', 'ignore_ament_install']
[0.334s] Level 1:colcon.colcon_core.package_identification:_identify(install) by extension 'ignore'
[0.334s] Level 1:colcon.colcon_core.package_identification:_identify(install) ignored
[0.334s] Level 1:colcon.colcon_core.package_identification:_identify(log) by extensions ['ignore', 'ignore_ament_install']
[0.334s] Level 1:colcon.colcon_core.package_identification:_identify(log) by extension 'ignore'
[0.334s] Level 1:colcon.colcon_core.package_identification:_identify(log) ignored
[0.334s] Level 1:colcon.colcon_core.package_identification:_identify(out) by extensions ['ignore', 'ignore_ament_install']
[0.334s] Level 1:colcon.colcon_core.package_identification:_identify(out) by extension 'ignore'
[0.334s] Level 1:colcon.colcon_core.package_identification:_identify(out) by extension 'ignore_ament_install'
[0.334s] Level 1:colcon.colcon_core.package_identification:_identify(out) by extensions ['colcon_pkg']
[0.334s] Level 1:colcon.colcon_core.package_identification:_identify(out) by extension 'colcon_pkg'
[0.334s] Level 1:colcon.colcon_core.package_identification:_identify(out) by extensions ['colcon_meta']
[0.334s] Level 1:colcon.colcon_core.package_identification:_identify(out) by extension 'colcon_meta'
[0.334s] Level 1:colcon.colcon_core.package_identification:_identify(out) by extensions ['ros']
[0.334s] Level 1:colcon.colcon_core.package_identification:_identify(out) by extension 'ros'
[0.334s] Level 1:colcon.colcon_core.package_identification:_identify(out) by extensions ['cmake', 'python']
[0.334s] Level 1:colcon.colcon_core.package_identification:_identify(out) by extension 'cmake'
[0.334s] Level 1:colcon.colcon_core.package_identification:_identify(out) by extension 'python'
[0.334s] Level 1:colcon.colcon_core.package_identification:_identify(out) by extensions ['python_setup_py']
[0.334s] Level 1:colcon.colcon_core.package_identification:_identify(out) by extension 'python_setup_py'
[0.334s] Level 1:colcon.colcon_core.package_identification:_identify(scripts) by extensions ['ignore', 'ignore_ament_install']
[0.334s] Level 1:colcon.colcon_core.package_identification:_identify(scripts) by extension 'ignore'
[0.334s] Level 1:colcon.colcon_core.package_identification:_identify(scripts) by extension 'ignore_ament_install'
[0.334s] Level 1:colcon.colcon_core.package_identification:_identify(scripts) by extensions ['colcon_pkg']
[0.335s] Level 1:colcon.colcon_core.package_identification:_identify(scripts) by extension 'colcon_pkg'
[0.335s] Level 1:colcon.colcon_core.package_identification:_identify(scripts) by extensions ['colcon_meta']
[0.335s] Level 1:colcon.colcon_core.package_identification:_identify(scripts) by extension 'colcon_meta'
[0.335s] Level 1:colcon.colcon_core.package_identification:_identify(scripts) by extensions ['ros']
[0.335s] Level 1:colcon.colcon_core.package_identification:_identify(scripts) by extension 'ros'
[0.335s] Level 1:colcon.colcon_core.package_identification:_identify(scripts) by extensions ['cmake', 'python']
[0.335s] Level 1:colcon.colcon_core.package_identification:_identify(scripts) by extension 'cmake'
[0.335s] Level 1:colcon.colcon_core.package_identification:_identify(scripts) by extension 'python'
[0.335s] Level 1:colcon.colcon_core.package_identification:_identify(scripts) by extensions ['python_setup_py']
[0.335s] Level 1:colcon.colcon_core.package_identification:_identify(scripts) by extension 'python_setup_py'
[0.335s] Level 1:colcon.colcon_core.package_discovery:discover_packages(recursive) using defaults
[0.335s] Level 1:colcon.colcon_core.package_discovery:discover_packages(ignore) discover
[0.335s] Level 1:colcon.colcon_core.package_discovery:discover_packages(ignore) using defaults
[0.335s] Level 1:colcon.colcon_core.package_discovery:discover_packages(path) discover
[0.335s] Level 1:colcon.colcon_core.package_discovery:discover_packages(path) using defaults
[0.352s] Level 1:colcon.colcon_core.package_discovery:discover_packages(prefix_path) check parameters
[0.352s] Level 1:colcon.colcon_core.package_discovery:discover_packages(prefix_path) discover
[0.354s] DEBUG:colcon.colcon_installed_package_information.package_discovery:Found 388 installed packages in /opt/ros/jazzy
[0.355s] Level 1:colcon.colcon_core.package_discovery:discover_packages(prefix_path) using defaults
[0.381s] Level 5:colcon.colcon_core.verb:set package 'ai_slam_ai' build argument 'cmake_args' from command line to 'None'
[0.381s] Level 5:colcon.colcon_core.verb:set package 'ai_slam_ai' build argument 'cmake_target' from command line to 'None'
[0.381s] Level 5:colcon.colcon_core.verb:set package 'ai_slam_ai' build argument 'cmake_target_skip_unavailable' from command line to 'False'
[0.381s] Level 5:colcon.colcon_core.verb:set package 'ai_slam_ai' build argument 'cmake_clean_cache' from command line to 'False'
[0.381s] Level 5:colcon.colcon_core.verb:set package 'ai_slam_ai' build argument 'cmake_clean_first' from command line to 'False'
[0.381s] Level 5:colcon.colcon_core.verb:set package 'ai_slam_ai' build argument 'cmake_force_configure' from command line to 'False'
[0.381s] Level 5:colcon.colcon_core.verb:set package 'ai_slam_ai' build argument 'ament_cmake_args' from command line to 'None'
[0.381s] Level 5:colcon.colcon_core.verb:set package 'ai_slam_ai' build argument 'catkin_cmake_args' from command line to 'None'
[0.381s] Level 5:colcon.colcon_core.verb:set package 'ai_slam_ai' build argument 'catkin_skip_building_tests' from command line to 'False'
[0.382s] DEBUG:colcon.colcon_core.verb:Building package 'ai_slam_ai' with the following arguments: {'ament_cmake_args': None, 'build_base': '/home/matejko/SLAM_AI/build/ai_slam_ai', 'catkin_cmake_args': None, 'catkin_skip_building_tests': False, 'cmake_args': None, 'cmake_clean_cache': False, 'cmake_clean_first': False, 'cmake_force_configure': False, 'cmake_target': None, 'cmake_target_skip_unavailable': False, 'install_base': '/home/matejko/SLAM_AI/install/ai_slam_ai', 'merge_install': False, 'path': '/home/matejko/SLAM_AI/ai_slam_ws/src/ai_slam_ai', 'symlink_install': True, 'test_result_base': None}
[0.382s] Level 5:colcon.colcon_core.verb:set package 'ai_slam_description' build argument 'cmake_args' from command line to 'None'
[0.382s] Level 5:colcon.colcon_core.verb:set package 'ai_slam_description' build argument 'cmake_target' from command line to 'None'
[0.382s] Level 5:colcon.colcon_core.verb:set package 'ai_slam_description' build argument 'cmake_target_skip_unavailable' from command line to 'False'
[0.382s] Level 5:colcon.colcon_core.verb:set package 'ai_slam_description' build argument 'cmake_clean_cache' from command line to 'False'
[0.382s] Level 5:colcon.colcon_core.verb:set package 'ai_slam_description' build argument 'cmake_clean_first' from command line to 'False'
[0.382s] Level 5:colcon.colcon_core.verb:set package 'ai_slam_description' build argument 'cmake_force_configure' from command line to 'False'
[0.382s] Level 5:colcon.colcon_core.verb:set package 'ai_slam_description' build argument 'ament_cmake_args' from command line to 'None'
[0.382s] Level 5:colcon.colcon_core.verb:set package 'ai_slam_description' build argument 'catkin_cmake_args' from command line to 'None'
[0.382s] Level 5:colcon.colcon_core.verb:set package 'ai_slam_description' build argument 'catkin_skip_building_tests' from command line to 'False'
[0.382s] DEBUG:colcon.colcon_core.verb:Building package 'ai_slam_description' with the following arguments: {'ament_cmake_args': None, 'build_base': '/home/matejko/SLAM_AI/build/ai_slam_description', 'catkin_cmake_args': None, 'catkin_skip_building_tests': False, 'cmake_args': None, 'cmake_clean_cache': False, 'cmake_clean_first': False, 'cmake_force_configure': False, 'cmake_target': None, 'cmake_target_skip_unavailable': False, 'install_base': '/home/matejko/SLAM_AI/install/ai_slam_description', 'merge_install': False, 'path': '/home/matejko/SLAM_AI/ai_slam_ws/src/ai_slam_description', 'symlink_install': True, 'test_result_base': None}
[0.382s] Level 5:colcon.colcon_core.verb:set package 'ai_slam_eval' build argument 'cmake_args' from command line to 'None'
[0.382s] Level 5:colcon.colcon_core.verb:set package 'ai_slam_eval' build argument 'cmake_target' from command line to 'None'
[0.382s] Level 5:colcon.colcon_core.verb:set package 'ai_slam_eval' build argument 'cmake_target_skip_unavailable' from command line to 'False'
[0.382s] Level 5:colcon.colcon_core.verb:set package 'ai_slam_eval' build argument 'cmake_clean_cache' from command line to 'False'
[0.382s] Level 5:colcon.colcon_core.verb:set package 'ai_slam_eval' build argument 'cmake_clean_first' from command line to 'False'
[0.382s] Level 5:colcon.colcon_core.verb:set package 'ai_slam_eval' build argument 'cmake_force_configure' from command line to 'False'
[0.382s] Level 5:colcon.colcon_core.verb:set package 'ai_slam_eval' build argument 'ament_cmake_args' from command line to 'None'
[0.382s] Level 5:colcon.colcon_core.verb:set package 'ai_slam_eval' build argument 'catkin_cmake_args' from command line to 'None'
[0.382s] Level 5:colcon.colcon_core.verb:set package 'ai_slam_eval' build argument 'catkin_skip_building_tests' from command line to 'False'
[0.382s] DEBUG:colcon.colcon_core.verb:Building package 'ai_slam_eval' with the following arguments: {'ament_cmake_args': None, 'build_base': '/home/matejko/SLAM_AI/build/ai_slam_eval', 'catkin_cmake_args': None, 'catkin_skip_building_tests': False, 'cmake_args': None, 'cmake_clean_cache': False, 'cmake_clean_first': False, 'cmake_force_configure': False, 'cmake_target': None, 'cmake_target_skip_unavailable': False, 'install_base': '/home/matejko/SLAM_AI/install/ai_slam_eval', 'merge_install': False, 'path': '/home/matejko/SLAM_AI/ai_slam_ws/src/ai_slam_eval', 'symlink_install': True, 'test_result_base': None}
[0.382s] Level 5:colcon.colcon_core.verb:set package 'ai_slam_gazebo' build argument 'cmake_args' from command line to 'None'
[0.382s] Level 5:colcon.colcon_core.verb:set package 'ai_slam_gazebo' build argument 'cmake_target' from command line to 'None'
[0.382s] Level 5:colcon.colcon_core.verb:set package 'ai_slam_gazebo' build argument 'cmake_target_skip_unavailable' from command line to 'False'
[0.382s] Level 5:colcon.colcon_core.verb:set package 'ai_slam_gazebo' build argument 'cmake_clean_cache' from command line to 'False'
[0.382s] Level 5:colcon.colcon_core.verb:set package 'ai_slam_gazebo' build argument 'cmake_clean_first' from command line to 'False'
[0.382s] Level 5:colcon.colcon_core.verb:set package 'ai_slam_gazebo' build argument 'cmake_force_configure' from command line to 'False'
[0.382s] Level 5:colcon.colcon_core.verb:set package 'ai_slam_gazebo' build argument 'ament_cmake_args' from command line to 'None'
[0.382s] Level 5:colcon.colcon_core.verb:set package 'ai_slam_gazebo' build argument 'catkin_cmake_args' from command line to 'None'
[0.382s] Level 5:colcon.colcon_core.verb:set package 'ai_slam_gazebo' build argument 'catkin_skip_building_tests' from command line to 'False'
[0.382s] DEBUG:colcon.colcon_core.verb:Building package 'ai_slam_gazebo' with the following arguments: {'ament_cmake_args': None, 'build_base': '/home/matejko/SLAM_AI/build/ai_slam_gazebo', 'catkin_cmake_args': None, 'catkin_skip_building_tests': False, 'cmake_args': None, 'cmake_clean_cache': False, 'cmake_clean_first': False, 'cmake_force_configure': False, 'cmake_target': None, 'cmake_target_skip_unavailable': False, 'install_base': '/home/matejko/SLAM_AI/install/ai_slam_gazebo', 'merge_install': False, 'path': '/home/matejko/SLAM_AI/ai_slam_ws/src/ai_slam_gazebo', 'symlink_install': True, 'test_result_base': None}
[0.382s] Level 5:colcon.colcon_core.verb:set package 'ai_slam_bringup' build argument 'cmake_args' from command line to 'None'
[0.382s] Level 5:colcon.colcon_core.verb:set package 'ai_slam_bringup' build argument 'cmake_target' from command line to 'None'
[0.382s] Level 5:colcon.colcon_core.verb:set package 'ai_slam_bringup' build argument 'cmake_target_skip_unavailable' from command line to 'False'
[0.382s] Level 5:colcon.colcon_core.verb:set package 'ai_slam_bringup' build argument 'cmake_clean_cache' from command line to 'False'
[0.382s] Level 5:colcon.colcon_core.verb:set package 'ai_slam_bringup' build argument 'cmake_clean_first' from command line to 'False'
[0.382s] Level 5:colcon.colcon_core.verb:set package 'ai_slam_bringup' build argument 'cmake_force_configure' from command line to 'False'
[0.382s] Level 5:colcon.colcon_core.verb:set package 'ai_slam_bringup' build argument 'ament_cmake_args' from command line to 'None'
[0.382s] Level 5:colcon.colcon_core.verb:set package 'ai_slam_bringup' build argument 'catkin_cmake_args' from command line to 'None'
[0.382s] Level 5:colcon.colcon_core.verb:set package 'ai_slam_bringup' build argument 'catkin_skip_building_tests' from command line to 'False'
[0.382s] DEBUG:colcon.colcon_core.verb:Building package 'ai_slam_bringup' with the following arguments: {'ament_cmake_args': None, 'build_base': '/home/matejko/SLAM_AI/build/ai_slam_bringup', 'catkin_cmake_args': None, 'catkin_skip_building_tests': False, 'cmake_args': None, 'cmake_clean_cache': False, 'cmake_clean_first': False, 'cmake_force_configure': False, 'cmake_target': None, 'cmake_target_skip_unavailable': False, 'install_base': '/home/matejko/SLAM_AI/install/ai_slam_bringup', 'merge_install': False, 'path': '/home/matejko/SLAM_AI/ai_slam_ws/src/ai_slam_bringup', 'symlink_install': True, 'test_result_base': None}
[0.382s] INFO:colcon.colcon_core.executor:Executing jobs using 'parallel' executor
[0.383s] DEBUG:colcon.colcon_parallel_executor.executor.parallel:run_until_complete
[0.383s] INFO:colcon.colcon_ros.task.ament_python.build:Building ROS package in '/home/matejko/SLAM_AI/ai_slam_ws/src/ai_slam_ai' with build type 'ament_python'
[0.383s] Level 1:colcon.colcon_core.shell:create_environment_hook('ai_slam_ai', 'ament_prefix_path')
[0.387s] INFO:colcon.colcon_core.plugin_system:Skipping extension 'colcon_core.shell.bat': Not used on non-Windows systems
[0.387s] INFO:colcon.colcon_core.shell:Creating environment hook '/home/matejko/SLAM_AI/install/ai_slam_ai/share/ai_slam_ai/hook/ament_prefix_path.ps1'
[0.388s] INFO:colcon.colcon_core.shell:Creating environment descriptor '/home/matejko/SLAM_AI/install/ai_slam_ai/share/ai_slam_ai/hook/ament_prefix_path.dsv'
[0.388s] INFO:colcon.colcon_core.shell:Creating environment hook '/home/matejko/SLAM_AI/install/ai_slam_ai/share/ai_slam_ai/hook/ament_prefix_path.sh'
[0.388s] INFO:colcon.colcon_core.shell:Skip shell extension 'powershell' for command environment: Not usable outside of PowerShell
[0.388s] DEBUG:colcon.colcon_core.shell:Skip shell extension 'dsv' for command environment
[0.390s] INFO:colcon.colcon_ros.task.ament_python.build:Building ROS package in '/home/matejko/SLAM_AI/ai_slam_ws/src/ai_slam_description' with build type 'ament_python'
[0.391s] Level 1:colcon.colcon_core.shell:create_environment_hook('ai_slam_description', 'ament_prefix_path')
[0.391s] INFO:colcon.colcon_core.shell:Creating environment hook '/home/matejko/SLAM_AI/install/ai_slam_description/share/ai_slam_description/hook/ament_prefix_path.ps1'
[0.392s] INFO:colcon.colcon_core.shell:Creating environment descriptor '/home/matejko/SLAM_AI/install/ai_slam_description/share/ai_slam_description/hook/ament_prefix_path.dsv'
[0.392s] INFO:colcon.colcon_core.shell:Creating environment hook '/home/matejko/SLAM_AI/install/ai_slam_description/share/ai_slam_description/hook/ament_prefix_path.sh'
[0.392s] INFO:colcon.colcon_core.shell:Skip shell extension 'powershell' for command environment: Not usable outside of PowerShell
[0.392s] DEBUG:colcon.colcon_core.shell:Skip shell extension 'dsv' for command environment
[0.393s] INFO:colcon.colcon_ros.task.ament_python.build:Building ROS package in '/home/matejko/SLAM_AI/ai_slam_ws/src/ai_slam_eval' with build type 'ament_python'
[0.394s] Level 1:colcon.colcon_core.shell:create_environment_hook('ai_slam_eval', 'ament_prefix_path')
[0.394s] INFO:colcon.colcon_core.shell:Creating environment hook '/home/matejko/SLAM_AI/install/ai_slam_eval/share/ai_slam_eval/hook/ament_prefix_path.ps1'
[0.394s] INFO:colcon.colcon_core.shell:Creating environment descriptor '/home/matejko/SLAM_AI/install/ai_slam_eval/share/ai_slam_eval/hook/ament_prefix_path.dsv'
[0.395s] INFO:colcon.colcon_core.shell:Creating environment hook '/home/matejko/SLAM_AI/install/ai_slam_eval/share/ai_slam_eval/hook/ament_prefix_path.sh'
[0.395s] INFO:colcon.colcon_core.shell:Skip shell extension 'powershell' for command environment: Not usable outside of PowerShell
[0.395s] DEBUG:colcon.colcon_core.shell:Skip shell extension 'dsv' for command environment
[0.397s] INFO:colcon.colcon_ros.task.ament_python.build:Building ROS package in '/home/matejko/SLAM_AI/ai_slam_ws/src/ai_slam_gazebo' with build type 'ament_python'
[0.397s] Level 1:colcon.colcon_core.shell:create_environment_hook('ai_slam_gazebo', 'ament_prefix_path')
[0.397s] INFO:colcon.colcon_core.shell:Creating environment hook '/home/matejko/SLAM_AI/install/ai_slam_gazebo/share/ai_slam_gazebo/hook/ament_prefix_path.ps1'
[0.397s] INFO:colcon.colcon_core.shell:Creating environment descriptor '/home/matejko/SLAM_AI/install/ai_slam_gazebo/share/ai_slam_gazebo/hook/ament_prefix_path.dsv'
[0.398s] INFO:colcon.colcon_core.shell:Creating environment hook '/home/matejko/SLAM_AI/install/ai_slam_gazebo/share/ai_slam_gazebo/hook/ament_prefix_path.sh'
[0.398s] INFO:colcon.colcon_core.shell:Skip shell extension 'powershell' for command environment: Not usable outside of PowerShell
[0.398s] DEBUG:colcon.colcon_core.shell:Skip shell extension 'dsv' for command environment
[0.533s] INFO:colcon.colcon_core.task.python.build:Building Python package in '/home/matejko/SLAM_AI/ai_slam_ws/src/ai_slam_ai'
[0.533s] INFO:colcon.colcon_core.shell:Skip shell extension 'powershell' for command environment: Not usable outside of PowerShell
[0.533s] DEBUG:colcon.colcon_core.shell:Skip shell extension 'dsv' for command environment
[0.667s] INFO:colcon.colcon_core.task.python.build:Building Python package in '/home/matejko/SLAM_AI/ai_slam_ws/src/ai_slam_description'
[0.667s] INFO:colcon.colcon_core.shell:Skip shell extension 'powershell' for command environment: Not usable outside of PowerShell
[0.667s] DEBUG:colcon.colcon_core.shell:Skip shell extension 'dsv' for command environment
[0.799s] INFO:colcon.colcon_core.task.python.build:Building Python package in '/home/matejko/SLAM_AI/ai_slam_ws/src/ai_slam_eval'
[0.799s] INFO:colcon.colcon_core.shell:Skip shell extension 'powershell' for command environment: Not usable outside of PowerShell
[0.799s] DEBUG:colcon.colcon_core.shell:Skip shell extension 'dsv' for command environment
[0.932s] INFO:colcon.colcon_core.task.python.build:Building Python package in '/home/matejko/SLAM_AI/ai_slam_ws/src/ai_slam_gazebo'
[0.932s] INFO:colcon.colcon_core.shell:Skip shell extension 'powershell' for command environment: Not usable outside of PowerShell
[0.932s] DEBUG:colcon.colcon_core.shell:Skip shell extension 'dsv' for command environment
[1.353s] DEBUG:colcon.colcon_core.event_handler.log_command:Invoking command in '/home/matejko/SLAM_AI/build/ai_slam_eval': PS1=(.venv) \[\e]0;\u@\h: \w\a\]${debian_chroot:+($debian_chroot)}\[\033[01;32m\]\u@\h\[\033[00m\]:\[\033[01;34m\]\w\[\033[00m\]\$ PYTHONPATH=/home/matejko/SLAM_AI/build/ai_slam_eval/prefix_override:/usr/lib/python3/dist-packages/colcon_core/task/python/colcon_distutils_commands:/home/matejko/SLAM_AI/install/ai_slam_eval/lib/python3.12/site-packages:${PYTHONPATH} VIRTUAL_ENV_PROMPT=(.venv) /usr/bin/python3 -W ignore:setup.py install is deprecated -W ignore:easy_install command is deprecated setup.py develop --editable --build-directory /home/matejko/SLAM_AI/build/ai_slam_eval/build --no-deps symlink_data
[1.356s] DEBUG:colcon.colcon_core.event_handler.log_command:Invoking command in '/home/matejko/SLAM_AI/build/ai_slam_description': PS1=(.venv) \[\e]0;\u@\h: \w\a\]${debian_chroot:+($debian_chroot)}\[\033[01;32m\]\u@\h\[\033[00m\]:\[\033[01;34m\]\w\[\033[00m\]\$ PYTHONPATH=/home/matejko/SLAM_AI/build/ai_slam_description/prefix_override:/usr/lib/python3/dist-packages/colcon_core/task/python/colcon_distutils_commands:/home/matejko/SLAM_AI/install/ai_slam_description/lib/python3.12/site-packages:${PYTHONPATH} VIRTUAL_ENV_PROMPT=(.venv) /usr/bin/python3 -W ignore:setup.py install is deprecated -W ignore:easy_install command is deprecated setup.py develop --editable --build-directory /home/matejko/SLAM_AI/build/ai_slam_description/build --no-deps symlink_data
[1.358s] DEBUG:colcon.colcon_core.event_handler.log_command:Invoking command in '/home/matejko/SLAM_AI/build/ai_slam_ai': PS1=(.venv) \[\e]0;\u@\h: \w\a\]${debian_chroot:+($debian_chroot)}\[\033[01;32m\]\u@\h\[\033[00m\]:\[\033[01;34m\]\w\[\033[00m\]\$ PYTHONPATH=/home/matejko/SLAM_AI/build/ai_slam_ai/prefix_override:/usr/lib/python3/dist-packages/colcon_core/task/python/colcon_distutils_commands:/home/matejko/SLAM_AI/install/ai_slam_ai/lib/python3.12/site-packages:${PYTHONPATH} VIRTUAL_ENV_PROMPT=(.venv) /usr/bin/python3 -W ignore:setup.py install is deprecated -W ignore:easy_install command is deprecated setup.py develop --editable --build-directory /home/matejko/SLAM_AI/build/ai_slam_ai/build --no-deps symlink_data
[1.360s] DEBUG:colcon.colcon_core.event_handler.log_command:Invoking command in '/home/matejko/SLAM_AI/build/ai_slam_gazebo': PS1=(.venv) \[\e]0;\u@\h: \w\a\]${debian_chroot:+($debian_chroot)}\[\033[01;32m\]\u@\h\[\033[00m\]:\[\033[01;34m\]\w\[\033[00m\]\$ PYTHONPATH=/home/matejko/SLAM_AI/build/ai_slam_gazebo/prefix_override:/usr/lib/python3/dist-packages/colcon_core/task/python/colcon_distutils_commands:/home/matejko/SLAM_AI/install/ai_slam_gazebo/lib/python3.12/site-packages:${PYTHONPATH} VIRTUAL_ENV_PROMPT=(.venv) /usr/bin/python3 -W ignore:setup.py install is deprecated -W ignore:easy_install command is deprecated setup.py develop --editable --build-directory /home/matejko/SLAM_AI/build/ai_slam_gazebo/build --no-deps symlink_data
[1.762s] Level 1:colcon.colcon_core.shell:create_environment_hook('ai_slam_ai', 'pythonpath_develop')
[1.763s] INFO:colcon.colcon_core.shell:Creating environment hook '/home/matejko/SLAM_AI/build/ai_slam_ai/share/ai_slam_ai/hook/pythonpath_develop.ps1'
[1.763s] DEBUG:colcon.colcon_core.event_handler.log_command:Invoked command in '/home/matejko/SLAM_AI/build/ai_slam_ai' returned '0': PS1=(.venv) \[\e]0;\u@\h: \w\a\]${debian_chroot:+($debian_chroot)}\[\033[01;32m\]\u@\h\[\033[00m\]:\[\033[01;34m\]\w\[\033[00m\]\$ PYTHONPATH=/home/matejko/SLAM_AI/build/ai_slam_ai/prefix_override:/usr/lib/python3/dist-packages/colcon_core/task/python/colcon_distutils_commands:/home/matejko/SLAM_AI/install/ai_slam_ai/lib/python3.12/site-packages:${PYTHONPATH} VIRTUAL_ENV_PROMPT=(.venv) /usr/bin/python3 -W ignore:setup.py install is deprecated -W ignore:easy_install command is deprecated setup.py develop --editable --build-directory /home/matejko/SLAM_AI/build/ai_slam_ai/build --no-deps symlink_data
[1.764s] INFO:colcon.colcon_core.shell:Creating environment descriptor '/home/matejko/SLAM_AI/build/ai_slam_ai/share/ai_slam_ai/hook/pythonpath_develop.dsv'
[1.764s] INFO:colcon.colcon_core.shell:Creating environment hook '/home/matejko/SLAM_AI/build/ai_slam_ai/share/ai_slam_ai/hook/pythonpath_develop.sh'
[1.768s] Level 1:colcon.colcon_core.environment:checking '/home/matejko/SLAM_AI/install/ai_slam_ai' for CMake module files
[1.769s] Level 1:colcon.colcon_core.environment:checking '/home/matejko/SLAM_AI/install/ai_slam_ai' for CMake config files
[1.769s] Level 1:colcon.colcon_core.environment:checking '/home/matejko/SLAM_AI/install/ai_slam_ai/lib'
[1.769s] Level 1:colcon.colcon_core.environment:checking '/home/matejko/SLAM_AI/install/ai_slam_ai/bin'
[1.769s] Level 1:colcon.colcon_core.environment:checking '/home/matejko/SLAM_AI/install/ai_slam_ai/lib/pkgconfig/ai_slam_ai.pc'
[1.769s] Level 1:colcon.colcon_core.environment:checking '/home/matejko/SLAM_AI/install/ai_slam_ai/lib/python3.12/site-packages'
[1.769s] Level 1:colcon.colcon_core.shell:create_environment_hook('ai_slam_ai', 'pythonpath')
[1.769s] INFO:colcon.colcon_core.shell:Creating environment hook '/home/matejko/SLAM_AI/install/ai_slam_ai/share/ai_slam_ai/hook/pythonpath.ps1'
[1.770s] INFO:colcon.colcon_core.shell:Creating environment descriptor '/home/matejko/SLAM_AI/install/ai_slam_ai/share/ai_slam_ai/hook/pythonpath.dsv'
[1.770s] INFO:colcon.colcon_core.shell:Creating environment hook '/home/matejko/SLAM_AI/install/ai_slam_ai/share/ai_slam_ai/hook/pythonpath.sh'
[1.770s] Level 1:colcon.colcon_core.environment:checking '/home/matejko/SLAM_AI/install/ai_slam_ai/bin'
[1.770s] Level 1:colcon.colcon_core.environment:create_environment_scripts_only(ai_slam_ai)
[1.770s] INFO:colcon.colcon_core.shell:Creating package script '/home/matejko/SLAM_AI/install/ai_slam_ai/share/ai_slam_ai/package.ps1'
[1.771s] INFO:colcon.colcon_core.shell:Creating package descriptor '/home/matejko/SLAM_AI/install/ai_slam_ai/share/ai_slam_ai/package.dsv'
[1.771s] INFO:colcon.colcon_core.shell:Creating package script '/home/matejko/SLAM_AI/install/ai_slam_ai/share/ai_slam_ai/package.sh'
[1.772s] INFO:colcon.colcon_core.shell:Creating package script '/home/matejko/SLAM_AI/install/ai_slam_ai/share/ai_slam_ai/package.bash'
[1.772s] INFO:colcon.colcon_core.shell:Creating package script '/home/matejko/SLAM_AI/install/ai_slam_ai/share/ai_slam_ai/package.zsh'
[1.772s] Level 1:colcon.colcon_core.environment:create_file_with_runtime_dependencies(/home/matejko/SLAM_AI/install/ai_slam_ai/share/colcon-core/packages/ai_slam_ai)
[1.774s] Level 1:colcon.colcon_core.shell:create_environment_hook('ai_slam_description', 'pythonpath_develop')
[1.774s] INFO:colcon.colcon_core.shell:Creating environment hook '/home/matejko/SLAM_AI/build/ai_slam_description/share/ai_slam_description/hook/pythonpath_develop.ps1'
[1.775s] DEBUG:colcon.colcon_core.event_handler.log_command:Invoked command in '/home/matejko/SLAM_AI/build/ai_slam_description' returned '0': PS1=(.venv) \[\e]0;\u@\h: \w\a\]${debian_chroot:+($debian_chroot)}\[\033[01;32m\]\u@\h\[\033[00m\]:\[\033[01;34m\]\w\[\033[00m\]\$ PYTHONPATH=/home/matejko/SLAM_AI/build/ai_slam_description/prefix_override:/usr/lib/python3/dist-packages/colcon_core/task/python/colcon_distutils_commands:/home/matejko/SLAM_AI/install/ai_slam_description/lib/python3.12/site-packages:${PYTHONPATH} VIRTUAL_ENV_PROMPT=(.venv) /usr/bin/python3 -W ignore:setup.py install is deprecated -W ignore:easy_install command is deprecated setup.py develop --editable --build-directory /home/matejko/SLAM_AI/build/ai_slam_description/build --no-deps symlink_data
[1.775s] INFO:colcon.colcon_core.shell:Creating environment descriptor '/home/matejko/SLAM_AI/build/ai_slam_description/share/ai_slam_description/hook/pythonpath_develop.dsv'
[1.775s] INFO:colcon.colcon_core.shell:Creating environment hook '/home/matejko/SLAM_AI/build/ai_slam_description/share/ai_slam_description/hook/pythonpath_develop.sh'
[1.776s] Level 1:colcon.colcon_core.environment:checking '/home/matejko/SLAM_AI/install/ai_slam_description' for CMake module files
[1.776s] Level 1:colcon.colcon_core.environment:checking '/home/matejko/SLAM_AI/install/ai_slam_description' for CMake config files
[1.776s] Level 1:colcon.colcon_core.environment:checking '/home/matejko/SLAM_AI/install/ai_slam_description/lib'
[1.776s] Level 1:colcon.colcon_core.environment:checking '/home/matejko/SLAM_AI/install/ai_slam_description/bin'
[1.776s] Level 1:colcon.colcon_core.environment:checking '/home/matejko/SLAM_AI/install/ai_slam_description/lib/pkgconfig/ai_slam_description.pc'
[1.776s] Level 1:colcon.colcon_core.environment:checking '/home/matejko/SLAM_AI/install/ai_slam_description/lib/python3.12/site-packages'
[1.776s] Level 1:colcon.colcon_core.shell:create_environment_hook('ai_slam_description', 'pythonpath')
[1.776s] INFO:colcon.colcon_core.shell:Creating environment hook '/home/matejko/SLAM_AI/install/ai_slam_description/share/ai_slam_description/hook/pythonpath.ps1'
[1.777s] INFO:colcon.colcon_core.shell:Creating environment descriptor '/home/matejko/SLAM_AI/install/ai_slam_description/share/ai_slam_description/hook/pythonpath.dsv'
[1.777s] INFO:colcon.colcon_core.shell:Creating environment hook '/home/matejko/SLAM_AI/install/ai_slam_description/share/ai_slam_description/hook/pythonpath.sh'
[1.777s] Level 1:colcon.colcon_core.environment:checking '/home/matejko/SLAM_AI/install/ai_slam_description/bin'
[1.777s] Level 1:colcon.colcon_core.environment:create_environment_scripts_only(ai_slam_description)
[1.777s] INFO:colcon.colcon_core.shell:Creating package script '/home/matejko/SLAM_AI/install/ai_slam_description/share/ai_slam_description/package.ps1'
[1.777s] INFO:colcon.colcon_core.shell:Creating package descriptor '/home/matejko/SLAM_AI/install/ai_slam_description/share/ai_slam_description/package.dsv'
[1.778s] INFO:colcon.colcon_core.shell:Creating package script '/home/matejko/SLAM_AI/install/ai_slam_description/share/ai_slam_description/package.sh'
[1.778s] INFO:colcon.colcon_core.shell:Creating package script '/home/matejko/SLAM_AI/install/ai_slam_description/share/ai_slam_description/package.bash'
[1.778s] INFO:colcon.colcon_core.shell:Creating package script '/home/matejko/SLAM_AI/install/ai_slam_description/share/ai_slam_description/package.zsh'
[1.778s] Level 1:colcon.colcon_core.environment:create_file_with_runtime_dependencies(/home/matejko/SLAM_AI/install/ai_slam_description/share/colcon-core/packages/ai_slam_description)
[1.778s] Level 1:colcon.colcon_core.shell:create_environment_hook('ai_slam_eval', 'pythonpath_develop')
[1.778s] INFO:colcon.colcon_core.shell:Creating environment hook '/home/matejko/SLAM_AI/build/ai_slam_eval/share/ai_slam_eval/hook/pythonpath_develop.ps1'
[1.779s] DEBUG:colcon.colcon_core.event_handler.log_command:Invoked command in '/home/matejko/SLAM_AI/build/ai_slam_eval' returned '0': PS1=(.venv) \[\e]0;\u@\h: \w\a\]${debian_chroot:+($debian_chroot)}\[\033[01;32m\]\u@\h\[\033[00m\]:\[\033[01;34m\]\w\[\033[00m\]\$ PYTHONPATH=/home/matejko/SLAM_AI/build/ai_slam_eval/prefix_override:/usr/lib/python3/dist-packages/colcon_core/task/python/colcon_distutils_commands:/home/matejko/SLAM_AI/install/ai_slam_eval/lib/python3.12/site-packages:${PYTHONPATH} VIRTUAL_ENV_PROMPT=(.venv) /usr/bin/python3 -W ignore:setup.py install is deprecated -W ignore:easy_install command is deprecated setup.py develop --editable --build-directory /home/matejko/SLAM_AI/build/ai_slam_eval/build --no-deps symlink_data
[1.779s] INFO:colcon.colcon_core.shell:Creating environment descriptor '/home/matejko/SLAM_AI/build/ai_slam_eval/share/ai_slam_eval/hook/pythonpath_develop.dsv'
[1.780s] INFO:colcon.colcon_core.shell:Creating environment hook '/home/matejko/SLAM_AI/build/ai_slam_eval/share/ai_slam_eval/hook/pythonpath_develop.sh'
[1.780s] Level 1:colcon.colcon_core.environment:checking '/home/matejko/SLAM_AI/install/ai_slam_eval' for CMake module files
[1.780s] Level 1:colcon.colcon_core.environment:checking '/home/matejko/SLAM_AI/install/ai_slam_eval' for CMake config files
[1.780s] Level 1:colcon.colcon_core.environment:checking '/home/matejko/SLAM_AI/install/ai_slam_eval/lib'
[1.780s] Level 1:colcon.colcon_core.environment:checking '/home/matejko/SLAM_AI/install/ai_slam_eval/bin'
[1.780s] Level 1:colcon.colcon_core.environment:checking '/home/matejko/SLAM_AI/install/ai_slam_eval/lib/pkgconfig/ai_slam_eval.pc'
[1.780s] Level 1:colcon.colcon_core.environment:checking '/home/matejko/SLAM_AI/install/ai_slam_eval/lib/python3.12/site-packages'
[1.780s] Level 1:colcon.colcon_core.shell:create_environment_hook('ai_slam_eval', 'pythonpath')
[1.781s] INFO:colcon.colcon_core.shell:Creating environment hook '/home/matejko/SLAM_AI/install/ai_slam_eval/share/ai_slam_eval/hook/pythonpath.ps1'
[1.781s] INFO:colcon.colcon_core.shell:Creating environment descriptor '/home/matejko/SLAM_AI/install/ai_slam_eval/share/ai_slam_eval/hook/pythonpath.dsv'
[1.781s] INFO:colcon.colcon_core.shell:Creating environment hook '/home/matejko/SLAM_AI/install/ai_slam_eval/share/ai_slam_eval/hook/pythonpath.sh'
[1.781s] Level 1:colcon.colcon_core.environment:checking '/home/matejko/SLAM_AI/install/ai_slam_eval/bin'
[1.781s] Level 1:colcon.colcon_core.environment:create_environment_scripts_only(ai_slam_eval)
[1.781s] INFO:colcon.colcon_core.shell:Creating package script '/home/matejko/SLAM_AI/install/ai_slam_eval/share/ai_slam_eval/package.ps1'
[1.782s] INFO:colcon.colcon_core.shell:Creating package descriptor '/home/matejko/SLAM_AI/install/ai_slam_eval/share/ai_slam_eval/package.dsv'
[1.782s] INFO:colcon.colcon_core.shell:Creating package script '/home/matejko/SLAM_AI/install/ai_slam_eval/share/ai_slam_eval/package.sh'
[1.782s] INFO:colcon.colcon_core.shell:Creating package script '/home/matejko/SLAM_AI/install/ai_slam_eval/share/ai_slam_eval/package.bash'
[1.782s] INFO:colcon.colcon_core.shell:Creating package script '/home/matejko/SLAM_AI/install/ai_slam_eval/share/ai_slam_eval/package.zsh'
[1.782s] Level 1:colcon.colcon_core.environment:create_file_with_runtime_dependencies(/home/matejko/SLAM_AI/install/ai_slam_eval/share/colcon-core/packages/ai_slam_eval)
[1.782s] Level 1:colcon.colcon_core.shell:create_environment_hook('ai_slam_gazebo', 'pythonpath_develop')
[1.783s] INFO:colcon.colcon_core.shell:Creating environment hook '/home/matejko/SLAM_AI/build/ai_slam_gazebo/share/ai_slam_gazebo/hook/pythonpath_develop.ps1'
[1.783s] DEBUG:colcon.colcon_core.event_handler.log_command:Invoked command in '/home/matejko/SLAM_AI/build/ai_slam_gazebo' returned '0': PS1=(.venv) \[\e]0;\u@\h: \w\a\]${debian_chroot:+($debian_chroot)}\[\033[01;32m\]\u@\h\[\033[00m\]:\[\033[01;34m\]\w\[\033[00m\]\$ PYTHONPATH=/home/matejko/SLAM_AI/build/ai_slam_gazebo/prefix_override:/usr/lib/python3/dist-packages/colcon_core/task/python/colcon_distutils_commands:/home/matejko/SLAM_AI/install/ai_slam_gazebo/lib/python3.12/site-packages:${PYTHONPATH} VIRTUAL_ENV_PROMPT=(.venv) /usr/bin/python3 -W ignore:setup.py install is deprecated -W ignore:easy_install command is deprecated setup.py develop --editable --build-directory /home/matejko/SLAM_AI/build/ai_slam_gazebo/build --no-deps symlink_data
[1.783s] INFO:colcon.colcon_core.shell:Creating environment descriptor '/home/matejko/SLAM_AI/build/ai_slam_gazebo/share/ai_slam_gazebo/hook/pythonpath_develop.dsv'
[1.784s] INFO:colcon.colcon_core.shell:Creating environment hook '/home/matejko/SLAM_AI/build/ai_slam_gazebo/share/ai_slam_gazebo/hook/pythonpath_develop.sh'
[1.784s] Level 1:colcon.colcon_core.environment:checking '/home/matejko/SLAM_AI/install/ai_slam_gazebo' for CMake module files
[1.784s] Level 1:colcon.colcon_core.environment:checking '/home/matejko/SLAM_AI/install/ai_slam_gazebo' for CMake config files
[1.784s] Level 1:colcon.colcon_core.environment:checking '/home/matejko/SLAM_AI/install/ai_slam_gazebo/lib'
[1.784s] Level 1:colcon.colcon_core.environment:checking '/home/matejko/SLAM_AI/install/ai_slam_gazebo/bin'
[1.784s] Level 1:colcon.colcon_core.environment:checking '/home/matejko/SLAM_AI/install/ai_slam_gazebo/lib/pkgconfig/ai_slam_gazebo.pc'
[1.784s] Level 1:colcon.colcon_core.environment:checking '/home/matejko/SLAM_AI/install/ai_slam_gazebo/lib/python3.12/site-packages'
[1.784s] Level 1:colcon.colcon_core.shell:create_environment_hook('ai_slam_gazebo', 'pythonpath')
[1.785s] INFO:colcon.colcon_core.shell:Creating environment hook '/home/matejko/SLAM_AI/install/ai_slam_gazebo/share/ai_slam_gazebo/hook/pythonpath.ps1'
[1.785s] INFO:colcon.colcon_core.shell:Creating environment descriptor '/home/matejko/SLAM_AI/install/ai_slam_gazebo/share/ai_slam_gazebo/hook/pythonpath.dsv'
[1.785s] INFO:colcon.colcon_core.shell:Creating environment hook '/home/matejko/SLAM_AI/install/ai_slam_gazebo/share/ai_slam_gazebo/hook/pythonpath.sh'
[1.785s] Level 1:colcon.colcon_core.environment:checking '/home/matejko/SLAM_AI/install/ai_slam_gazebo/bin'
[1.785s] Level 1:colcon.colcon_core.environment:create_environment_scripts_only(ai_slam_gazebo)
[1.785s] INFO:colcon.colcon_core.shell:Creating package script '/home/matejko/SLAM_AI/install/ai_slam_gazebo/share/ai_slam_gazebo/package.ps1'
[1.786s] INFO:colcon.colcon_core.shell:Creating package descriptor '/home/matejko/SLAM_AI/install/ai_slam_gazebo/share/ai_slam_gazebo/package.dsv'
[1.786s] INFO:colcon.colcon_core.shell:Creating package script '/home/matejko/SLAM_AI/install/ai_slam_gazebo/share/ai_slam_gazebo/package.sh'
[1.786s] INFO:colcon.colcon_core.shell:Creating package script '/home/matejko/SLAM_AI/install/ai_slam_gazebo/share/ai_slam_gazebo/package.bash'
[1.786s] INFO:colcon.colcon_core.shell:Creating package script '/home/matejko/SLAM_AI/install/ai_slam_gazebo/share/ai_slam_gazebo/package.zsh'
[1.786s] Level 1:colcon.colcon_core.environment:create_file_with_runtime_dependencies(/home/matejko/SLAM_AI/install/ai_slam_gazebo/share/colcon-core/packages/ai_slam_gazebo)
[1.787s] INFO:colcon.colcon_ros.task.ament_python.build:Building ROS package in '/home/matejko/SLAM_AI/ai_slam_ws/src/ai_slam_bringup' with build type 'ament_python'
[1.787s] Level 1:colcon.colcon_core.shell:create_environment_hook('ai_slam_bringup', 'ament_prefix_path')
[1.787s] INFO:colcon.colcon_core.shell:Creating environment hook '/home/matejko/SLAM_AI/install/ai_slam_bringup/share/ai_slam_bringup/hook/ament_prefix_path.ps1'
[1.788s] INFO:colcon.colcon_core.shell:Creating environment descriptor '/home/matejko/SLAM_AI/install/ai_slam_bringup/share/ai_slam_bringup/hook/ament_prefix_path.dsv'
[1.788s] INFO:colcon.colcon_core.shell:Creating environment hook '/home/matejko/SLAM_AI/install/ai_slam_bringup/share/ai_slam_bringup/hook/ament_prefix_path.sh'
[1.788s] INFO:colcon.colcon_core.shell:Skip shell extension 'powershell' for command environment: Not usable outside of PowerShell
[1.788s] DEBUG:colcon.colcon_core.shell:Skip shell extension 'dsv' for command environment
[1.859s] INFO:colcon.colcon_core.task.python.build:Building Python package in '/home/matejko/SLAM_AI/ai_slam_ws/src/ai_slam_bringup'
[1.859s] INFO:colcon.colcon_core.shell:Skip shell extension 'powershell' for command environment: Not usable outside of PowerShell
[1.859s] DEBUG:colcon.colcon_core.shell:Skip shell extension 'dsv' for command environment
[3.158s] DEBUG:colcon.colcon_core.event_handler.log_command:Invoking command in '/home/matejko/SLAM_AI/build/ai_slam_bringup': AMENT_PREFIX_PATH=/home/matejko/SLAM_AI/install/ai_slam_gazebo:/home/matejko/SLAM_AI/install/ai_slam_eval:/home/matejko/SLAM_AI/install/ai_slam_description:/home/matejko/SLAM_AI/install/ai_slam_ai:${AMENT_PREFIX_PATH} PS1=(.venv) \[\e]0;\u@\h: \w\a\]${debian_chroot:+($debian_chroot)}\[\033[01;32m\]\u@\h\[\033[00m\]:\[\033[01;34m\]\w\[\033[00m\]\$ PYTHONPATH=/home/matejko/SLAM_AI/build/ai_slam_bringup/prefix_override:/usr/lib/python3/dist-packages/colcon_core/task/python/colcon_distutils_commands:/home/matejko/SLAM_AI/install/ai_slam_bringup/lib/python3.12/site-packages:/home/matejko/SLAM_AI/build/ai_slam_gazebo:/home/matejko/SLAM_AI/install/ai_slam_gazebo/lib/python3.12/site-packages:/home/matejko/SLAM_AI/build/ai_slam_eval:/home/matejko/SLAM_AI/install/ai_slam_eval/lib/python3.12/site-packages:/home/matejko/SLAM_AI/build/ai_slam_description:/home/matejko/SLAM_AI/install/ai_slam_description/lib/python3.12/site-packages:/home/matejko/SLAM_AI/build/ai_slam_ai:/home/matejko/SLAM_AI/install/ai_slam_ai/lib/python3.12/site-packages:${PYTHONPATH} VIRTUAL_ENV_PROMPT=(.venv) /usr/bin/python3 -W ignore:setup.py install is deprecated -W ignore:easy_install command is deprecated setup.py develop --editable --build-directory /home/matejko/SLAM_AI/build/ai_slam_bringup/build --no-deps symlink_data
[3.567s] Level 1:colcon.colcon_core.shell:create_environment_hook('ai_slam_bringup', 'pythonpath_develop')
[3.568s] DEBUG:colcon.colcon_core.event_handler.log_command:Invoked command in '/home/matejko/SLAM_AI/build/ai_slam_bringup' returned '0': AMENT_PREFIX_PATH=/home/matejko/SLAM_AI/install/ai_slam_gazebo:/home/matejko/SLAM_AI/install/ai_slam_eval:/home/matejko/SLAM_AI/install/ai_slam_description:/home/matejko/SLAM_AI/install/ai_slam_ai:${AMENT_PREFIX_PATH} PS1=(.venv) \[\e]0;\u@\h: \w\a\]${debian_chroot:+($debian_chroot)}\[\033[01;32m\]\u@\h\[\033[00m\]:\[\033[01;34m\]\w\[\033[00m\]\$ PYTHONPATH=/home/matejko/SLAM_AI/build/ai_slam_bringup/prefix_override:/usr/lib/python3/dist-packages/colcon_core/task/python/colcon_distutils_commands:/home/matejko/SLAM_AI/install/ai_slam_bringup/lib/python3.12/site-packages:/home/matejko/SLAM_AI/build/ai_slam_gazebo:/home/matejko/SLAM_AI/install/ai_slam_gazebo/lib/python3.12/site-packages:/home/matejko/SLAM_AI/build/ai_slam_eval:/home/matejko/SLAM_AI/install/ai_slam_eval/lib/python3.12/site-packages:/home/matejko/SLAM_AI/build/ai_slam_description:/home/matejko/SLAM_AI/install/ai_slam_description/lib/python3.12/site-packages:/home/matejko/SLAM_AI/build/ai_slam_ai:/home/matejko/SLAM_AI/install/ai_slam_ai/lib/python3.12/site-packages:${PYTHONPATH} VIRTUAL_ENV_PROMPT=(.venv) /usr/bin/python3 -W ignore:setup.py install is deprecated -W ignore:easy_install command is deprecated setup.py develop --editable --build-directory /home/matejko/SLAM_AI/build/ai_slam_bringup/build --no-deps symlink_data
[3.568s] INFO:colcon.colcon_core.shell:Creating environment hook '/home/matejko/SLAM_AI/build/ai_slam_bringup/share/ai_slam_bringup/hook/pythonpath_develop.ps1'
[3.569s] INFO:colcon.colcon_core.shell:Creating environment descriptor '/home/matejko/SLAM_AI/build/ai_slam_bringup/share/ai_slam_bringup/hook/pythonpath_develop.dsv'
[3.569s] INFO:colcon.colcon_core.shell:Creating environment hook '/home/matejko/SLAM_AI/build/ai_slam_bringup/share/ai_slam_bringup/hook/pythonpath_develop.sh'
[3.569s] Level 1:colcon.colcon_core.environment:checking '/home/matejko/SLAM_AI/install/ai_slam_bringup' for CMake module files
[3.569s] Level 1:colcon.colcon_core.environment:checking '/home/matejko/SLAM_AI/install/ai_slam_bringup' for CMake config files
[3.570s] Level 1:colcon.colcon_core.environment:checking '/home/matejko/SLAM_AI/install/ai_slam_bringup/lib'
[3.570s] Level 1:colcon.colcon_core.environment:checking '/home/matejko/SLAM_AI/install/ai_slam_bringup/bin'
[3.570s] Level 1:colcon.colcon_core.environment:checking '/home/matejko/SLAM_AI/install/ai_slam_bringup/lib/pkgconfig/ai_slam_bringup.pc'
[3.570s] Level 1:colcon.colcon_core.environment:checking '/home/matejko/SLAM_AI/install/ai_slam_bringup/lib/python3.12/site-packages'
[3.570s] Level 1:colcon.colcon_core.shell:create_environment_hook('ai_slam_bringup', 'pythonpath')
[3.570s] INFO:colcon.colcon_core.shell:Creating environment hook '/home/matejko/SLAM_AI/install/ai_slam_bringup/share/ai_slam_bringup/hook/pythonpath.ps1'
[3.570s] INFO:colcon.colcon_core.shell:Creating environment descriptor '/home/matejko/SLAM_AI/install/ai_slam_bringup/share/ai_slam_bringup/hook/pythonpath.dsv'
[3.571s] INFO:colcon.colcon_core.shell:Creating environment hook '/home/matejko/SLAM_AI/install/ai_slam_bringup/share/ai_slam_bringup/hook/pythonpath.sh'
[3.571s] Level 1:colcon.colcon_core.environment:checking '/home/matejko/SLAM_AI/install/ai_slam_bringup/bin'
[3.571s] Level 1:colcon.colcon_core.environment:create_environment_scripts_only(ai_slam_bringup)
[3.571s] INFO:colcon.colcon_core.shell:Creating package script '/home/matejko/SLAM_AI/install/ai_slam_bringup/share/ai_slam_bringup/package.ps1'
[3.572s] INFO:colcon.colcon_core.shell:Creating package descriptor '/home/matejko/SLAM_AI/install/ai_slam_bringup/share/ai_slam_bringup/package.dsv'
[3.572s] INFO:colcon.colcon_core.shell:Creating package script '/home/matejko/SLAM_AI/install/ai_slam_bringup/share/ai_slam_bringup/package.sh'
[3.572s] INFO:colcon.colcon_core.shell:Creating package script '/home/matejko/SLAM_AI/install/ai_slam_bringup/share/ai_slam_bringup/package.bash'
[3.572s] INFO:colcon.colcon_core.shell:Creating package script '/home/matejko/SLAM_AI/install/ai_slam_bringup/share/ai_slam_bringup/package.zsh'
[3.572s] Level 1:colcon.colcon_core.environment:create_file_with_runtime_dependencies(/home/matejko/SLAM_AI/install/ai_slam_bringup/share/colcon-core/packages/ai_slam_bringup)
[3.573s] DEBUG:colcon.colcon_parallel_executor.executor.parallel:closing loop
[3.573s] DEBUG:colcon.colcon_parallel_executor.executor.parallel:loop closed
[3.573s] DEBUG:colcon.colcon_parallel_executor.executor.parallel:run_until_complete finished with '0'
[3.573s] DEBUG:colcon.colcon_core.event_reactor:joining thread
[3.582s] INFO:colcon.colcon_core.plugin_system:Skipping extension 'colcon_notification.desktop_notification.terminal_notifier': Not used on non-Darwin systems
[3.582s] INFO:colcon.colcon_core.plugin_system:Skipping extension 'colcon_notification.desktop_notification.win32': Not used on non-Windows systems
[3.582s] INFO:colcon.colcon_notification.desktop_notification:Sending desktop notification using 'notify2'
[3.598s] DEBUG:colcon.colcon_core.event_reactor:joined thread
[3.598s] INFO:colcon.colcon_core.shell:Creating prefix script '/home/matejko/SLAM_AI/install/local_setup.ps1'
[3.599s] INFO:colcon.colcon_core.shell:Creating prefix util module '/home/matejko/SLAM_AI/install/_local_setup_util_ps1.py'
[3.600s] INFO:colcon.colcon_core.shell:Creating prefix chain script '/home/matejko/SLAM_AI/install/setup.ps1'
[3.600s] INFO:colcon.colcon_core.shell:Creating prefix script '/home/matejko/SLAM_AI/install/local_setup.sh'
[3.601s] INFO:colcon.colcon_core.shell:Creating prefix util module '/home/matejko/SLAM_AI/install/_local_setup_util_sh.py'
[3.601s] INFO:colcon.colcon_core.shell:Creating prefix chain script '/home/matejko/SLAM_AI/install/setup.sh'
[3.602s] INFO:colcon.colcon_core.shell:Creating prefix script '/home/matejko/SLAM_AI/install/local_setup.bash'
[3.602s] INFO:colcon.colcon_core.shell:Creating prefix chain script '/home/matejko/SLAM_AI/install/setup.bash'
[3.603s] INFO:colcon.colcon_core.shell:Creating prefix script '/home/matejko/SLAM_AI/install/local_setup.zsh'
[3.603s] INFO:colcon.colcon_core.shell:Creating prefix chain script '/home/matejko/SLAM_AI/install/setup.zsh'
