running develop
running egg_info
creating ai_slam_ai.egg-info
writing ai_slam_ai.egg-info/PKG-INFO
writing dependency_links to ai_slam_ai.egg-info/dependency_links.txt
writing entry points to ai_slam_ai.egg-info/entry_points.txt
writing requirements to ai_slam_ai.egg-info/requires.txt
writing top-level names to ai_slam_ai.egg-info/top_level.txt
writing manifest file 'ai_slam_ai.egg-info/SOURCES.txt'
reading manifest file 'ai_slam_ai.egg-info/SOURCES.txt'
writing manifest file 'ai_slam_ai.egg-info/SOURCES.txt'
running build_ext
Creating /home/matejko/SLAM_AI/install/ai_slam_ai/lib/python3.12/site-packages/ai-slam-ai.egg-link (link to .)
Installing dataset_recorder script to /home/matejko/SLAM_AI/install/ai_slam_ai/lib/ai_slam_ai
Installing infer_node script to /home/matejko/SLAM_AI/install/ai_slam_ai/lib/ai_slam_ai
Installing train_model script to /home/matejko/SLAM_AI/install/ai_slam_ai/lib/ai_slam_ai

Installed /home/matejko/SLAM_AI/build/ai_slam_ai
running symlink_data
creating /home/matejko/SLAM_AI/install/ai_slam_ai/share/ament_index
creating /home/matejko/SLAM_AI/install/ai_slam_ai/share/ament_index/resource_index
creating /home/matejko/SLAM_AI/install/ai_slam_ai/share/ament_index/resource_index/packages
symbolically linking /home/matejko/SLAM_AI/build/ai_slam_ai/resource/ai_slam_ai -> /home/matejko/SLAM_AI/install/ai_slam_ai/share/ament_index/resource_index/packages
symbolically linking /home/matejko/SLAM_AI/build/ai_slam_ai/package.xml -> /home/matejko/SLAM_AI/install/ai_slam_ai/share/ai_slam_ai
