[0.975s] Invoking command in '/home/matejko/SLAM_AI/build/ai_slam_ai': PS1=(.venv) \[\e]0;\u@\h: \w\a\]${debian_chroot:+($debian_chroot)}\[\033[01;32m\]\u@\h\[\033[00m\]:\[\033[01;34m\]\w\[\033[00m\]\$ PYTHONPATH=/home/matejko/SLAM_AI/build/ai_slam_ai/prefix_override:/usr/lib/python3/dist-packages/colcon_core/task/python/colcon_distutils_commands:/home/matejko/SLAM_AI/install/ai_slam_ai/lib/python3.12/site-packages:${PYTHONPATH} VIRTUAL_ENV_PROMPT=(.venv) /usr/bin/python3 -W ignore:setup.py install is deprecated -W ignore:easy_install command is deprecated setup.py develop --editable --build-directory /home/matejko/SLAM_AI/build/ai_slam_ai/build --no-deps symlink_data
[1.171s] running develop
[1.301s] running egg_info
[1.301s] creating ai_slam_ai.egg-info
[1.314s] writing ai_slam_ai.egg-info/PKG-INFO
[1.314s] writing dependency_links to ai_slam_ai.egg-info/dependency_links.txt
[1.314s] writing entry points to ai_slam_ai.egg-info/entry_points.txt
[1.314s] writing requirements to ai_slam_ai.egg-info/requires.txt
[1.315s] writing top-level names to ai_slam_ai.egg-info/top_level.txt
[1.315s] writing manifest file 'ai_slam_ai.egg-info/SOURCES.txt'
[1.340s] reading manifest file 'ai_slam_ai.egg-info/SOURCES.txt'
[1.341s] writing manifest file 'ai_slam_ai.egg-info/SOURCES.txt'
[1.355s] running build_ext
[1.355s] Creating /home/matejko/SLAM_AI/install/ai_slam_ai/lib/python3.12/site-packages/ai-slam-ai.egg-link (link to .)
[1.355s] Installing dataset_recorder script to /home/matejko/SLAM_AI/install/ai_slam_ai/lib/ai_slam_ai
[1.355s] Installing infer_node script to /home/matejko/SLAM_AI/install/ai_slam_ai/lib/ai_slam_ai
[1.355s] Installing train_model script to /home/matejko/SLAM_AI/install/ai_slam_ai/lib/ai_slam_ai
[1.355s] 
[1.356s] Installed /home/matejko/SLAM_AI/build/ai_slam_ai
[1.356s] running symlink_data
[1.356s] creating /home/matejko/SLAM_AI/install/ai_slam_ai/share/ament_index
[1.356s] creating /home/matejko/SLAM_AI/install/ai_slam_ai/share/ament_index/resource_index
[1.356s] creating /home/matejko/SLAM_AI/install/ai_slam_ai/share/ament_index/resource_index/packages
[1.356s] symbolically linking /home/matejko/SLAM_AI/build/ai_slam_ai/resource/ai_slam_ai -> /home/matejko/SLAM_AI/install/ai_slam_ai/share/ament_index/resource_index/packages
[1.356s] symbolically linking /home/matejko/SLAM_AI/build/ai_slam_ai/package.xml -> /home/matejko/SLAM_AI/install/ai_slam_ai/share/ai_slam_ai
[1.379s] Invoked command in '/home/matejko/SLAM_AI/build/ai_slam_ai' returned '0': PS1=(.venv) \[\e]0;\u@\h: \w\a\]${debian_chroot:+($debian_chroot)}\[\033[01;32m\]\u@\h\[\033[00m\]:\[\033[01;34m\]\w\[\033[00m\]\$ PYTHONPATH=/home/matejko/SLAM_AI/build/ai_slam_ai/prefix_override:/usr/lib/python3/dist-packages/colcon_core/task/python/colcon_distutils_commands:/home/matejko/SLAM_AI/install/ai_slam_ai/lib/python3.12/site-packages:${PYTHONPATH} VIRTUAL_ENV_PROMPT=(.venv) /usr/bin/python3 -W ignore:setup.py install is deprecated -W ignore:easy_install command is deprecated setup.py develop --editable --build-directory /home/matejko/SLAM_AI/build/ai_slam_ai/build --no-deps symlink_data
